Log file open, 01/30/18 18:30:31
LogWindows: Failed to load 'aqProf.dll' (GetLastError=126)
LogWindows: File 'aqProf.dll' does not exist
LogWindows: Failed to load 'VSPerf140.dll' (GetLastError=126)
LogWindows: File 'VSPerf140.dll' does not exist
LogWindows: Failed to load 'VtuneApi.dll' (GetLastError=126)
LogWindows: File 'VtuneApi.dll' does not exist
LogWindows: Failed to load 'VtuneApi32e.dll' (GetLastError=126)
LogWindows: File 'VtuneApi32e.dll' does not exist
LogInit: Display: Running engine for game: FPSGame
LogPlatformFile: Not using cached read wrapper
LogInit: Display: RandInit(1958759860) SRandInit(1958759860).
LogInit: Read version file with build ID '3709383'
LogInit: Overriding engine version to CL 3754814, compatible CL 3709383
LogInit: Registered custom module enumerator with build ID '3709383'
LogTaskGraph: Started task graph with 5 named threads and 14 total threads with 3 sets of task threads.
LogStats: Stats thread started at 0.156288
LogD3D11RHI: Aftermath initialized
LogPluginManager: Mounting plugin Paper2D
LogPluginManager: Mounting plugin LightPropagationVolume
LogPluginManager: Mounting plugin CodeLiteSourceCodeAccess
LogPluginManager: Mounting plugin GitSourceControl
LogPluginManager: Mounting plugin KDevelopSourceCodeAccess
LogPluginManager: Mounting plugin NullSourceCodeAccess
LogPluginManager: Mounting plugin PerforceSourceControl
LogPluginManager: Mounting plugin SubversionSourceControl
LogPluginManager: Mounting plugin UObjectPlugin
LogPluginManager: Mounting plugin VisualStudioCodeSourceCodeAccess
LogPluginManager: Mounting plugin VisualStudioSourceCodeAccess
LogPluginManager: Mounting plugin XCodeSourceCodeAccess
LogPluginManager: Mounting plugin AssetManagerEditor
LogPluginManager: Mounting plugin AudioCapture
LogPluginManager: Mounting plugin FacialAnimation
LogPluginManager: Mounting plugin GameplayTagsEditor
LogPluginManager: Mounting plugin MobileLauncherProfileWizard
LogPluginManager: Mounting plugin PluginBrowser
LogPluginManager: Mounting plugin SpeedTreeImporter
LogPluginManager: Mounting plugin AlembicImporter
LogPluginManager: Mounting plugin CharacterAI
LogPluginManager: Mounting plugin HTML5Networking
LogPluginManager: Mounting plugin AndroidMedia
LogPluginManager: Mounting plugin AvfMedia
LogPluginManager: Mounting plugin ImgMedia
LogPluginManager: Mounting plugin MediaCompositing
LogPluginManager: Mounting plugin MediaPlayerEditor
LogPluginManager: Mounting plugin WmfMedia
LogPluginManager: Mounting plugin TcpMessaging
LogPluginManager: Mounting plugin UdpMessaging
LogPluginManager: Mounting plugin ActorSequence
LogPluginManager: Mounting plugin LevelSequenceEditor
LogPluginManager: Mounting plugin MatineeToLevelSequence
LogPluginManager: Mounting plugin OnlineSubsystemGooglePlay
LogPluginManager: Mounting plugin OnlineSubsystemIOS
LogPluginManager: Mounting plugin OnlineSubsystem
LogPluginManager: Mounting plugin OnlineSubsystemNull
LogPluginManager: Mounting plugin OnlineSubsystemUtils
LogPluginManager: Mounting plugin AndroidDeviceProfileSelector
LogPluginManager: Mounting plugin AndroidMoviePlayer
LogPluginManager: Mounting plugin AndroidPermission
LogPluginManager: Mounting plugin AppleARKit
LogPluginManager: Mounting plugin AppleMoviePlayer
LogPluginManager: Mounting plugin ArchVisCharacter
LogPluginManager: Mounting plugin CableComponent
LogPluginManager: Mounting plugin CustomMeshComponent
LogPluginManager: Mounting plugin ExampleDeviceProfileSelector
LogPluginManager: Mounting plugin GoogleCloudMessaging
LogPluginManager: Mounting plugin ImmediatePhysics
LogPluginManager: Mounting plugin IOSDeviceProfileSelector
LogPluginManager: Mounting plugin LinuxDeviceProfileSelector
LogPluginManager: Mounting plugin LocationServicesBPLibrary
LogPluginManager: Mounting plugin MobilePatchingUtils
LogPluginManager: Mounting plugin OculusVR
LogPluginManager: Plugin shader directory ../../../Engine/Plugins/Runtime/Oculus/OculusVR/Shaders found
LogPluginManager: Mapping shader source directory ../../../Engine/Plugins/Runtime/Oculus/OculusVR/Shaders to virtual directory /Plugin/OculusVR
LogPluginManager: Mounting plugin PhysXVehicles
LogPluginManager: Mounting plugin ProceduralMeshComponent
LogPluginManager: Mounting plugin RuntimePhysXCooking
LogPluginManager: Mounting plugin SteamVR
LogPluginManager: Mounting plugin WindowsMoviePlayer
LogModuleManager: Display: Found up-to-date module file ../../../../../../Users/Ashton Summers/Documents/Code/Unreal Engine/Projects/StealthGame/Stealth_Game/Binaries/Win64/UE4Editor-FPSGame-965.dll (API version 3709383).
LogModuleManager: Display: Found up-to-date module file ../../../Engine/Plugins/2D/Paper2D/Binaries/Win64/UE4Editor-Paper2D.dll (API version 3709383).
LogModuleManager: Display: Found up-to-date module file ../../../Engine/Plugins/2D/Paper2D/Binaries/Win64/UE4Editor-Paper2DEditor.dll (API version 3709383).
LogModuleManager: Display: Found up-to-date module file ../../../Engine/Plugins/2D/Paper2D/Binaries/Win64/UE4Editor-PaperSpriteSheetImporter.dll (API version 3709383).
LogModuleManager: Display: Found up-to-date module file ../../../Engine/Plugins/2D/Paper2D/Binaries/Win64/UE4Editor-PaperTiledImporter.dll (API version 3709383).
LogModuleManager: Display: Found up-to-date module file ../../../Engine/Plugins/2D/Paper2D/Binaries/Win64/UE4Editor-SmartSnapping.dll (API version 3709383).
LogModuleManager: Display: Found up-to-date module file ../../../Engine/Plugins/Blendables/LightPropagationVolume/Binaries/Win64/UE4Editor-LightPropagationVolumeRuntime.dll (API version 3709383).
LogModuleManager: Display: Found up-to-date module file ../../../Engine/Plugins/Blendables/LightPropagationVolume/Binaries/Win64/UE4Editor-LightPropagationVolumeEditor.dll (API version 3709383).
LogModuleManager: Display: Found up-to-date module file ../../../Engine/Plugins/Developer/GitSourceControl/Binaries/Win64/UE4Editor-GitSourceControl.dll (API version 3709383).
LogModuleManager: Display: Found up-to-date module file ../../../Engine/Plugins/Developer/PerforceSourceControl/Binaries/Win64/UE4Editor-PerforceSourceControl.dll (API version 3709383).
LogModuleManager: Display: Found up-to-date module file ../../../Engine/Plugins/Developer/SubversionSourceControl/Binaries/Win64/UE4Editor-SubversionSourceControl.dll (API version 3709383).
LogModuleManager: Display: Found up-to-date module file ../../../Engine/Plugins/Developer/UObjectPlugin/Binaries/Win64/UE4Editor-UObjectPlugin.dll (API version 3709383).
LogModuleManager: Display: Found up-to-date module file ../../../Engine/Plugins/Developer/VisualStudioCodeSourceCodeAccess/Binaries/Win64/UE4Editor-VisualStudioCodeSourceCodeAccess.dll (API version 3709383).
LogModuleManager: Display: Found up-to-date module file ../../../Engine/Plugins/Developer/VisualStudioSourceCodeAccess/Binaries/Win64/UE4Editor-VisualStudioSourceCodeAccess.dll (API version 3709383).
LogModuleManager: Display: Found up-to-date module file ../../../Engine/Plugins/Editor/AssetManagerEditor/Binaries/Win64/UE4Editor-AssetManagerEditor.dll (API version 3709383).
LogModuleManager: Display: Found up-to-date module file ../../../Engine/Plugins/Editor/AudioCapture/Binaries/Win64/UE4Editor-AudioCapture.dll (API version 3709383).
LogModuleManager: Display: Found up-to-date module file ../../../Engine/Plugins/Editor/FacialAnimation/Binaries/Win64/UE4Editor-FacialAnimation.dll (API version 3709383).
LogModuleManager: Display: Found up-to-date module file ../../../Engine/Plugins/Editor/FacialAnimation/Binaries/Win64/UE4Editor-FacialAnimationEditor.dll (API version 3709383).
LogModuleManager: Display: Found up-to-date module file ../../../Engine/Plugins/Editor/GameplayTagsEditor/Binaries/Win64/UE4Editor-GameplayTagsEditor.dll (API version 3709383).
LogModuleManager: Display: Found up-to-date module file ../../../Engine/Plugins/Editor/MobileLauncherProfileWizard/Binaries/Win64/UE4Editor-MobileLauncherProfileWizard.dll (API version 3709383).
LogModuleManager: Display: Found up-to-date module file ../../../Engine/Plugins/Editor/PluginBrowser/Binaries/Win64/UE4Editor-PluginBrowser.dll (API version 3709383).
LogModuleManager: Display: Found up-to-date module file ../../../Engine/Plugins/Editor/SpeedTreeImporter/Binaries/Win64/UE4Editor-SpeedTreeImporter.dll (API version 3709383).
LogModuleManager: Display: Found up-to-date module file ../../../Engine/Plugins/Experimental/AlembicImporter/Binaries/Win64/UE4Editor-AlembicImporter.dll (API version 3709383).
LogModuleManager: Display: Found up-to-date module file ../../../Engine/Plugins/Experimental/AlembicImporter/Binaries/Win64/UE4Editor-AlembicLibrary.dll (API version 3709383).
LogModuleManager: Display: Found up-to-date module file ../../../Engine/Plugins/Experimental/CharacterAI/Binaries/Win64/UE4Editor-CharacterAI.dll (API version 3709383).
LogModuleManager: Display: Found up-to-date module file ../../../Engine/Plugins/Experimental/HTML5Networking/Binaries/Win64/UE4Editor-HTML5Networking.dll (API version 3709383).
LogModuleManager: Display: Found up-to-date module file ../../../Engine/Plugins/Media/AndroidMedia/Binaries/Win64/UE4Editor-AndroidMediaEditor.dll (API version 3709383).
LogModuleManager: Display: Found up-to-date module file ../../../Engine/Plugins/Media/AndroidMedia/Binaries/Win64/UE4Editor-AndroidMediaFactory.dll (API version 3709383).
LogModuleManager: Display: Found up-to-date module file ../../../Engine/Plugins/Media/AvfMedia/Binaries/Win64/UE4Editor-AvfMediaEditor.dll (API version 3709383).
LogModuleManager: Display: Found up-to-date module file ../../../Engine/Plugins/Media/AvfMedia/Binaries/Win64/UE4Editor-AvfMediaFactory.dll (API version 3709383).
LogModuleManager: Display: Found up-to-date module file ../../../Engine/Plugins/Media/AvfMedia/Binaries/Win64/UE4Editor-AvfMediaFactory.dll (API version 3709383).
LogModuleManager: Display: Found up-to-date module file ../../../Engine/Plugins/Media/ImgMedia/Binaries/Win64/UE4Editor-ImgMedia.dll (API version 3709383).
LogModuleManager: Display: Found up-to-date module file ../../../Engine/Plugins/Media/ImgMedia/Binaries/Win64/UE4Editor-ImgMediaEditor.dll (API version 3709383).
LogModuleManager: Display: Found up-to-date module file ../../../Engine/Plugins/Media/ImgMedia/Binaries/Win64/UE4Editor-ImgMediaFactory.dll (API version 3709383).
LogModuleManager: Display: Found up-to-date module file ../../../Engine/Plugins/Media/ImgMedia/Binaries/Win64/UE4Editor-ImgMediaFactory.dll (API version 3709383).
LogModuleManager: Display: Found up-to-date module file ../../../Engine/Plugins/Media/ImgMedia/Binaries/Win64/UE4Editor-OpenExrWrapper.dll (API version 3709383).
LogModuleManager: Display: Found up-to-date module file ../../../Engine/Plugins/Media/MediaCompositing/Binaries/Win64/UE4Editor-MediaCompositing.dll (API version 3709383).
LogModuleManager: Display: Found up-to-date module file ../../../Engine/Plugins/Media/MediaCompositing/Binaries/Win64/UE4Editor-MediaCompositingEditor.dll (API version 3709383).
LogModuleManager: Display: Found up-to-date module file ../../../Engine/Plugins/Media/MediaPlayerEditor/Binaries/Win64/UE4Editor-MediaPlayerEditor.dll (API version 3709383).
LogModuleManager: Display: Found up-to-date module file ../../../Engine/Plugins/Media/WmfMedia/Binaries/Win64/UE4Editor-WmfMedia.dll (API version 3709383).
LogModuleManager: Display: Found up-to-date module file ../../../Engine/Plugins/Media/WmfMedia/Binaries/Win64/UE4Editor-WmfMediaEditor.dll (API version 3709383).
LogModuleManager: Display: Found up-to-date module file ../../../Engine/Plugins/Media/WmfMedia/Binaries/Win64/UE4Editor-WmfMediaFactory.dll (API version 3709383).
LogModuleManager: Display: Found up-to-date module file ../../../Engine/Plugins/Media/WmfMedia/Binaries/Win64/UE4Editor-WmfMediaFactory.dll (API version 3709383).
LogModuleManager: Display: Found up-to-date module file ../../../Engine/Plugins/Messaging/TcpMessaging/Binaries/Win64/UE4Editor-TcpMessaging.dll (API version 3709383).
LogModuleManager: Display: Found up-to-date module file ../../../Engine/Plugins/Messaging/UdpMessaging/Binaries/Win64/UE4Editor-UdpMessaging.dll (API version 3709383).
LogModuleManager: Display: Found up-to-date module file ../../../Engine/Plugins/MovieScene/ActorSequence/Binaries/Win64/UE4Editor-ActorSequence.dll (API version 3709383).
LogModuleManager: Display: Found up-to-date module file ../../../Engine/Plugins/MovieScene/LevelSequenceEditor/Binaries/Win64/UE4Editor-LevelSequenceEditor.dll (API version 3709383).
LogModuleManager: Display: Found up-to-date module file ../../../Engine/Plugins/MovieScene/MatineeToLevelSequence/Binaries/Win64/UE4Editor-MatineeToLevelSequence.dll (API version 3709383).
LogModuleManager: Display: Found up-to-date module file ../../../Engine/Plugins/Online/OnlineSubsystem/Binaries/Win64/UE4Editor-OnlineSubsystem.dll (API version 3709383).
LogModuleManager: Display: Found up-to-date module file ../../../Engine/Plugins/Online/OnlineSubsystemNull/Binaries/Win64/UE4Editor-OnlineSubsystemNull.dll (API version 3709383).
LogModuleManager: Display: Found up-to-date module file ../../../Engine/Plugins/Online/OnlineSubsystemUtils/Binaries/Win64/UE4Editor-OnlineSubsystemUtils.dll (API version 3709383).
LogModuleManager: Display: Found up-to-date module file ../../../Engine/Plugins/Online/OnlineSubsystemUtils/Binaries/Win64/UE4Editor-OnlineBlueprintSupport.dll (API version 3709383).
LogModuleManager: Display: Found up-to-date module file ../../../Engine/Plugins/Runtime/AndroidDeviceProfileSelector/Binaries/Win64/UE4Editor-AndroidDeviceProfileSelector.dll (API version 3709383).
LogModuleManager: Display: Found up-to-date module file ../../../Engine/Plugins/Runtime/AndroidPermission/Binaries/Win64/UE4Editor-AndroidPermission.dll (API version 3709383).
LogModuleManager: Display: Found up-to-date module file ../../../Engine/Plugins/Runtime/AppleARKit/Binaries/Win64/UE4Editor-AppleARKit.dll (API version 3709383).
LogModuleManager: Display: Found up-to-date module file ../../../Engine/Plugins/Runtime/ArchVisCharacter/Binaries/Win64/UE4Editor-ArchVisCharacter.dll (API version 3709383).
LogModuleManager: Display: Found up-to-date module file ../../../Engine/Plugins/Runtime/CableComponent/Binaries/Win64/UE4Editor-CableComponent.dll (API version 3709383).
LogModuleManager: Display: Found up-to-date module file ../../../Engine/Plugins/Runtime/CustomMeshComponent/Binaries/Win64/UE4Editor-CustomMeshComponent.dll (API version 3709383).
LogModuleManager: Display: Found up-to-date module file ../../../Engine/Plugins/Runtime/ExampleDeviceProfileSelector/Binaries/Win64/UE4Editor-ExampleDeviceProfileSelector.dll (API version 3709383).
LogModuleManager: Display: Found up-to-date module file ../../../Engine/Plugins/Runtime/ImmediatePhysics/Binaries/Win64/UE4Editor-ImmediatePhysics.dll (API version 3709383).
LogModuleManager: Display: Found up-to-date module file ../../../Engine/Plugins/Runtime/ImmediatePhysics/Binaries/Win64/UE4Editor-ImmediatePhysicsEditor.dll (API version 3709383).
LogModuleManager: Display: Found up-to-date module file ../../../Engine/Plugins/Runtime/LocationServicesBPLibrary/Binaries/Win64/UE4Editor-LocationServicesBPLibrary.dll (API version 3709383).
LogModuleManager: Display: Found up-to-date module file ../../../Engine/Plugins/Runtime/MobilePatchingUtils/Binaries/Win64/UE4Editor-MobilePatchingUtils.dll (API version 3709383).
LogModuleManager: Display: Found up-to-date module file ../../../Engine/Plugins/Runtime/Oculus/OculusVR/Binaries/Win64/UE4Editor-OculusHMD.dll (API version 3709383).
LogModuleManager: Display: Found up-to-date module file ../../../Engine/Plugins/Runtime/Oculus/OculusVR/Binaries/Win64/UE4Editor-OculusInput.dll (API version 3709383).
LogModuleManager: Display: Found up-to-date module file ../../../Engine/Plugins/Runtime/Oculus/OculusVR/Binaries/Win64/UE4Editor-OculusEditor.dll (API version 3709383).
LogModuleManager: Display: Found up-to-date module file ../../../Engine/Plugins/Runtime/PhysXVehicles/Binaries/Win64/UE4Editor-PhysXVehicles.dll (API version 3709383).
LogModuleManager: Display: Found up-to-date module file ../../../Engine/Plugins/Runtime/PhysXVehicles/Binaries/Win64/UE4Editor-PhysXVehiclesEditor.dll (API version 3709383).
LogModuleManager: Display: Found up-to-date module file ../../../Engine/Plugins/Runtime/ProceduralMeshComponent/Binaries/Win64/UE4Editor-ProceduralMeshComponent.dll (API version 3709383).
LogModuleManager: Display: Found up-to-date module file ../../../Engine/Plugins/Runtime/ProceduralMeshComponent/Binaries/Win64/UE4Editor-ProceduralMeshComponentEditor.dll (API version 3709383).
LogModuleManager: Display: Found up-to-date module file ../../../Engine/Plugins/Runtime/RuntimePhysXCooking/Binaries/Win64/UE4Editor-RuntimePhysXCooking.dll (API version 3709383).
LogModuleManager: Display: Found up-to-date module file ../../../Engine/Plugins/Runtime/Steam/SteamVR/Binaries/Win64/UE4Editor-SteamVR.dll (API version 3709383).
LogModuleManager: Display: Found up-to-date module file ../../../Engine/Plugins/Runtime/Steam/SteamVR/Binaries/Win64/UE4Editor-SteamVRController.dll (API version 3709383).
LogModuleManager: Display: Found up-to-date module file ../../../Engine/Plugins/Runtime/WindowsMoviePlayer/Binaries/Win64/UE4Editor-WindowsMoviePlayer.dll (API version 3709383).
LogInit: Using libcurl 7.47.1
LogInit:  - built for x86_64-pc-win32
LogInit:  - supports SSL with OpenSSL/1.0.2g
LogInit:  - supports HTTP deflate (compression) using libz 1.2.8
LogInit:  - other features:
LogInit:      CURL_VERSION_SSL
LogInit:      CURL_VERSION_LIBZ
LogInit:      CURL_VERSION_IPV6
LogInit:      CURL_VERSION_ASYNCHDNS
LogInit:      CURL_VERSION_LARGEFILE
LogInit:      CURL_VERSION_IDN
LogInit:  CurlRequestOptions (configurable via config and command line):
LogInit:  - bVerifyPeer = false  - Libcurl will NOT verify peer certificate
LogInit:  - bUseHttpProxy = false  - Libcurl will NOT use HTTP proxy
LogInit:  - bDontReuseConnections = false  - Libcurl will reuse connections
LogInit:  - CertBundlePath = nullptr  - Libcurl will use whatever was configured at build time.
LogInit: Build: ++UE4+Release-4.18-CL-3754814
LogInit: Engine Version: 4.18.1-3754814+++UE4+Release-4.18
LogInit: Compatible Engine Version: 4.18.0-3709383+++UE4+Release-4.18
LogInit: Net CL: 3709383
LogDevObjectVersion: Number of dev versions registered: 16
LogDevObjectVersion:   Dev-Blueprints (B0D832E4-1F89-4F0D-ACCF-7EB736FD4AA2): 10
LogDevObjectVersion:   Dev-Build (E1C64328-A22C-4D53-A36C-8E866417BD8C): 0
LogDevObjectVersion:   Dev-Core (375EC13C-06E4-48FB-B500-84F0262A717E): 2
LogDevObjectVersion:   Dev-Editor (E4B068ED-F494-42E9-A231-DA0B2E46BB41): 20
LogDevObjectVersion:   Dev-Framework (CFFC743F-43B0-4480-9391-14DF171D2073): 30
LogDevObjectVersion:   Dev-Mobile (B02B49B5-BB20-44E9-A304-32B752E40360): 0
LogDevObjectVersion:   Dev-Networking (A4E4105C-59A1-49B5-A7C5-40C4547EDFEE): 0
LogDevObjectVersion:   Dev-Online (39C831C9-5AE6-47DC-9A44-9C173E1C8E7C): 0
LogDevObjectVersion:   Dev-Physics (78F01B33-EBEA-4F98-B9B4-84EACCB95AA2): 0
LogDevObjectVersion:   Dev-Platform (6631380F-2D4D-43E0-8009-CF276956A95A): 0
LogDevObjectVersion:   Dev-Rendering (12F88B9F-8875-4AFC-A67C-D90C383ABD29): 20
LogDevObjectVersion:   Dev-Sequencer (7B5AE74C-D270-4C10-A958-57980B212A5A): 4
LogDevObjectVersion:   Dev-VR (D7296918-1DD6-4BDD-9DE2-64A83CC13884): 0
LogDevObjectVersion:   Dev-LoadTimes (C2A15278-BFE7-4AFE-6C17-90FF531DF755): 1
LogDevObjectVersion:   Private-Geometry (6EACA3D4-40EC-4CC1-B786-8BED09428FC5): 1
LogDevObjectVersion:   Dev-AnimPhys (29E575DD-E0A3-4627-9D10-D276232CDCEA): 12
LogInit: Compiled (64-bit): Nov 14 2017 02:05:55
LogInit: Compiled with Visual C++: 19.00.24215.01
LogInit: Build Configuration: Development
LogInit: Branch Name: ++UE4+Release-4.18
LogInit: Command line: -EpicPortal 
LogInit: Base directory: C:/Program Files/Epic Games/UE_4.18/Engine/Binaries/Win64/
LogInit: Installed Engine Build: 1
LogInit: Presizing for max 8388607 objects, including 0 objects not considered by GC, pre-allocating 0 bytes for permanent pool.
LogInit: Object subsystem initialized
[2018.01.31-02.30.32:939][  0]LogInit: Selected Device Profile: [Windows]
[2018.01.31-02.30.32:939][  0]LogInit: Applying CVar settings loaded from the selected device profile: [Windows]
[2018.01.31-02.30.32:952][  0]LogInit: Computer: ASUMMERS
[2018.01.31-02.30.32:952][  0]LogInit: User: AshtonSummers
[2018.01.31-02.30.32:952][  0]LogInit: CPU Page size=4096, Cores=4
[2018.01.31-02.30.32:952][  0]LogInit: High frequency timer resolution =3.914066 MHz
[2018.01.31-02.30.32:952][  0]LogMemory: Memory total: Physical=15.9GB (16GB approx)
[2018.01.31-02.30.32:952][  0]LogMemory: Platform Memory Stats for Windows
[2018.01.31-02.30.32:952][  0]LogMemory: Process Physical Memory: 274.46 MB used, 274.46 MB peak
[2018.01.31-02.30.32:952][  0]LogMemory: Process Virtual Memory: 271.80 MB used, 271.80 MB peak
[2018.01.31-02.30.32:952][  0]LogMemory: Physical Memory: 6185.29 MB used,  10134.85 MB free, 16320.14 MB total
[2018.01.31-02.30.32:952][  0]LogMemory: Virtual Memory: 679.93 MB used,  10134.85 MB free, 134217728.00 MB total
[2018.01.31-02.30.33:076][  0]LogInit: Using OS detected language (en-US).
[2018.01.31-02.30.33:076][  0]LogInit: Using OS detected locale (en-US).
[2018.01.31-02.30.33:078][  0]LogTextLocalizationManager: No specific localization for 'en-US' exists, so the 'en' localization will be used.
[2018.01.31-02.30.33:400][  0]LogInit: Setting process to per monitor DPI aware
[2018.01.31-02.30.33:591][  0]LogD3D11RHI: D3D11 adapters:
[2018.01.31-02.30.33:623][  0]LogD3D11RHI:    0. 'NVIDIA GeForce GTX 1070' (Feature Level 11_0)
[2018.01.31-02.30.33:623][  0]LogD3D11RHI:       8088/0/8160 MB DedicatedVideo/DedicatedSystem/SharedSystem, Outputs:1, VendorId:0x10de
[2018.01.31-02.30.33:625][  0]LogD3D11RHI:    1. 'Microsoft Basic Render Driver' (Feature Level 11_0)
[2018.01.31-02.30.33:625][  0]LogD3D11RHI:       0/0/8160 MB DedicatedVideo/DedicatedSystem/SharedSystem, Outputs:0, VendorId:0x1414
[2018.01.31-02.30.33:625][  0]LogD3D11RHI: Chosen D3D11 Adapter: 0
[2018.01.31-02.30.33:632][  0]LogD3D11RHI: Creating new Direct3DDevice
[2018.01.31-02.30.33:632][  0]LogD3D11RHI:     GPU DeviceId: 0x1b81 (for the marketing name, search the web for "GPU Device Id")
[2018.01.31-02.30.33:632][  0]LogWindows: EnumDisplayDevices:
[2018.01.31-02.30.33:632][  0]LogWindows:    0. 'NVIDIA GeForce GTX 1070' (P:1 D:1)
[2018.01.31-02.30.33:632][  0]LogWindows:    1. 'NVIDIA GeForce GTX 1070' (P:0 D:0)
[2018.01.31-02.30.33:632][  0]LogWindows:    2. 'NVIDIA GeForce GTX 1070' (P:0 D:0)
[2018.01.31-02.30.33:632][  0]LogWindows:    3. 'NVIDIA GeForce GTX 1070' (P:0 D:0)
[2018.01.31-02.30.33:632][  0]LogWindows: DebugString: GetVideoDriverDetailsInvalid PrimaryIsNotTheChoosenAdapter GetVideoDriverDetailsInvalid PrimaryIsNotTheChoosenAdapter GetVideoDriverDetailsInvalid PrimaryIsNotTheChoosenAdapter GetVideoDriverDetailsInvalid PrimaryIsNotTheChoosenAdapter FoundDriverCount:0 
[2018.01.31-02.30.33:632][  0]LogD3D11RHI:     Adapter Name: NVIDIA GeForce GTX 1070
[2018.01.31-02.30.33:632][  0]LogD3D11RHI:   Driver Version: Unknown (internal:Unknown, unified:Unknown)
[2018.01.31-02.30.33:632][  0]LogD3D11RHI:      Driver Date: Unknown
[2018.01.31-02.30.33:632][  0]LogRHI: Texture pool is 5661 MB (70% of 8088 MB)
[2018.01.31-02.30.33:651][  0]LogD3D11RHI: Async texture creation enabled
[2018.01.31-02.30.33:700][  0]LogD3D11RHI: GPU Timing Frequency: 1000.000000 (Debug: 2 2)
[2018.01.31-02.30.33:742][  0]LogShaderCompilers: Guid format shader working directory is -47 characters bigger than the processId version (../../../../../../Users/Ashton Summers/Documents/Code/Unreal Engine/Projects/StealthGame/Stealth_Game/Intermediate/Shaders/WorkingDirectory/16168/).
[2018.01.31-02.30.33:742][  0]LogShaderCompilers: Cleaned the shader compiler working directory 'C:/Users/Ashton Summers/AppData/Local/Temp/UnrealShaderWorkingDir/EAAF85894DB562238DDE9FACB1CA2826/'.
[2018.01.31-02.30.33:742][  0]LogShaderCompilers: Display: Using Local Shader Compiler.
[2018.01.31-02.30.34:446][  0]LogTemp: Display: Loaded TP AllDesktopTargetPlatform
[2018.01.31-02.30.34:484][  0]LogTemp: Display: Loaded TP MacClientTargetPlatform
[2018.01.31-02.30.34:520][  0]LogTemp: Display: Loaded TP MacNoEditorTargetPlatform
[2018.01.31-02.30.34:562][  0]LogTemp: Display: Loaded TP MacServerTargetPlatform
[2018.01.31-02.30.34:605][  0]LogTemp: Display: Loaded TP MacTargetPlatform
[2018.01.31-02.30.34:646][  0]LogTemp: Display: Loaded TP WindowsClientTargetPlatform
[2018.01.31-02.30.34:689][  0]LogTemp: Display: Loaded TP WindowsNoEditorTargetPlatform
[2018.01.31-02.30.34:727][  0]LogTemp: Display: Loaded TP WindowsServerTargetPlatform
[2018.01.31-02.30.34:763][  0]LogTemp: Display: Loaded TP WindowsTargetPlatform
[2018.01.31-02.30.34:804][  0]LogTemp: Display: Loaded TP Android_ASTCTargetPlatform
[2018.01.31-02.30.34:842][  0]LogTemp: Display: Loaded TP Android_ATCTargetPlatform
[2018.01.31-02.30.34:881][  0]LogTemp: Display: Loaded TP Android_DXTTargetPlatform
[2018.01.31-02.30.34:918][  0]LogTemp: Display: Loaded TP Android_ETC1TargetPlatform
[2018.01.31-02.30.34:957][  0]LogTemp: Display: Loaded TP Android_ETC2TargetPlatform
[2018.01.31-02.30.35:034][  0]LogTemp: Display: Loaded TP Android_MultiTargetPlatform
[2018.01.31-02.30.35:034][  0]LogTemp: Display: Loaded TP Android_PVRTCTargetPlatform
[2018.01.31-02.30.35:074][  0]LogTemp: Display: Loaded TP AndroidTargetPlatform
[2018.01.31-02.30.35:104][  0]LogTemp: Display: Loaded TP HTML5TargetPlatform
[2018.01.31-02.30.35:175][  0]LogTemp: Display: Loaded TP IOSTargetPlatform
[2018.01.31-02.30.35:197][  0]LogTemp: Display: Loaded TP TVOSTargetPlatform
[2018.01.31-02.30.35:235][  0]LogTemp: Display: Loaded TP LinuxClientTargetPlatform
[2018.01.31-02.30.35:272][  0]LogTemp: Display: Loaded TP LinuxNoEditorTargetPlatform
[2018.01.31-02.30.35:309][  0]LogTemp: Display: Loaded TP LinuxServerTargetPlatform
[2018.01.31-02.30.35:350][  0]LogTemp: Display: Loaded TP LinuxTargetPlatform
[2018.01.31-02.30.35:350][  0]LogTargetPlatformManager: Display: Building Assets For Windows
[2018.01.31-02.30.35:681][  0]LogDerivedDataCache: Display: Max Cache Size: 512 MB
[2018.01.31-02.30.35:734][  0]LogDerivedDataCache: Loaded boot cache 0.05s 79MB C:/Users/Ashton Summers/AppData/Local/UnrealEngine/4.18/DerivedDataCache/Boot.ddc.
[2018.01.31-02.30.35:734][  0]LogDerivedDataCache: Display: Loaded Boot cache: C:/Users/Ashton Summers/AppData/Local/UnrealEngine/4.18/DerivedDataCache/Boot.ddc
[2018.01.31-02.30.35:734][  0]LogDerivedDataCache: FDerivedDataBackendGraph:  Pak pak cache file ../../../../../../Users/Ashton Summers/Documents/Code/Unreal Engine/Projects/StealthGame/Stealth_Game/DerivedDataCache/DDC.ddp not found, will not use a pak cache.
[2018.01.31-02.30.35:734][  0]LogDerivedDataCache: Unable to find inner node Pak for hierarchical cache Hierarchy.
[2018.01.31-02.30.35:734][  0]LogDerivedDataCache: FDerivedDataBackendGraph:  CompressedPak pak cache file ../../../../../../Users/Ashton Summers/Documents/Code/Unreal Engine/Projects/StealthGame/Stealth_Game/DerivedDataCache/Compressed.ddp not found, will not use a pak cache.
[2018.01.31-02.30.35:734][  0]LogDerivedDataCache: Unable to find inner node CompressedPak for hierarchical cache Hierarchy.
[2018.01.31-02.30.35:749][  0]LogDerivedDataCache: Display: Pak cache opened for reading ../../../Engine/DerivedDataCache/Compressed.ddp.
[2018.01.31-02.30.35:760][  0]LogDerivedDataCache: Using Local data cache path C:/Users/Ashton Summers/AppData/Local/UnrealEngine/Common/DerivedDataCache: Writable
[2018.01.31-02.30.35:769][  0]LogMaterial: Verifying Global Shaders for PCD3D_SM5
[2018.01.31-02.30.35:769][  0]LogSlate: Using Freetype 2.6.0
[2018.01.31-02.30.35:769][  0]LogSlate: SlateFontCache - WITH_FREETYPE: 1, WITH_HARFBUZZ: 1
[2018.01.31-02.30.35:769][  0]LogSlate: SlateFontCache - WITH_FREETYPE: 1, WITH_HARFBUZZ: 1
[2018.01.31-02.30.36:031][  0]LogInit: Selected Device Profile: [Windows]
[2018.01.31-02.30.36:266][  0]LogSimplygon: Simplygon DLL not present - disabling.
[2018.01.31-02.30.36:295][  0]LogMeshReduction: Using SimplygonSwarm for distributed automatic mesh merging
[2018.01.31-02.30.36:295][  0]LogMeshReduction: Using QuadricMeshReduction for automatic static mesh reduction
[2018.01.31-02.30.36:295][  0]LogMeshReduction: No automatic skeletal mesh reduction module available
[2018.01.31-02.30.36:295][  0]LogMeshReduction: No automatic mesh merging module available
[2018.01.31-02.30.36:295][  0]LogMeshMerging: No automatic mesh merging module available
[2018.01.31-02.30.36:313][  0]LogNetVersion: FPSGame , NetCL: 3709383, EngineNetVer: 2, GameNetVer: 0 (Checksum: 875609505)
[2018.01.31-02.30.36:431][  0]LogAssetRegistry: FAssetRegistry took 0.0245 seconds to start up
[2018.01.31-02.30.36:794][  0]LogPackageLocalizationCache: Processed 7 localized package path(s) for 2 prioritized culture(s) in 0.062486 seconds
[2018.01.31-02.30.36:798][  0]LogUObjectArray: 35900 objects as part of root set at end of initial load.
[2018.01.31-02.30.36:798][  0]LogUObjectAllocator: 7372016 out of 0 bytes used by permanent object pool.
[2018.01.31-02.30.36:798][  0]LogUObjectArray: CloseDisregardForGC: 0/0 objects in disregard for GC pool
[2018.01.31-02.30.36:839][  0]LogInit: WinSock: version 1.1 (2.2), MaxSocks=32767, MaxUdp=65467
[2018.01.31-02.30.38:756][  0]LogTcpMessaging: Initializing TcpMessaging bridge
[2018.01.31-02.30.38:788][  0]LogUdpMessaging: Initializing bridge on interface 0.0.0.0:0 to multicast group 230.0.0.1:6666.
[2018.01.31-02.30.39:520][  0]LogMaterial: Uniform references updated for custom material expression Custom.
[2018.01.31-02.30.39:818][  0]SourceControl: Source control is disabled
[2018.01.31-02.30.39:818][  0]SourceControl: Source control is disabled
[2018.01.31-02.30.39:858][  0]SourceControl: Source control is disabled
[2018.01.31-02.30.39:902][  0]SourceControl: Source control is disabled
[2018.01.31-02.30.40:527][  0]LogAndroidPermission: UAndroidPermissionCallbackProxy::GetInstance
[2018.01.31-02.30.40:726][  0]LogOcInput: OculusInput pre-init called
[2018.01.31-02.30.40:918][  0]LogEngine: Initializing Engine...
[2018.01.31-02.30.40:920][  0]LogHMD: Failed to initialize OpenVR with code 110
[2018.01.31-02.30.41:067][  0]LogStats: UGameplayTagsManager::ConstructGameplayTagTree: Construct from data asset -  0.000 s
[2018.01.31-02.30.41:067][  0]LogStats: UGameplayTagsManager::ConstructGameplayTagTree: GameplayTagTreeChangedEvent.Broadcast -  0.000 s
[2018.01.31-02.30.41:158][  0]LogAIModule: Creating AISystem for world Untitled
[2018.01.31-02.30.41:171][  0]LogInit: XAudio2 using 'Headset Earphone (Astro MixAmp Pro Voice)' : 2 channels at 48 kHz using 16 bits per sample (channel mask 0x3)
[2018.01.31-02.30.41:180][  0]LogInit: FAudioDevice initialized.
[2018.01.31-02.30.41:247][  0]LogDerivedDataCache: Saved boot cache 0.07s 79MB C:/Users/Ashton Summers/AppData/Local/UnrealEngine/4.18/DerivedDataCache/Boot.ddc.
[2018.01.31-02.30.41:256][  0]LogInit: Texture streaming: Enabled
[2018.01.31-02.30.41:324][  0]LogEngineSessionManager: EngineSessionManager initialized
[2018.01.31-02.30.41:419][  0]LogInit: Transaction tracking system initialized
[2018.01.31-02.30.41:645][  0]BlueprintLog: New page: Editor Load
[2018.01.31-02.30.42:318][  0]LocalizationService: Localization service is disabled
[2018.01.31-02.30.42:691][  0]LogLinker: Warning: Can't find file '/Game/SideScrollerCPP/SideScrollerOverview'
[2018.01.31-02.30.42:691][  0]LogLinker: Warning: Can't find file '/Game/SideScrollerCPP/SideScrollerOverview'
[2018.01.31-02.30.42:691][  0]LogUObjectGlobals: Warning: Failed to find object 'Class /Game/SideScrollerCPP/SideScrollerOverview.SideScrollerOverview_C'
[2018.01.31-02.30.42:852][  0]LogConsoleResponse: Display: 
[2018.01.31-02.30.42:979][  0]LogCook: Display: Max memory allowance for cook 16384mb min free memory 0mb
[2018.01.31-02.30.42:979][  0]LogCook: Display: Mobile HDR setting 1
[2018.01.31-02.30.42:979][  0]LogGameplayTags: Display: UGameplayTagsManager::DoneAddingNativeTags. DelegateIsBound: 0
[2018.01.31-02.30.43:507][  0]LogFileCache: Scanning file cache for directory 'C:/Users/Ashton Summers/Documents/Code/Unreal Engine/Projects/StealthGame/Stealth_Game/Content/' took 0.01s
[2018.01.31-02.30.43:843][  0]SourceControl: Source control is disabled
[2018.01.31-02.30.43:843][  0]Cmd: MAP LOAD FILE="../../../../../../Users/Ashton Summers/Documents/Code/Unreal Engine/Projects/StealthGame/Stealth_Game/Content/Maps/FirstPersonExampleMap.umap" TEMPLATE=0 SHOWPROGRESS=1 FEATURELEVEL=3
[2018.01.31-02.30.43:843][  0]LightingResults: New page: Lighting Build
[2018.01.31-02.30.43:875][  0]MapCheck: New page: Map Check
[2018.01.31-02.30.43:875][  0]LightingResults: New page: Lighting Build
[2018.01.31-02.30.44:317][  0]LogAIModule: Creating AISystem for world FirstPersonExampleMap
[2018.01.31-02.30.44:329][  0]LogEditorServer: Finished looking for orphan Actors (0.000 secs)
[2018.01.31-02.30.44:338][  0]Cmd: MAP CHECKDEP NOCLEARLOG
[2018.01.31-02.30.44:378][  0]MapCheck: Map check complete: 0 Error(s), 0 Warning(s), took 39.602ms to complete.
[2018.01.31-02.30.44:378][  0]LogFileHelpers: Loading map 'FirstPersonExampleMap' took 0.535
[2018.01.31-02.30.44:518][  0]LogCollectionManager: Loaded 0 collections in 0.001649 seconds
[2018.01.31-02.30.44:594][  0]LogFileCache: Scanning file cache for directory 'C:/Users/Ashton Summers/Documents/Code/Unreal Engine/Projects/StealthGame/Stealth_Game/Saved/Collections/' took 0.01s
[2018.01.31-02.30.44:594][  0]LogFileCache: Scanning file cache for directory 'C:/Users/Ashton Summers/Documents/Code/Unreal Engine/Projects/StealthGame/Stealth_Game/Content/Developers/AshtonSummers/Collections/' took 0.01s
[2018.01.31-02.30.44:594][  0]LogFileCache: Scanning file cache for directory 'C:/Users/Ashton Summers/Documents/Code/Unreal Engine/Projects/StealthGame/Stealth_Game/Content/Collections/' took 0.01s
[2018.01.31-02.30.44:594][  0]LogCollectionManager: Rebuilt the GUID cache for 0 collections in 0.000001 seconds
[2018.01.31-02.30.44:602][  0]LogContentBrowser: Native class hierarchy populated in 0.0070 seconds. Added 2371 classes and 522 folders.
[2018.01.31-02.30.44:651][  0]LogContentBrowser: Native class hierarchy updated for 'WidgetCarousel' in 0.0005 seconds. Added 0 classes and 0 folders.
[2018.01.31-02.30.44:905][  0]LogContentBrowser: Native class hierarchy updated for 'AddContentDialog' in 0.0005 seconds. Added 0 classes and 0 folders.
[2018.01.31-02.30.44:947][  0]LogContentBrowser: Native class hierarchy updated for 'SceneOutliner' in 0.0005 seconds. Added 1 classes and 2 folders.
[2018.01.31-02.30.45:069][  0]LogSlate: Took 0.000163 seconds to synchronously load lazily loaded font '../../../Engine/Content/Slate/Fonts/Roboto-Regular.ttf' (155K)
[2018.01.31-02.30.45:071][  0]LogSlate: Took 0.000164 seconds to synchronously load lazily loaded font '../../../Engine/Content/Slate/Fonts/Roboto-Bold.ttf' (160K)
[2018.01.31-02.30.45:080][  0]LogSlate: Took 0.004328 seconds to synchronously load lazily loaded font '../../../Engine/Content/Editor/Slate/Fonts/FontAwesome.ttf' (139K)
[2018.01.31-02.30.45:204][  0]LogRenderer: Reallocating scene render targets to support 952x588 Format 10 NumSamples 1 (Frame:1).
[2018.01.31-02.30.45:357][  0]LogContentBrowser: Native class hierarchy updated for 'HierarchicalLODOutliner' in 0.0005 seconds. Added 1 classes and 2 folders.
[2018.01.31-02.30.45:357][  0]LogLoad: (Engine Initialization) Total time: 14.53 seconds
[2018.01.31-02.30.45:357][  0]LogLoad: (Engine Initialization) Total Blueprint compile time: 0.00 seconds
[2018.01.31-02.30.45:357][  0]LogExternalProfiler: No external profilers were discovered.  External profiling features will not be available.
[2018.01.31-02.30.45:712][  0]LogAssetRegistry: Asset discovery search completed in 9.3025 seconds
[2018.01.31-02.30.45:714][  0]LogCollectionManager: Rebuilt the object cache for 0 collections in 0.000000 seconds (found 0 objects)
[2018.01.31-02.30.45:714][  0]LogCollectionManager: Fixed up redirectors for 0 collections in 0.000060 seconds (updated 0 objects)
[2018.01.31-02.30.45:717][  0]LogContentStreaming: Texture pool size now 1000 MB
[2018.01.31-02.32.39:854][693]Cmd: POLY SELECT ADJACENT WALLS
[2018.01.31-02.32.40:383][754]Cmd: POLY SELECT ADJACENT WALLS
[2018.01.31-02.32.50:180][921]LogTemp: Repeating last play command: Selected Viewport
[2018.01.31-02.32.50:220][921]LogBlueprintUserMessages: Early PlayInEditor Detection: Level '/Game/Maps/FirstPersonExampleMap.FirstPersonExampleMap:PersistentLevel' has LevelScriptBlueprint '/Game/Maps/FirstPersonExampleMap.FirstPersonExampleMap:PersistentLevel.FirstPersonExampleMap' with GeneratedClass '/Game/Maps/FirstPersonExampleMap.FirstPersonExampleMap_C' with ClassGeneratedBy '/Game/Maps/FirstPersonExampleMap.FirstPersonExampleMap:PersistentLevel.FirstPersonExampleMap'
[2018.01.31-02.32.50:220][921]LogPlayLevel: PlayLevel: No blueprints needed recompiling
[2018.01.31-02.32.50:221][921]PIE: New page: PIE session: FirstPersonExampleMap (Jan 30, 2018, 10:32:50 AM)
[2018.01.31-02.32.50:222][921]LogPlayLevel: Creating play world package: /Game/Maps/UEDPIE_0_FirstPersonExampleMap
[2018.01.31-02.32.50:244][921]LogPlayLevel: PIE: StaticDuplicateObject took: (0.022733s)
[2018.01.31-02.32.50:245][921]LogAIModule: Creating AISystem for world FirstPersonExampleMap
[2018.01.31-02.32.50:245][921]LogPlayLevel: PIE: World Init took: (0.000794s)
[2018.01.31-02.32.50:245][921]LogPlayLevel: PIE: Created PIE world by copying editor world from /Game/Maps/FirstPersonExampleMap.FirstPersonExampleMap to /Game/Maps/UEDPIE_0_FirstPersonExampleMap.FirstPersonExampleMap (0.023870s)
[2018.01.31-02.32.50:258][921]LogInit: XAudio2 using 'Headset Earphone (Astro MixAmp Pro Voice)' : 2 channels at 48 kHz using 16 bits per sample (channel mask 0x3)
[2018.01.31-02.32.50:264][921]LogInit: FAudioDevice initialized.
[2018.01.31-02.32.50:308][921]LogLoad: Game class is 'BP_GameMode_C'
[2018.01.31-02.32.50:310][921]LogWorld: Bringing World /Game/Maps/UEDPIE_0_FirstPersonExampleMap.FirstPersonExampleMap up for play (max tick rate 0) at 2018.01.30-18.32.50
[2018.01.31-02.32.50:311][921]LogWorld: Bringing up level for play took: 0.001963
[2018.01.31-02.32.50:342][921]LogContentBrowser: Native class hierarchy updated for 'MovieSceneCapture' in 0.0006 seconds. Added 11 classes and 0 folders.
[2018.01.31-02.32.50:345][921]PIE: Play in editor start time for /Game/Maps/UEDPIE_0_FirstPersonExampleMap -0.349
[2018.01.31-02.32.50:345][921]LogBlueprintUserMessages: Late PlayInEditor Detection: Level '/Game/Maps/FirstPersonExampleMap.FirstPersonExampleMap:PersistentLevel' has LevelScriptBlueprint '/Game/Maps/FirstPersonExampleMap.FirstPersonExampleMap:PersistentLevel.FirstPersonExampleMap' with GeneratedClass '/Game/Maps/FirstPersonExampleMap.FirstPersonExampleMap_C' with ClassGeneratedBy '/Game/Maps/FirstPersonExampleMap.FirstPersonExampleMap:PersistentLevel.FirstPersonExampleMap'
[2018.01.31-02.32.55:134][490]LogBlueprintUserMessages: Early EndPlayMap Detection: Level '/Game/Maps/FirstPersonExampleMap.FirstPersonExampleMap:PersistentLevel' has LevelScriptBlueprint '/Game/Maps/FirstPersonExampleMap.FirstPersonExampleMap:PersistentLevel.FirstPersonExampleMap' with GeneratedClass '/Game/Maps/FirstPersonExampleMap.FirstPersonExampleMap_C' with ClassGeneratedBy '/Game/Maps/FirstPersonExampleMap.FirstPersonExampleMap:PersistentLevel.FirstPersonExampleMap'
[2018.01.31-02.32.55:166][490]LogBlueprintUserMessages: Late EndPlayMap Detection: Level '/Game/Maps/FirstPersonExampleMap.FirstPersonExampleMap:PersistentLevel' has LevelScriptBlueprint '/Game/Maps/FirstPersonExampleMap.FirstPersonExampleMap:PersistentLevel.FirstPersonExampleMap' with GeneratedClass '/Game/Maps/FirstPersonExampleMap.FirstPersonExampleMap_C' with ClassGeneratedBy '/Game/Maps/FirstPersonExampleMap.FirstPersonExampleMap:PersistentLevel.FirstPersonExampleMap'
[2018.01.31-02.34.41:249][653]LogEditorViewport: Clicking on Actor (LMB): StaticMeshActor (EditorCube21)
[2018.01.31-02.34.42:141][748]LogEditorViewport: Clicking on Actor (context menu): StaticMeshActor (EditorCube21)
[2018.01.31-02.34.54:285][500]Cmd: ACTOR SELECT MATCHINGMATERIAL
[2018.01.31-02.35.03:799][594]LogSlate: Took 0.003816 seconds to synchronously load lazily loaded font '../../../Engine/Content/Slate/Fonts/Roboto-Light.ttf' (159K)
[2018.01.31-02.35.03:957][594]LogSavePackage: Save=125.28ms
[2018.01.31-02.35.03:957][594]LogSavePackage: Moving '../../../../../../Users/Ashton Summers/Documents/Code/Unreal Engine/Projects/StealthGame/Stealth_Game/Saved/FirstPersonExampleMap8EC678224533FF0BE2C742A99C2A4062.tmp' to '../../../../../../Users/Ashton Summers/Documents/Code/Unreal Engine/Projects/StealthGame/Stealth_Game/Content/Maps/FirstPersonExampleMap.umap'
[2018.01.31-02.35.03:963][594]LogSavePackage: Display: Finished SavePackage ../../../../../../Users/Ashton Summers/Documents/Code/Unreal Engine/Projects/StealthGame/Stealth_Game/Content/Maps/FirstPersonExampleMap.umap
[2018.01.31-02.35.04:103][594]LogSavePackage: Save=99.27ms
[2018.01.31-02.35.04:103][594]LogSavePackage: Moving '../../../../../../Users/Ashton Summers/Documents/Code/Unreal Engine/Projects/StealthGame/Stealth_Game/Saved/FirstPersonExampleMap_BuiltData9390ADAB4B6D847C63571D8156F8E30D.tmp' to '../../../../../../Users/Ashton Summers/Documents/Code/Unreal Engine/Projects/StealthGame/Stealth_Game/Content/Maps/FirstPersonExampleMap_BuiltData.uasset'
[2018.01.31-02.35.04:105][594]LogSavePackage: Display: Finished SavePackage ../../../../../../Users/Ashton Summers/Documents/Code/Unreal Engine/Projects/StealthGame/Stealth_Game/Content/Maps/FirstPersonExampleMap_BuiltData.uasset
[2018.01.31-02.35.06:642][885]LogEditorViewport: Clicking on Actor (LMB): StaticMeshActor (EditorCube20)
[2018.01.31-02.35.07:673][  1]LogSlate: Took 0.003809 seconds to synchronously load lazily loaded font '../../../Engine/Content/Editor/Slate/Fonts/Roboto-Italic.ttf' (157K)
[2018.01.31-02.35.14:011][712]LogTemp: Repeating last play command: Selected Viewport
[2018.01.31-02.35.14:025][712]LogBlueprintUserMessages: Early PlayInEditor Detection: Level '/Game/Maps/FirstPersonExampleMap.FirstPersonExampleMap:PersistentLevel' has LevelScriptBlueprint '/Game/Maps/FirstPersonExampleMap.FirstPersonExampleMap:PersistentLevel.FirstPersonExampleMap' with GeneratedClass '/Game/Maps/FirstPersonExampleMap.FirstPersonExampleMap_C' with ClassGeneratedBy '/Game/Maps/FirstPersonExampleMap.FirstPersonExampleMap:PersistentLevel.FirstPersonExampleMap'
[2018.01.31-02.35.14:025][712]LogPlayLevel: PlayLevel: No blueprints needed recompiling
[2018.01.31-02.35.14:025][712]PIE: New page: PIE session: FirstPersonExampleMap (Jan 30, 2018, 10:35:14 AM)
[2018.01.31-02.35.14:025][712]LogPlayLevel: Creating play world package: /Game/Maps/UEDPIE_0_FirstPersonExampleMap
[2018.01.31-02.35.14:041][712]LogPlayLevel: PIE: StaticDuplicateObject took: (0.016002s)
[2018.01.31-02.35.14:042][712]LogAIModule: Creating AISystem for world FirstPersonExampleMap
[2018.01.31-02.35.14:042][712]LogPlayLevel: PIE: World Init took: (0.000930s)
[2018.01.31-02.35.14:042][712]LogPlayLevel: PIE: Created PIE world by copying editor world from /Game/Maps/FirstPersonExampleMap.FirstPersonExampleMap to /Game/Maps/UEDPIE_0_FirstPersonExampleMap.FirstPersonExampleMap (0.017280s)
[2018.01.31-02.35.14:060][712]LogInit: XAudio2 using 'Headset Earphone (Astro MixAmp Pro Voice)' : 2 channels at 48 kHz using 16 bits per sample (channel mask 0x3)
[2018.01.31-02.35.14:066][712]LogInit: FAudioDevice initialized.
[2018.01.31-02.35.14:094][712]LogLoad: Game class is 'BP_GameMode_C'
[2018.01.31-02.35.14:096][712]LogWorld: Bringing World /Game/Maps/UEDPIE_0_FirstPersonExampleMap.FirstPersonExampleMap up for play (max tick rate 0) at 2018.01.30-18.35.14
[2018.01.31-02.35.14:096][712]LogWorld: Bringing up level for play took: 0.001638
[2018.01.31-02.35.14:097][712]PIE: Play in editor start time for /Game/Maps/UEDPIE_0_FirstPersonExampleMap -0.596
[2018.01.31-02.35.14:098][712]LogBlueprintUserMessages: Late PlayInEditor Detection: Level '/Game/Maps/FirstPersonExampleMap.FirstPersonExampleMap:PersistentLevel' has LevelScriptBlueprint '/Game/Maps/FirstPersonExampleMap.FirstPersonExampleMap:PersistentLevel.FirstPersonExampleMap' with GeneratedClass '/Game/Maps/FirstPersonExampleMap.FirstPersonExampleMap_C' with ClassGeneratedBy '/Game/Maps/FirstPersonExampleMap.FirstPersonExampleMap:PersistentLevel.FirstPersonExampleMap'
[2018.01.31-02.35.17:317][ 94]LogBlueprintUserMessages: Early EndPlayMap Detection: Level '/Game/Maps/FirstPersonExampleMap.FirstPersonExampleMap:PersistentLevel' has LevelScriptBlueprint '/Game/Maps/FirstPersonExampleMap.FirstPersonExampleMap:PersistentLevel.FirstPersonExampleMap' with GeneratedClass '/Game/Maps/FirstPersonExampleMap.FirstPersonExampleMap_C' with ClassGeneratedBy '/Game/Maps/FirstPersonExampleMap.FirstPersonExampleMap:PersistentLevel.FirstPersonExampleMap'
[2018.01.31-02.35.17:349][ 94]LogBlueprintUserMessages: Late EndPlayMap Detection: Level '/Game/Maps/FirstPersonExampleMap.FirstPersonExampleMap:PersistentLevel' has LevelScriptBlueprint '/Game/Maps/FirstPersonExampleMap.FirstPersonExampleMap:PersistentLevel.FirstPersonExampleMap' with GeneratedClass '/Game/Maps/FirstPersonExampleMap.FirstPersonExampleMap_C' with ClassGeneratedBy '/Game/Maps/FirstPersonExampleMap.FirstPersonExampleMap:PersistentLevel.FirstPersonExampleMap'
[2018.01.31-02.35.19:881][372]LogEditorViewport: Clicking on Actor (LMB): BP_BlackHole_C (BP_BlackHole)
[2018.01.31-02.35.20:695][455]Cmd: DELETE
[2018.01.31-02.35.20:695][455]Cmd: ACTOR DELETE
[2018.01.31-02.35.20:698][455]LogEditorActor: Deleted Actor: BP_BlackHole_C
[2018.01.31-02.35.20:708][455]LogEditorActor: Deleted 1 Actors (0.013 secs)
[2018.01.31-02.36.57:605][831]LogSlate: Took 0.004459 seconds to synchronously load lazily loaded font '../../../Engine/Content/Editor/Slate/Fonts/Roboto-BoldCondensed.ttf' (158K)
[2018.01.31-02.37.21:872][795]Running C:/Program Files/Epic Games/UE_4.18/Engine/Binaries/DotNET/UnrealBuildTool.exe  -projectfiles -project="C:/Users/Ashton Summers/Documents/Code/Unreal Engine/Projects/StealthGame/Stealth_Game/FPSGame.uproject" -game -rocket -progress
[2018.01.31-02.37.22:077][795]Discovering modules, targets and source code for project...
[2018.01.31-02.37.24:786][795]LogSlate: Took 0.000158 seconds to synchronously load lazily loaded font '../../../Engine/Content/Slate/Fonts/Roboto-Regular.ttf' (155K)
[2018.01.31-02.37.25:401][795]LogVSAccessor: Warning: Couldn't access Visual Studio
[2018.01.31-02.37.25:406][795]Candidate modules for hot reload:
[2018.01.31-02.37.25:406][795]  FPSGame
[2018.01.31-02.37.25:406][795]Launching UnrealBuildTool... [C:/Program Files/Epic Games/UE_4.18/Engine/Binaries/DotNET/UnrealBuildTool.exe FPSGame -ModuleWithSuffix FPSGame 4781 Win64 Development -editorrecompile -canskiplink "C:/Users/Ashton Summers/Documents/Code/Unreal Engine/Projects/StealthGame/Stealth_Game/FPSGame.uproject" ]
[2018.01.31-02.38.02:541][795]CompilerResultsLog: New page: Compilation - Jan 30, 2018, 10:38:02 AM
[2018.01.31-02.38.02:541][795]CompilerResultsLog: Using 'git status' to determine working set for adaptive non-unity build.
[2018.01.31-02.38.02:541][795]CompilerResultsLog: Creating makefile for hot reloading FPSGame (new files with reflected types)
[2018.01.31-02.38.02:541][795]CompilerResultsLog: Compiling game modules for hot reload
[2018.01.31-02.38.02:541][795]CompilerResultsLog: Parsing headers for FPSGameEditor
[2018.01.31-02.38.02:541][795]CompilerResultsLog:   Running UnrealHeaderTool "C:\Users\Ashton Summers\Documents\Code\Unreal Engine\Projects\StealthGame\Stealth_Game\FPSGame.uproject" "C:\Users\Ashton Summers\Documents\Code\Unreal Engine\Projects\StealthGame\Stealth_Game\Intermediate\Build\Win64\FPSGameEditor\Development\FPSGameEditor.uhtmanifest" -LogCmds="loginit warning, logexit warning, logdatabase error" -Unattended -WarningsAsErrors -installed
[2018.01.31-02.38.02:541][795]CompilerResultsLog: Reflection code generated for FPSGameEditor in 6.7451593 seconds
[2018.01.31-02.38.02:541][795]CompilerResultsLog: Performing 5 actions (4 in parallel)
[2018.01.31-02.38.02:541][795]CompilerResultsLog: FPSAIGuard.cpp
[2018.01.31-02.38.02:541][795]CompilerResultsLog: FPSAIGuard.gen.cpp
[2018.01.31-02.38.02:541][795]CompilerResultsLog: FPSGame.init.gen.cpp
[2018.01.31-02.38.02:541][795]CompilerResultsLog: [4/5] Link UE4Editor-FPSGame-4781.dll
[2018.01.31-02.38.02:541][795]CompilerResultsLog: [5/5] Link UE4Editor-FPSGame-4781.lib
[2018.01.31-02.38.02:541][795]CompilerResultsLog:    Creating library C:\Users\Ashton Summers\Documents\Code\Unreal Engine\Projects\StealthGame\Stealth_Game\Intermediate\Build\Win64\UE4Editor\Development\UE4Editor-FPSGame-4781.lib and object C:\Users\Ashton Summers\Documents\Code\Unreal Engine\Projects\StealthGame\Stealth_Game\Intermediate\Build\Win64\UE4Editor\Development\UE4Editor-FPSGame-4781.exp
[2018.01.31-02.38.02:541][795]CompilerResultsLog:    Creating library C:\Users\Ashton Summers\Documents\Code\Unreal Engine\Projects\StealthGame\Stealth_Game\Intermediate\Build\Win64\UE4Editor\Development\UE4Editor-FPSGame-4781.suppressed.lib and object C:\Users\Ashton Summers\Documents\Code\Unreal Engine\Projects\StealthGame\Stealth_Game\Intermediate\Build\Win64\UE4Editor\Development\UE4Editor-FPSGame-4781.suppressed.exp
[2018.01.31-02.38.02:541][795]CompilerResultsLog: Total build time: 36.99 seconds (Local executor: 3.72 seconds)
[2018.01.31-02.38.02:541][795]LogMainFrame: MainFrame: Module compiling took 37.140 seconds
[2018.01.31-02.38.02:597][795]LogClass: Could not find existing class FPSAIGuard in package /Script/FPSGame for HotReload, assuming new class
[2018.01.31-02.38.02:603][795]LogHotReload: Re-instancing FPSBlackHole after hot-reload.
[2018.01.31-02.38.02:736][795]LogHotReload: Re-instancing FPSExtractionZone after hot-reload.
[2018.01.31-02.38.02:865][795]LogHotReload: Re-instancing FPSLaunchPadActor after hot-reload.
[2018.01.31-02.38.03:027][795]LogContentBrowser: Native class hierarchy updated for 'FPSGame' in 0.0006 seconds. Added 9 classes and 3 folders.
[2018.01.31-02.38.03:028][795]Display: HotReload successful (4 functions remapped  0 scriptstructs remapped)
[2018.01.31-02.38.03:095][795]LogContentBrowser: Native class hierarchy populated in 0.0068 seconds. Added 2374 classes and 526 folders.
[2018.01.31-02.38.03:095][795]Display: HotReload took 37.7s.
[2018.01.31-02.38.03:096][795]Warning: HotReload operation took 37.7s.
[2018.01.31-02.38.03:168][795]LogHotReload: New module detected: UE4Editor-FPSGame-4781.dll
[2018.01.31-02.38.03:218][796]LogHotReload: Starting Hot-Reload from IDE
[2018.01.31-02.38.03:533][796]LogContentBrowser: Native class hierarchy updated for 'FPSGame' in 0.0005 seconds. Added 9 classes and 3 folders.
[2018.01.31-02.38.03:535][796]Display: HotReload successful (0 functions remapped  0 scriptstructs remapped)
[2018.01.31-02.38.03:550][796]LogContentBrowser: Native class hierarchy populated in 0.0073 seconds. Added 2374 classes and 526 folders.
[2018.01.31-02.38.03:554][796]Display: HotReload took  0.3s.
[2018.01.31-02.42.55:952][762]LogContentBrowser: Native class hierarchy updated for 'BlueprintGraph' in 0.0008 seconds. Added 116 classes and 0 folders.
[2018.01.31-02.43.03:163][ 10]LogWindows: LaunchFileInExternalEditor C:/Users/Ashton Summers/Documents/Code/Unreal Engine/Projects/StealthGame/Stealth_Game/Source/FPSGame/Public/FPSAIGuard.h 
[2018.01.31-02.43.03:252][ 10]LogWindows: Launch application code for C:/Users/Ashton Summers/Documents/Code/Unreal Engine/Projects/StealthGame/Stealth_Game/Source/FPSGame/Public/FPSAIGuard.h : 42
[2018.01.31-02.43.03:252][ 10]LogWindows: LaunchFileInExternalEditor C:/Users/Ashton Summers/Documents/Code/Unreal Engine/Projects/StealthGame/Stealth_Game/Source/FPSGame/Private/FPSAIGuard.cpp 
[2018.01.31-02.43.03:347][ 10]LogWindows: Launch application code for C:/Users/Ashton Summers/Documents/Code/Unreal Engine/Projects/StealthGame/Stealth_Game/Source/FPSGame/Private/FPSAIGuard.cpp : 42
[2018.01.31-02.43.03:347][ 10]LogVSAccessor: Warning: Couldn't access Visual Studio
[2018.01.31-02.43.03:352][ 10]LogVSAccessor: Warning: Couldn't access module table
[2018.01.31-02.43.03:352][ 10]LogVSAccessor: Warning: Couldn't access module table
[2018.01.31-02.43.03:352][ 10]LogVSAccessor: Warning: Couldn't access module table
[2018.01.31-02.43.03:352][ 10]LogVSAccessor: Warning: Couldn't access module table
[2018.01.31-02.43.03:352][ 10]LogVSAccessor: Warning: Couldn't access module table
[2018.01.31-02.43.03:352][ 10]LogVSAccessor: Warning: Couldn't access module table
[2018.01.31-02.43.03:352][ 10]LogVSAccessor: Warning: Couldn't access module table
[2018.01.31-02.43.03:352][ 10]LogVSAccessor: Warning: Couldn't access module table
[2018.01.31-02.43.03:352][ 10]LogVSAccessor: Warning: Couldn't access module table
[2018.01.31-02.43.03:352][ 10]LogVSAccessor: Warning: Couldn't access module table
[2018.01.31-02.43.03:352][ 10]LogVSAccessor: Warning: Couldn't access module table
[2018.01.31-02.43.03:353][ 10]LogVSAccessor: Warning: Couldn't access module table
[2018.01.31-02.43.03:353][ 10]LogVSAccessor: Warning: Couldn't access module table
[2018.01.31-02.43.03:353][ 10]LogVSAccessor: Warning: Couldn't access module table
[2018.01.31-02.43.03:353][ 10]LogVSAccessor: Warning: Couldn't access module table
[2018.01.31-02.43.03:353][ 10]LogVSAccessor: Warning: Couldn't access module table
[2018.01.31-02.43.03:353][ 10]LogVSAccessor: Warning: Couldn't access module table
[2018.01.31-02.43.03:353][ 10]LogVSAccessor: Warning: Couldn't access module table
[2018.01.31-02.43.03:353][ 10]LogVSAccessor: Warning: Couldn't access module table
[2018.01.31-02.43.03:353][ 10]LogVSAccessor: Warning: Couldn't access module table
[2018.01.31-02.43.03:353][ 10]LogVSAccessor: Warning: Couldn't access module table
[2018.01.31-02.43.03:353][ 10]LogVSAccessor: Warning: Couldn't access module table
[2018.01.31-02.43.03:353][ 10]LogVSAccessor: Warning: Couldn't access module table
[2018.01.31-02.43.03:353][ 10]LogVSAccessor: Warning: Couldn't access module table
[2018.01.31-02.43.03:353][ 10]LogVSAccessor: Warning: Couldn't access module table
[2018.01.31-02.43.03:354][ 10]LogVSAccessor: Warning: Couldn't access module table
[2018.01.31-02.43.03:354][ 10]LogVSAccessor: Warning: Couldn't access module table
[2018.01.31-02.43.03:354][ 10]LogVSAccessor: Warning: Couldn't access module table
[2018.01.31-02.43.03:354][ 10]LogVSAccessor: Warning: Couldn't access module table
[2018.01.31-02.43.03:354][ 10]LogVSAccessor: Warning: Couldn't access module table
[2018.01.31-02.43.03:354][ 10]LogVSAccessor: Warning: Couldn't access module table
[2018.01.31-02.43.03:354][ 10]LogVSAccessor: Warning: Couldn't access module table
[2018.01.31-02.43.03:354][ 10]LogVSAccessor: Warning: Couldn't access module table
[2018.01.31-02.43.03:354][ 10]LogVSAccessor: Warning: Couldn't access module table
[2018.01.31-02.43.03:354][ 10]LogVSAccessor: Warning: Couldn't access module table
[2018.01.31-02.43.03:354][ 10]LogVSAccessor: Warning: Couldn't access module table
[2018.01.31-02.43.03:355][ 10]LogVSAccessor: Warning: Couldn't access module table
[2018.01.31-02.43.03:355][ 10]LogVSAccessor: Warning: Couldn't access module table
[2018.01.31-02.43.03:355][ 10]LogVSAccessor: Warning: Couldn't access module table
[2018.01.31-02.43.03:355][ 10]LogVSAccessor: Warning: Couldn't access module table
[2018.01.31-02.43.03:355][ 10]LogVSAccessor: Warning: Couldn't access module table
[2018.01.31-02.43.03:355][ 10]LogVSAccessor: Warning: Couldn't access module table
[2018.01.31-02.43.03:355][ 10]LogVSAccessor: Warning: Couldn't access module table
[2018.01.31-02.43.03:355][ 10]LogVSAccessor: Warning: Couldn't access module table
[2018.01.31-02.43.03:355][ 10]LogVSAccessor: Warning: Couldn't access module table
[2018.01.31-02.43.03:356][ 10]LogVSAccessor: Warning: Couldn't access module table
[2018.01.31-02.43.03:356][ 10]LogVSAccessor: Warning: Couldn't access module table
[2018.01.31-02.43.03:356][ 10]LogVSAccessor: Warning: Couldn't access module table
[2018.01.31-02.43.03:356][ 10]LogVSAccessor: Warning: Couldn't access module table
[2018.01.31-02.43.03:356][ 10]LogVSAccessor: Warning: Couldn't access module table
[2018.01.31-02.43.03:356][ 10]LogVSAccessor: Warning: Couldn't access module table
[2018.01.31-02.43.03:356][ 10]LogVSAccessor: Warning: Couldn't access module table
[2018.01.31-02.43.03:356][ 10]LogVSAccessor: Warning: Couldn't access module table
[2018.01.31-02.43.03:356][ 10]LogVSAccessor: Warning: Couldn't access module table
[2018.01.31-02.43.03:357][ 10]LogVSAccessor: Warning: Couldn't access module table
[2018.01.31-02.43.03:357][ 10]LogVSAccessor: Warning: Couldn't access module table
[2018.01.31-02.43.03:357][ 10]LogVSAccessor: Warning: Couldn't access module table
[2018.01.31-02.43.03:357][ 10]LogVSAccessor: Warning: Couldn't access module table
[2018.01.31-02.43.03:357][ 10]LogVSAccessor: Warning: Couldn't access module table
[2018.01.31-02.43.03:357][ 10]LogVSAccessor: Warning: Couldn't access module table
[2018.01.31-02.43.03:357][ 10]LogVSAccessor: Warning: Couldn't access module table
[2018.01.31-02.43.03:357][ 10]LogVSAccessor: Warning: Couldn't access module table
[2018.01.31-02.43.03:357][ 10]LogVSAccessor: Warning: Couldn't access module table
[2018.01.31-02.43.03:358][ 10]LogVSAccessor: Warning: Couldn't access module table
[2018.01.31-02.43.03:358][ 10]LogVSAccessor: Warning: Couldn't access module table
[2018.01.31-02.43.03:358][ 10]LogVSAccessor: Warning: Couldn't access module table
[2018.01.31-02.43.03:358][ 10]LogVSAccessor: Warning: Couldn't access module table
[2018.01.31-02.43.03:358][ 10]LogVSAccessor: Warning: Couldn't access module table
[2018.01.31-02.43.03:358][ 10]LogVSAccessor: Warning: Couldn't access module table
[2018.01.31-02.43.03:358][ 10]LogVSAccessor: Warning: Couldn't access module table
[2018.01.31-02.43.03:358][ 10]LogVSAccessor: Warning: Couldn't access module table
[2018.01.31-02.43.03:358][ 10]LogVSAccessor: Warning: Couldn't access module table
[2018.01.31-02.43.03:358][ 10]LogVSAccessor: Warning: Couldn't access module table
[2018.01.31-02.43.03:359][ 10]LogVSAccessor: Warning: Couldn't access module table
[2018.01.31-02.43.03:359][ 10]LogVSAccessor: Warning: Couldn't access module table
[2018.01.31-02.43.03:359][ 10]LogVSAccessor: Warning: Couldn't access module table
[2018.01.31-02.43.03:359][ 10]LogVSAccessor: Warning: Couldn't access module table
[2018.01.31-02.43.03:359][ 10]LogVSAccessor: Warning: Couldn't access module table
[2018.01.31-02.43.03:359][ 10]LogVSAccessor: Warning: Couldn't access module table
[2018.01.31-02.43.03:359][ 10]LogVSAccessor: Warning: Couldn't access module table
[2018.01.31-02.43.03:359][ 10]LogVSAccessor: Warning: Couldn't access module table
[2018.01.31-02.43.03:359][ 10]LogVSAccessor: Warning: Couldn't access module table
[2018.01.31-02.43.03:359][ 10]LogVSAccessor: Warning: Couldn't access module table
[2018.01.31-02.43.03:359][ 10]LogVSAccessor: Warning: Couldn't access module table
[2018.01.31-02.43.03:360][ 10]LogVSAccessor: Warning: Couldn't access module table
[2018.01.31-02.43.03:360][ 10]LogVSAccessor: Warning: Couldn't access module table
[2018.01.31-02.43.03:360][ 10]LogVSAccessor: Warning: Couldn't access module table
[2018.01.31-02.43.03:360][ 10]LogVSAccessor: Warning: Couldn't access module table
[2018.01.31-02.43.03:360][ 10]LogVSAccessor: Warning: Couldn't access module table
[2018.01.31-02.43.03:360][ 10]LogVSAccessor: Warning: Couldn't access module table
[2018.01.31-02.43.03:360][ 10]LogVSAccessor: Warning: Couldn't access module table
[2018.01.31-02.43.03:360][ 10]LogVSAccessor: Warning: Couldn't access module table
[2018.01.31-02.43.03:360][ 10]LogVSAccessor: Warning: Couldn't access module table
[2018.01.31-02.43.03:360][ 10]LogVSAccessor: Warning: Couldn't access module table
[2018.01.31-02.43.03:361][ 10]LogVSAccessor: Warning: Couldn't access module table
[2018.01.31-02.43.03:361][ 10]LogVSAccessor: Warning: Couldn't access module table
[2018.01.31-02.43.03:361][ 10]LogVSAccessor: Warning: Couldn't access module table
[2018.01.31-02.43.03:361][ 10]LogVSAccessor: Warning: Couldn't access module table
[2018.01.31-02.43.03:361][ 10]LogVSAccessor: Warning: Couldn't access module table
[2018.01.31-02.43.03:361][ 10]LogVSAccessor: Warning: Couldn't access module table
[2018.01.31-02.43.03:361][ 10]LogVSAccessor: Warning: Couldn't access module table
[2018.01.31-02.43.03:361][ 10]LogVSAccessor: Warning: Couldn't access module table
[2018.01.31-02.43.03:361][ 10]LogVSAccessor: Warning: Couldn't access module table
[2018.01.31-02.43.03:362][ 10]LogVSAccessor: Warning: Couldn't access module table
[2018.01.31-02.43.03:362][ 10]LogVSAccessor: Warning: Couldn't access module table
[2018.01.31-02.43.03:362][ 10]LogVSAccessor: Warning: Couldn't access module table
[2018.01.31-02.43.03:362][ 10]LogVSAccessor: Warning: Couldn't access module table
[2018.01.31-02.43.03:362][ 10]LogVSAccessor: Warning: Couldn't access module table
[2018.01.31-02.43.03:362][ 10]LogVSAccessor: Warning: Couldn't access module table
[2018.01.31-02.43.03:362][ 10]LogVSAccessor: Warning: Couldn't access module table
[2018.01.31-02.43.03:362][ 10]LogVSAccessor: Warning: Couldn't access module table
[2018.01.31-02.43.03:362][ 10]LogVSAccessor: Warning: Couldn't access module table
[2018.01.31-02.43.03:362][ 10]LogVSAccessor: Warning: Couldn't access module table
[2018.01.31-02.43.03:363][ 10]LogVSAccessor: Warning: Couldn't access module table
[2018.01.31-02.43.03:363][ 10]LogVSAccessor: Warning: Couldn't access module table
[2018.01.31-02.43.03:363][ 10]LogVSAccessor: Warning: Couldn't access module table
[2018.01.31-02.43.03:366][ 10]LogVSAccessor: Warning: Couldn't access module table
[2018.01.31-02.43.03:366][ 10]LogVSAccessor: Warning: Couldn't access module table
[2018.01.31-02.43.03:384][ 10]LogVSAccessor: Warning: Couldn't access module table
[2018.01.31-02.43.03:384][ 10]LogVSAccessor: Warning: Couldn't access module table
[2018.01.31-02.43.03:384][ 10]LogVSAccessor: Warning: Couldn't access module table
[2018.01.31-02.43.03:388][ 10]LogVSAccessor: Warning: Couldn't access module table
[2018.01.31-02.43.03:390][ 10]LogVSAccessor: Warning: Couldn't access module table
[2018.01.31-02.43.03:396][ 10]LogVSAccessor: Warning: Couldn't access module table
[2018.01.31-02.43.03:412][ 10]LogVSAccessor: Warning: Couldn't access module table
[2018.01.31-02.43.03:420][ 10]LogVSAccessor: Warning: Couldn't access module table
[2018.01.31-02.43.03:420][ 10]LogVSAccessor: Warning: Couldn't access module table
[2018.01.31-02.43.31:881][211]LogSlate: Took 0.000117 seconds to synchronously load lazily loaded font '../../../Engine/Content/Slate/Fonts/Roboto-Light.ttf' (159K)
[2018.01.31-02.43.39:184][351]LogTexture: Display: Building textures: T_Dwarf_Grunt_M (AutoDXT, 2048X2048)
[2018.01.31-02.43.39:184][351]LogTexture: Display: Building textures: T_Dwarf_Grunt_Equipment_M (AutoDXT, 2048X2048)
[2018.01.31-02.43.39:184][351]LogTexture: Display: Building textures: T_Dwarf_Grunt_Blue_D (AutoDXT, 2048X2048)
[2018.01.31-02.43.39:184][351]LogTexture: Display: Building textures: T_Dwarf_Grunt_Equipment_Blue_D (AutoDXT, 2048X2048)
[2018.01.31-02.43.39:184][351]LogTexture: Display: Building textures: T_Dwarf_Grunt_Equipment_Blue_N (BC5, 2048X2048)
[2018.01.31-02.43.39:184][351]LogTexture: Display: Building textures: T_Dwarf_Grunt_N (BC5, 2048X2048)
[2018.01.31-02.43.39:184][351]LogMaterial: Missing cached shader map for material M_Dwarf_Grunt, compiling. 
[2018.01.31-02.45.01:130][602]BlueprintLog: New page: Compile BP_Guard
[2018.01.31-02.45.01:412][602]LogSavePackage: Save=22.55ms
[2018.01.31-02.45.01:412][602]LogSavePackage: Moving '../../../../../../Users/Ashton Summers/Documents/Code/Unreal Engine/Projects/StealthGame/Stealth_Game/Saved/BP_Guard8ADCBC0D4B9BCF5A922ADE89CA0462FD.tmp' to '../../../../../../Users/Ashton Summers/Documents/Code/Unreal Engine/Projects/StealthGame/Stealth_Game/Content/Blueprints/BP_Guard.uasset'
[2018.01.31-02.45.01:417][602]LogSavePackage: Display: Finished SavePackage ../../../../../../Users/Ashton Summers/Documents/Code/Unreal Engine/Projects/StealthGame/Stealth_Game/Content/Blueprints/BP_Guard.uasset
[2018.01.31-02.45.02:937][705]LogSavePackage: Save=13.39ms
[2018.01.31-02.45.02:937][705]LogSavePackage: Moving '../../../../../../Users/Ashton Summers/Documents/Code/Unreal Engine/Projects/StealthGame/Stealth_Game/Saved/BP_GuardD54675184C04CA0C2F8922AE8D6D6777.tmp' to '../../../../../../Users/Ashton Summers/Documents/Code/Unreal Engine/Projects/StealthGame/Stealth_Game/Content/Blueprints/BP_Guard.uasset'
[2018.01.31-02.45.02:939][705]LogSavePackage: Display: Finished SavePackage ../../../../../../Users/Ashton Summers/Documents/Code/Unreal Engine/Projects/StealthGame/Stealth_Game/Content/Blueprints/BP_Guard.uasset
[2018.01.31-02.45.23:195][504]LogClass: Warning: In asset 'None', there is an enum property of type 'EAnimationMode' with an invalid value of ''
[2018.01.31-02.45.23:195][504]LogClass: Warning: In asset 'None', there is an enum property of type 'EAnimationMode' with an invalid value of ''
[2018.01.31-02.45.23:195][504]LogClass: Warning: In asset 'None', there is an enum property of type 'EAnimationMode' with an invalid value of ''
[2018.01.31-02.45.36:525][862]LogAnimationCompression: Building Anim DDC data for AnimSequence /Game/Characters/DwarfGrunt/Anims/Idle_1_new.Idle_1_new
[2018.01.31-02.45.36:526][862]LogAnimationCompression: Recompressing (AnimSequence /Game/Characters/DwarfGrunt/Anims/Idle_1_new.Idle_1_new) using current/default (AnimCompress_RemoveLinearKeys_16) bFirstRecompressUsingCurrentOrDefault(1) bTryAlternateCompressor(0) IsCompressedDataValid(0)
[2018.01.31-02.45.44:712][ 98]BlueprintLog: New page: Compile BP_Guard
[2018.01.31-02.45.45:076][ 98]LogSavePackage: Save=20.21ms
[2018.01.31-02.45.45:076][ 98]LogSavePackage: Moving '../../../../../../Users/Ashton Summers/Documents/Code/Unreal Engine/Projects/StealthGame/Stealth_Game/Saved/BP_Guard9E158F2E4FA7E072936A64A00267197C.tmp' to '../../../../../../Users/Ashton Summers/Documents/Code/Unreal Engine/Projects/StealthGame/Stealth_Game/Content/Blueprints/BP_Guard.uasset'
[2018.01.31-02.45.45:080][ 98]LogSavePackage: Display: Finished SavePackage ../../../../../../Users/Ashton Summers/Documents/Code/Unreal Engine/Projects/StealthGame/Stealth_Game/Content/Blueprints/BP_Guard.uasset
[2018.01.31-02.45.46:500][129]LogSavePackage: Save=12.32ms
[2018.01.31-02.45.46:500][129]LogSavePackage: Moving '../../../../../../Users/Ashton Summers/Documents/Code/Unreal Engine/Projects/StealthGame/Stealth_Game/Saved/BP_Guard0216620E4A5BB30D3BD4619E3B906DA8.tmp' to '../../../../../../Users/Ashton Summers/Documents/Code/Unreal Engine/Projects/StealthGame/Stealth_Game/Content/Blueprints/BP_Guard.uasset'
[2018.01.31-02.45.46:502][129]LogSavePackage: Display: Finished SavePackage ../../../../../../Users/Ashton Summers/Documents/Code/Unreal Engine/Projects/StealthGame/Stealth_Game/Content/Blueprints/BP_Guard.uasset
[2018.01.31-02.46.22:734][467]LogSavePackage: Save=169.29ms
[2018.01.31-02.46.22:734][467]LogSavePackage: Moving '../../../../../../Users/Ashton Summers/Documents/Code/Unreal Engine/Projects/StealthGame/Stealth_Game/Saved/FirstPersonExampleMap_Auto1E5CEDE70470A116E62D5C88482E9A974.tmp' to '../../../../../../Users/Ashton Summers/Documents/Code/Unreal Engine/Projects/StealthGame/Stealth_Game/Saved/Autosaves/Game/Maps/FirstPersonExampleMap_Auto1.umap'
[2018.01.31-02.46.22:736][467]LogSavePackage: Display: Finished SavePackage ../../../../../../Users/Ashton Summers/Documents/Code/Unreal Engine/Projects/StealthGame/Stealth_Game/Saved/Autosaves/Game/Maps/FirstPersonExampleMap_Auto1.umap
[2018.01.31-02.46.22:751][467]LogFileHelpers: Editor autosave (incl. sublevels) for '/Game/Maps/FirstPersonExampleMap' took 0.243
[2018.01.31-02.46.22:751][467]LogFileHelpers: Editor autosave (incl. sublevels) for all levels took 0.243
