Log file open, 01/11/18 17:33:51
LogWindows: Failed to load 'aqProf.dll' (GetLastError=126)
LogWindows: File 'aqProf.dll' does not exist
LogWindows: Failed to load 'VSPerf140.dll' (GetLastError=126)
LogWindows: File 'VSPerf140.dll' does not exist
LogWindows: Failed to load 'VtuneApi.dll' (GetLastError=126)
LogWindows: File 'VtuneApi.dll' does not exist
LogWindows: Failed to load 'VtuneApi32e.dll' (GetLastError=126)
LogWindows: File 'VtuneApi32e.dll' does not exist
LogInit: Display: Running engine for game: FPSGame
LogPlatformFile: Not using cached read wrapper
LogInit: Display: RandInit(-184969214) SRandInit(-184969214).
LogInit: Read version file with build ID '3709383'
LogInit: Overriding engine version to CL 3754814, compatible CL 3709383
LogInit: Registered custom module enumerator with build ID '3709383'
LogTaskGraph: Started task graph with 5 named threads and 14 total threads with 3 sets of task threads.
LogStats: Stats thread started at 0.152626
LogD3D11RHI: Aftermath initialized
LogPluginManager: Mounting plugin Paper2D
LogPluginManager: Mounting plugin LightPropagationVolume
LogPluginManager: Mounting plugin CodeLiteSourceCodeAccess
LogPluginManager: Mounting plugin GitSourceControl
LogPluginManager: Mounting plugin KDevelopSourceCodeAccess
LogPluginManager: Mounting plugin NullSourceCodeAccess
LogPluginManager: Mounting plugin PerforceSourceControl
LogPluginManager: Mounting plugin SubversionSourceControl
LogPluginManager: Mounting plugin UObjectPlugin
LogPluginManager: Mounting plugin VisualStudioCodeSourceCodeAccess
LogPluginManager: Mounting plugin VisualStudioSourceCodeAccess
LogPluginManager: Mounting plugin XCodeSourceCodeAccess
LogPluginManager: Mounting plugin AssetManagerEditor
LogPluginManager: Mounting plugin AudioCapture
LogPluginManager: Mounting plugin FacialAnimation
LogPluginManager: Mounting plugin GameplayTagsEditor
LogPluginManager: Mounting plugin MobileLauncherProfileWizard
LogPluginManager: Mounting plugin PluginBrowser
LogPluginManager: Mounting plugin SpeedTreeImporter
LogPluginManager: Mounting plugin AlembicImporter
LogPluginManager: Mounting plugin CharacterAI
LogPluginManager: Mounting plugin HTML5Networking
LogPluginManager: Mounting plugin AndroidMedia
LogPluginManager: Mounting plugin AvfMedia
LogPluginManager: Mounting plugin ImgMedia
LogPluginManager: Mounting plugin MediaCompositing
LogPluginManager: Mounting plugin MediaPlayerEditor
LogPluginManager: Mounting plugin WmfMedia
LogPluginManager: Mounting plugin TcpMessaging
LogPluginManager: Mounting plugin UdpMessaging
LogPluginManager: Mounting plugin ActorSequence
LogPluginManager: Mounting plugin LevelSequenceEditor
LogPluginManager: Mounting plugin MatineeToLevelSequence
LogPluginManager: Mounting plugin OnlineSubsystemGooglePlay
LogPluginManager: Mounting plugin OnlineSubsystemIOS
LogPluginManager: Mounting plugin OnlineSubsystem
LogPluginManager: Mounting plugin OnlineSubsystemNull
LogPluginManager: Mounting plugin OnlineSubsystemUtils
LogPluginManager: Mounting plugin AndroidDeviceProfileSelector
LogPluginManager: Mounting plugin AndroidMoviePlayer
LogPluginManager: Mounting plugin AndroidPermission
LogPluginManager: Mounting plugin AppleARKit
LogPluginManager: Mounting plugin AppleMoviePlayer
LogPluginManager: Mounting plugin ArchVisCharacter
LogPluginManager: Mounting plugin CableComponent
LogPluginManager: Mounting plugin CustomMeshComponent
LogPluginManager: Mounting plugin ExampleDeviceProfileSelector
LogPluginManager: Mounting plugin GoogleCloudMessaging
LogPluginManager: Mounting plugin ImmediatePhysics
LogPluginManager: Mounting plugin IOSDeviceProfileSelector
LogPluginManager: Mounting plugin LinuxDeviceProfileSelector
LogPluginManager: Mounting plugin LocationServicesBPLibrary
LogPluginManager: Mounting plugin MobilePatchingUtils
LogPluginManager: Mounting plugin OculusVR
LogPluginManager: Plugin shader directory ../../../Engine/Plugins/Runtime/Oculus/OculusVR/Shaders found
LogPluginManager: Mapping shader source directory ../../../Engine/Plugins/Runtime/Oculus/OculusVR/Shaders to virtual directory /Plugin/OculusVR
LogPluginManager: Mounting plugin PhysXVehicles
LogPluginManager: Mounting plugin ProceduralMeshComponent
LogPluginManager: Mounting plugin RuntimePhysXCooking
LogPluginManager: Mounting plugin SteamVR
LogPluginManager: Mounting plugin WindowsMoviePlayer
LogModuleManager: Display: Found up-to-date module file ../../../../../../Users/Ashton Summers/Documents/Code/Unreal Engine/Projects/StealthGame/Stealth_Game/Binaries/Win64/UE4Editor-FPSGame-2130.dll (API version 3709383).
LogModuleManager: Display: Found up-to-date module file ../../../Engine/Plugins/2D/Paper2D/Binaries/Win64/UE4Editor-Paper2D.dll (API version 3709383).
LogModuleManager: Display: Found up-to-date module file ../../../Engine/Plugins/2D/Paper2D/Binaries/Win64/UE4Editor-Paper2DEditor.dll (API version 3709383).
LogModuleManager: Display: Found up-to-date module file ../../../Engine/Plugins/2D/Paper2D/Binaries/Win64/UE4Editor-PaperSpriteSheetImporter.dll (API version 3709383).
LogModuleManager: Display: Found up-to-date module file ../../../Engine/Plugins/2D/Paper2D/Binaries/Win64/UE4Editor-PaperTiledImporter.dll (API version 3709383).
LogModuleManager: Display: Found up-to-date module file ../../../Engine/Plugins/2D/Paper2D/Binaries/Win64/UE4Editor-SmartSnapping.dll (API version 3709383).
LogModuleManager: Display: Found up-to-date module file ../../../Engine/Plugins/Blendables/LightPropagationVolume/Binaries/Win64/UE4Editor-LightPropagationVolumeRuntime.dll (API version 3709383).
LogModuleManager: Display: Found up-to-date module file ../../../Engine/Plugins/Blendables/LightPropagationVolume/Binaries/Win64/UE4Editor-LightPropagationVolumeEditor.dll (API version 3709383).
LogModuleManager: Display: Found up-to-date module file ../../../Engine/Plugins/Developer/GitSourceControl/Binaries/Win64/UE4Editor-GitSourceControl.dll (API version 3709383).
LogModuleManager: Display: Found up-to-date module file ../../../Engine/Plugins/Developer/PerforceSourceControl/Binaries/Win64/UE4Editor-PerforceSourceControl.dll (API version 3709383).
LogModuleManager: Display: Found up-to-date module file ../../../Engine/Plugins/Developer/SubversionSourceControl/Binaries/Win64/UE4Editor-SubversionSourceControl.dll (API version 3709383).
LogModuleManager: Display: Found up-to-date module file ../../../Engine/Plugins/Developer/UObjectPlugin/Binaries/Win64/UE4Editor-UObjectPlugin.dll (API version 3709383).
LogModuleManager: Display: Found up-to-date module file ../../../Engine/Plugins/Developer/VisualStudioCodeSourceCodeAccess/Binaries/Win64/UE4Editor-VisualStudioCodeSourceCodeAccess.dll (API version 3709383).
LogModuleManager: Display: Found up-to-date module file ../../../Engine/Plugins/Developer/VisualStudioSourceCodeAccess/Binaries/Win64/UE4Editor-VisualStudioSourceCodeAccess.dll (API version 3709383).
LogModuleManager: Display: Found up-to-date module file ../../../Engine/Plugins/Editor/AssetManagerEditor/Binaries/Win64/UE4Editor-AssetManagerEditor.dll (API version 3709383).
LogModuleManager: Display: Found up-to-date module file ../../../Engine/Plugins/Editor/AudioCapture/Binaries/Win64/UE4Editor-AudioCapture.dll (API version 3709383).
LogModuleManager: Display: Found up-to-date module file ../../../Engine/Plugins/Editor/FacialAnimation/Binaries/Win64/UE4Editor-FacialAnimation.dll (API version 3709383).
LogModuleManager: Display: Found up-to-date module file ../../../Engine/Plugins/Editor/FacialAnimation/Binaries/Win64/UE4Editor-FacialAnimationEditor.dll (API version 3709383).
LogModuleManager: Display: Found up-to-date module file ../../../Engine/Plugins/Editor/GameplayTagsEditor/Binaries/Win64/UE4Editor-GameplayTagsEditor.dll (API version 3709383).
LogModuleManager: Display: Found up-to-date module file ../../../Engine/Plugins/Editor/MobileLauncherProfileWizard/Binaries/Win64/UE4Editor-MobileLauncherProfileWizard.dll (API version 3709383).
LogModuleManager: Display: Found up-to-date module file ../../../Engine/Plugins/Editor/PluginBrowser/Binaries/Win64/UE4Editor-PluginBrowser.dll (API version 3709383).
LogModuleManager: Display: Found up-to-date module file ../../../Engine/Plugins/Editor/SpeedTreeImporter/Binaries/Win64/UE4Editor-SpeedTreeImporter.dll (API version 3709383).
LogModuleManager: Display: Found up-to-date module file ../../../Engine/Plugins/Experimental/AlembicImporter/Binaries/Win64/UE4Editor-AlembicImporter.dll (API version 3709383).
LogModuleManager: Display: Found up-to-date module file ../../../Engine/Plugins/Experimental/AlembicImporter/Binaries/Win64/UE4Editor-AlembicLibrary.dll (API version 3709383).
LogModuleManager: Display: Found up-to-date module file ../../../Engine/Plugins/Experimental/CharacterAI/Binaries/Win64/UE4Editor-CharacterAI.dll (API version 3709383).
LogModuleManager: Display: Found up-to-date module file ../../../Engine/Plugins/Experimental/HTML5Networking/Binaries/Win64/UE4Editor-HTML5Networking.dll (API version 3709383).
LogModuleManager: Display: Found up-to-date module file ../../../Engine/Plugins/Media/AndroidMedia/Binaries/Win64/UE4Editor-AndroidMediaEditor.dll (API version 3709383).
LogModuleManager: Display: Found up-to-date module file ../../../Engine/Plugins/Media/AndroidMedia/Binaries/Win64/UE4Editor-AndroidMediaFactory.dll (API version 3709383).
LogModuleManager: Display: Found up-to-date module file ../../../Engine/Plugins/Media/AvfMedia/Binaries/Win64/UE4Editor-AvfMediaEditor.dll (API version 3709383).
LogModuleManager: Display: Found up-to-date module file ../../../Engine/Plugins/Media/AvfMedia/Binaries/Win64/UE4Editor-AvfMediaFactory.dll (API version 3709383).
LogModuleManager: Display: Found up-to-date module file ../../../Engine/Plugins/Media/AvfMedia/Binaries/Win64/UE4Editor-AvfMediaFactory.dll (API version 3709383).
LogModuleManager: Display: Found up-to-date module file ../../../Engine/Plugins/Media/ImgMedia/Binaries/Win64/UE4Editor-ImgMedia.dll (API version 3709383).
LogModuleManager: Display: Found up-to-date module file ../../../Engine/Plugins/Media/ImgMedia/Binaries/Win64/UE4Editor-ImgMediaEditor.dll (API version 3709383).
LogModuleManager: Display: Found up-to-date module file ../../../Engine/Plugins/Media/ImgMedia/Binaries/Win64/UE4Editor-ImgMediaFactory.dll (API version 3709383).
LogModuleManager: Display: Found up-to-date module file ../../../Engine/Plugins/Media/ImgMedia/Binaries/Win64/UE4Editor-ImgMediaFactory.dll (API version 3709383).
LogModuleManager: Display: Found up-to-date module file ../../../Engine/Plugins/Media/ImgMedia/Binaries/Win64/UE4Editor-OpenExrWrapper.dll (API version 3709383).
LogModuleManager: Display: Found up-to-date module file ../../../Engine/Plugins/Media/MediaCompositing/Binaries/Win64/UE4Editor-MediaCompositing.dll (API version 3709383).
LogModuleManager: Display: Found up-to-date module file ../../../Engine/Plugins/Media/MediaCompositing/Binaries/Win64/UE4Editor-MediaCompositingEditor.dll (API version 3709383).
LogModuleManager: Display: Found up-to-date module file ../../../Engine/Plugins/Media/MediaPlayerEditor/Binaries/Win64/UE4Editor-MediaPlayerEditor.dll (API version 3709383).
LogModuleManager: Display: Found up-to-date module file ../../../Engine/Plugins/Media/WmfMedia/Binaries/Win64/UE4Editor-WmfMedia.dll (API version 3709383).
LogModuleManager: Display: Found up-to-date module file ../../../Engine/Plugins/Media/WmfMedia/Binaries/Win64/UE4Editor-WmfMediaEditor.dll (API version 3709383).
LogModuleManager: Display: Found up-to-date module file ../../../Engine/Plugins/Media/WmfMedia/Binaries/Win64/UE4Editor-WmfMediaFactory.dll (API version 3709383).
LogModuleManager: Display: Found up-to-date module file ../../../Engine/Plugins/Media/WmfMedia/Binaries/Win64/UE4Editor-WmfMediaFactory.dll (API version 3709383).
LogModuleManager: Display: Found up-to-date module file ../../../Engine/Plugins/Messaging/TcpMessaging/Binaries/Win64/UE4Editor-TcpMessaging.dll (API version 3709383).
LogModuleManager: Display: Found up-to-date module file ../../../Engine/Plugins/Messaging/UdpMessaging/Binaries/Win64/UE4Editor-UdpMessaging.dll (API version 3709383).
LogModuleManager: Display: Found up-to-date module file ../../../Engine/Plugins/MovieScene/ActorSequence/Binaries/Win64/UE4Editor-ActorSequence.dll (API version 3709383).
LogModuleManager: Display: Found up-to-date module file ../../../Engine/Plugins/MovieScene/LevelSequenceEditor/Binaries/Win64/UE4Editor-LevelSequenceEditor.dll (API version 3709383).
LogModuleManager: Display: Found up-to-date module file ../../../Engine/Plugins/MovieScene/MatineeToLevelSequence/Binaries/Win64/UE4Editor-MatineeToLevelSequence.dll (API version 3709383).
LogModuleManager: Display: Found up-to-date module file ../../../Engine/Plugins/Online/OnlineSubsystem/Binaries/Win64/UE4Editor-OnlineSubsystem.dll (API version 3709383).
LogModuleManager: Display: Found up-to-date module file ../../../Engine/Plugins/Online/OnlineSubsystemNull/Binaries/Win64/UE4Editor-OnlineSubsystemNull.dll (API version 3709383).
LogModuleManager: Display: Found up-to-date module file ../../../Engine/Plugins/Online/OnlineSubsystemUtils/Binaries/Win64/UE4Editor-OnlineSubsystemUtils.dll (API version 3709383).
LogModuleManager: Display: Found up-to-date module file ../../../Engine/Plugins/Online/OnlineSubsystemUtils/Binaries/Win64/UE4Editor-OnlineBlueprintSupport.dll (API version 3709383).
LogModuleManager: Display: Found up-to-date module file ../../../Engine/Plugins/Runtime/AndroidDeviceProfileSelector/Binaries/Win64/UE4Editor-AndroidDeviceProfileSelector.dll (API version 3709383).
LogModuleManager: Display: Found up-to-date module file ../../../Engine/Plugins/Runtime/AndroidPermission/Binaries/Win64/UE4Editor-AndroidPermission.dll (API version 3709383).
LogModuleManager: Display: Found up-to-date module file ../../../Engine/Plugins/Runtime/AppleARKit/Binaries/Win64/UE4Editor-AppleARKit.dll (API version 3709383).
LogModuleManager: Display: Found up-to-date module file ../../../Engine/Plugins/Runtime/ArchVisCharacter/Binaries/Win64/UE4Editor-ArchVisCharacter.dll (API version 3709383).
LogModuleManager: Display: Found up-to-date module file ../../../Engine/Plugins/Runtime/CableComponent/Binaries/Win64/UE4Editor-CableComponent.dll (API version 3709383).
LogModuleManager: Display: Found up-to-date module file ../../../Engine/Plugins/Runtime/CustomMeshComponent/Binaries/Win64/UE4Editor-CustomMeshComponent.dll (API version 3709383).
LogModuleManager: Display: Found up-to-date module file ../../../Engine/Plugins/Runtime/ExampleDeviceProfileSelector/Binaries/Win64/UE4Editor-ExampleDeviceProfileSelector.dll (API version 3709383).
LogModuleManager: Display: Found up-to-date module file ../../../Engine/Plugins/Runtime/ImmediatePhysics/Binaries/Win64/UE4Editor-ImmediatePhysics.dll (API version 3709383).
LogModuleManager: Display: Found up-to-date module file ../../../Engine/Plugins/Runtime/ImmediatePhysics/Binaries/Win64/UE4Editor-ImmediatePhysicsEditor.dll (API version 3709383).
LogModuleManager: Display: Found up-to-date module file ../../../Engine/Plugins/Runtime/LocationServicesBPLibrary/Binaries/Win64/UE4Editor-LocationServicesBPLibrary.dll (API version 3709383).
LogModuleManager: Display: Found up-to-date module file ../../../Engine/Plugins/Runtime/MobilePatchingUtils/Binaries/Win64/UE4Editor-MobilePatchingUtils.dll (API version 3709383).
LogModuleManager: Display: Found up-to-date module file ../../../Engine/Plugins/Runtime/Oculus/OculusVR/Binaries/Win64/UE4Editor-OculusHMD.dll (API version 3709383).
LogModuleManager: Display: Found up-to-date module file ../../../Engine/Plugins/Runtime/Oculus/OculusVR/Binaries/Win64/UE4Editor-OculusInput.dll (API version 3709383).
LogModuleManager: Display: Found up-to-date module file ../../../Engine/Plugins/Runtime/Oculus/OculusVR/Binaries/Win64/UE4Editor-OculusEditor.dll (API version 3709383).
LogModuleManager: Display: Found up-to-date module file ../../../Engine/Plugins/Runtime/PhysXVehicles/Binaries/Win64/UE4Editor-PhysXVehicles.dll (API version 3709383).
LogModuleManager: Display: Found up-to-date module file ../../../Engine/Plugins/Runtime/PhysXVehicles/Binaries/Win64/UE4Editor-PhysXVehiclesEditor.dll (API version 3709383).
LogModuleManager: Display: Found up-to-date module file ../../../Engine/Plugins/Runtime/ProceduralMeshComponent/Binaries/Win64/UE4Editor-ProceduralMeshComponent.dll (API version 3709383).
LogModuleManager: Display: Found up-to-date module file ../../../Engine/Plugins/Runtime/ProceduralMeshComponent/Binaries/Win64/UE4Editor-ProceduralMeshComponentEditor.dll (API version 3709383).
LogModuleManager: Display: Found up-to-date module file ../../../Engine/Plugins/Runtime/RuntimePhysXCooking/Binaries/Win64/UE4Editor-RuntimePhysXCooking.dll (API version 3709383).
LogModuleManager: Display: Found up-to-date module file ../../../Engine/Plugins/Runtime/Steam/SteamVR/Binaries/Win64/UE4Editor-SteamVR.dll (API version 3709383).
LogModuleManager: Display: Found up-to-date module file ../../../Engine/Plugins/Runtime/Steam/SteamVR/Binaries/Win64/UE4Editor-SteamVRController.dll (API version 3709383).
LogModuleManager: Display: Found up-to-date module file ../../../Engine/Plugins/Runtime/WindowsMoviePlayer/Binaries/Win64/UE4Editor-WindowsMoviePlayer.dll (API version 3709383).
LogInit: Using libcurl 7.47.1
LogInit:  - built for x86_64-pc-win32
LogInit:  - supports SSL with OpenSSL/1.0.2g
LogInit:  - supports HTTP deflate (compression) using libz 1.2.8
LogInit:  - other features:
LogInit:      CURL_VERSION_SSL
LogInit:      CURL_VERSION_LIBZ
LogInit:      CURL_VERSION_IPV6
LogInit:      CURL_VERSION_ASYNCHDNS
LogInit:      CURL_VERSION_LARGEFILE
LogInit:      CURL_VERSION_IDN
LogInit:  CurlRequestOptions (configurable via config and command line):
LogInit:  - bVerifyPeer = false  - Libcurl will NOT verify peer certificate
LogInit:  - bUseHttpProxy = false  - Libcurl will NOT use HTTP proxy
LogInit:  - bDontReuseConnections = false  - Libcurl will reuse connections
LogInit:  - CertBundlePath = nullptr  - Libcurl will use whatever was configured at build time.
LogInit: Build: ++UE4+Release-4.18-CL-3754814
LogInit: Engine Version: 4.18.1-3754814+++UE4+Release-4.18
LogInit: Compatible Engine Version: 4.18.0-3709383+++UE4+Release-4.18
LogInit: Net CL: 3709383
LogDevObjectVersion: Number of dev versions registered: 16
LogDevObjectVersion:   Dev-Blueprints (B0D832E4-1F89-4F0D-ACCF-7EB736FD4AA2): 10
LogDevObjectVersion:   Dev-Build (E1C64328-A22C-4D53-A36C-8E866417BD8C): 0
LogDevObjectVersion:   Dev-Core (375EC13C-06E4-48FB-B500-84F0262A717E): 2
LogDevObjectVersion:   Dev-Editor (E4B068ED-F494-42E9-A231-DA0B2E46BB41): 20
LogDevObjectVersion:   Dev-Framework (CFFC743F-43B0-4480-9391-14DF171D2073): 30
LogDevObjectVersion:   Dev-Mobile (B02B49B5-BB20-44E9-A304-32B752E40360): 0
LogDevObjectVersion:   Dev-Networking (A4E4105C-59A1-49B5-A7C5-40C4547EDFEE): 0
LogDevObjectVersion:   Dev-Online (39C831C9-5AE6-47DC-9A44-9C173E1C8E7C): 0
LogDevObjectVersion:   Dev-Physics (78F01B33-EBEA-4F98-B9B4-84EACCB95AA2): 0
LogDevObjectVersion:   Dev-Platform (6631380F-2D4D-43E0-8009-CF276956A95A): 0
LogDevObjectVersion:   Dev-Rendering (12F88B9F-8875-4AFC-A67C-D90C383ABD29): 20
LogDevObjectVersion:   Dev-Sequencer (7B5AE74C-D270-4C10-A958-57980B212A5A): 4
LogDevObjectVersion:   Dev-VR (D7296918-1DD6-4BDD-9DE2-64A83CC13884): 0
LogDevObjectVersion:   Dev-LoadTimes (C2A15278-BFE7-4AFE-6C17-90FF531DF755): 1
LogDevObjectVersion:   Private-Geometry (6EACA3D4-40EC-4CC1-B786-8BED09428FC5): 1
LogDevObjectVersion:   Dev-AnimPhys (29E575DD-E0A3-4627-9D10-D276232CDCEA): 12
LogInit: Compiled (64-bit): Nov 14 2017 02:05:55
LogInit: Compiled with Visual C++: 19.00.24215.01
LogInit: Build Configuration: Development
LogInit: Branch Name: ++UE4+Release-4.18
LogInit: Command line: -EpicPortal 
LogInit: Base directory: C:/Program Files/Epic Games/UE_4.18/Engine/Binaries/Win64/
LogInit: Installed Engine Build: 1
LogInit: Presizing for max 8388607 objects, including 0 objects not considered by GC, pre-allocating 0 bytes for permanent pool.
LogInit: Object subsystem initialized
[2018.01.12-01.33.52:522][  0]LogInit: Selected Device Profile: [Windows]
[2018.01.12-01.33.52:522][  0]LogInit: Applying CVar settings loaded from the selected device profile: [Windows]
[2018.01.12-01.33.52:535][  0]LogInit: Computer: ASUMMERS
[2018.01.12-01.33.52:535][  0]LogInit: User: AshtonSummers
[2018.01.12-01.33.52:535][  0]LogInit: CPU Page size=4096, Cores=4
[2018.01.12-01.33.52:535][  0]LogInit: High frequency timer resolution =3.914061 MHz
[2018.01.12-01.33.52:535][  0]LogMemory: Memory total: Physical=15.9GB (16GB approx)
[2018.01.12-01.33.52:535][  0]LogMemory: Platform Memory Stats for Windows
[2018.01.12-01.33.52:535][  0]LogMemory: Process Physical Memory: 273.94 MB used, 273.94 MB peak
[2018.01.12-01.33.52:535][  0]LogMemory: Process Virtual Memory: 269.73 MB used, 269.73 MB peak
[2018.01.12-01.33.52:535][  0]LogMemory: Physical Memory: 5128.92 MB used,  11191.23 MB free, 16320.14 MB total
[2018.01.12-01.33.52:535][  0]LogMemory: Virtual Memory: 677.86 MB used,  11191.23 MB free, 134217728.00 MB total
[2018.01.12-01.33.52:640][  0]LogInit: Using OS detected language (en-US).
[2018.01.12-01.33.52:640][  0]LogInit: Using OS detected locale (en-US).
[2018.01.12-01.33.52:642][  0]LogTextLocalizationManager: No specific localization for 'en-US' exists, so the 'en' localization will be used.
[2018.01.12-01.33.52:956][  0]LogInit: Setting process to per monitor DPI aware
[2018.01.12-01.33.53:188][  0]LogD3D11RHI: D3D11 adapters:
[2018.01.12-01.33.53:248][  0]LogD3D11RHI:    0. 'NVIDIA GeForce GTX 1070' (Feature Level 11_0)
[2018.01.12-01.33.53:248][  0]LogD3D11RHI:       8096/0/8160 MB DedicatedVideo/DedicatedSystem/SharedSystem, Outputs:1, VendorId:0x10de
[2018.01.12-01.33.53:251][  0]LogD3D11RHI:    1. 'Microsoft Basic Render Driver' (Feature Level 11_0)
[2018.01.12-01.33.53:251][  0]LogD3D11RHI:       0/0/8160 MB DedicatedVideo/DedicatedSystem/SharedSystem, Outputs:0, VendorId:0x1414
[2018.01.12-01.33.53:251][  0]LogD3D11RHI: Chosen D3D11 Adapter: 0
[2018.01.12-01.33.53:273][  0]LogD3D11RHI: Creating new Direct3DDevice
[2018.01.12-01.33.53:273][  0]LogD3D11RHI:     GPU DeviceId: 0x1b81 (for the marketing name, search the web for "GPU Device Id")
[2018.01.12-01.33.53:273][  0]LogWindows: EnumDisplayDevices:
[2018.01.12-01.33.53:273][  0]LogWindows:    0. 'NVIDIA GeForce GTX 1070' (P:1 D:1)
[2018.01.12-01.33.53:273][  0]LogWindows:    1. 'NVIDIA GeForce GTX 1070' (P:0 D:0)
[2018.01.12-01.33.53:273][  0]LogWindows:    2. 'NVIDIA GeForce GTX 1070' (P:0 D:0)
[2018.01.12-01.33.53:273][  0]LogWindows:    3. 'NVIDIA GeForce GTX 1070' (P:0 D:0)
[2018.01.12-01.33.53:274][  0]LogWindows: DebugString: GetVideoDriverDetailsInvalid PrimaryIsNotTheChoosenAdapter GetVideoDriverDetailsInvalid PrimaryIsNotTheChoosenAdapter GetVideoDriverDetailsInvalid PrimaryIsNotTheChoosenAdapter GetVideoDriverDetailsInvalid PrimaryIsNotTheChoosenAdapter FoundDriverCount:0 
[2018.01.12-01.33.53:274][  0]LogD3D11RHI:     Adapter Name: NVIDIA GeForce GTX 1070
[2018.01.12-01.33.53:274][  0]LogD3D11RHI:   Driver Version: Unknown (internal:Unknown, unified:Unknown)
[2018.01.12-01.33.53:274][  0]LogD3D11RHI:      Driver Date: Unknown
[2018.01.12-01.33.53:274][  0]LogRHI: Texture pool is 5667 MB (70% of 8096 MB)
[2018.01.12-01.33.53:312][  0]LogD3D11RHI: Async texture creation enabled
[2018.01.12-01.33.53:436][  0]LogD3D11RHI: GPU Timing Frequency: 1000.000000 (Debug: 2 1)
[2018.01.12-01.33.53:480][  0]LogShaderCompilers: Guid format shader working directory is -46 characters bigger than the processId version (../../../../../../Users/Ashton Summers/Documents/Code/Unreal Engine/Projects/StealthGame/Stealth_Game/Intermediate/Shaders/WorkingDirectory/1116/).
[2018.01.12-01.33.53:480][  0]LogShaderCompilers: Cleaned the shader compiler working directory 'C:/Users/Ashton Summers/AppData/Local/Temp/UnrealShaderWorkingDir/86D8DE714DBA7CB081F472BE091EB0C4/'.
[2018.01.12-01.33.53:480][  0]LogShaderCompilers: Display: Using Local Shader Compiler.
[2018.01.12-01.33.54:498][  0]LogTemp: Display: Loaded TP AllDesktopTargetPlatform
[2018.01.12-01.33.54:548][  0]LogTemp: Display: Loaded TP MacClientTargetPlatform
[2018.01.12-01.33.54:587][  0]LogTemp: Display: Loaded TP MacNoEditorTargetPlatform
[2018.01.12-01.33.54:628][  0]LogTemp: Display: Loaded TP MacServerTargetPlatform
[2018.01.12-01.33.54:668][  0]LogTemp: Display: Loaded TP MacTargetPlatform
[2018.01.12-01.33.54:735][  0]LogTemp: Display: Loaded TP WindowsClientTargetPlatform
[2018.01.12-01.33.54:785][  0]LogTemp: Display: Loaded TP WindowsNoEditorTargetPlatform
[2018.01.12-01.33.54:823][  0]LogTemp: Display: Loaded TP WindowsServerTargetPlatform
[2018.01.12-01.33.54:862][  0]LogTemp: Display: Loaded TP WindowsTargetPlatform
[2018.01.12-01.33.54:901][  0]LogTemp: Display: Loaded TP Android_ASTCTargetPlatform
[2018.01.12-01.33.54:938][  0]LogTemp: Display: Loaded TP Android_ATCTargetPlatform
[2018.01.12-01.33.54:974][  0]LogTemp: Display: Loaded TP Android_DXTTargetPlatform
[2018.01.12-01.33.55:011][  0]LogTemp: Display: Loaded TP Android_ETC1TargetPlatform
[2018.01.12-01.33.55:053][  0]LogTemp: Display: Loaded TP Android_ETC2TargetPlatform
[2018.01.12-01.33.55:149][  0]LogTemp: Display: Loaded TP Android_MultiTargetPlatform
[2018.01.12-01.33.55:149][  0]LogTemp: Display: Loaded TP Android_PVRTCTargetPlatform
[2018.01.12-01.33.55:191][  0]LogTemp: Display: Loaded TP AndroidTargetPlatform
[2018.01.12-01.33.55:220][  0]LogTemp: Display: Loaded TP HTML5TargetPlatform
[2018.01.12-01.33.55:298][  0]LogTemp: Display: Loaded TP IOSTargetPlatform
[2018.01.12-01.33.55:319][  0]LogTemp: Display: Loaded TP TVOSTargetPlatform
[2018.01.12-01.33.55:356][  0]LogTemp: Display: Loaded TP LinuxClientTargetPlatform
[2018.01.12-01.33.55:392][  0]LogTemp: Display: Loaded TP LinuxNoEditorTargetPlatform
[2018.01.12-01.33.55:429][  0]LogTemp: Display: Loaded TP LinuxServerTargetPlatform
[2018.01.12-01.33.55:467][  0]LogTemp: Display: Loaded TP LinuxTargetPlatform
[2018.01.12-01.33.55:467][  0]LogTargetPlatformManager: Display: Building Assets For Windows
[2018.01.12-01.33.55:810][  0]LogDerivedDataCache: Display: Max Cache Size: 512 MB
[2018.01.12-01.33.55:869][  0]LogDerivedDataCache: Loaded boot cache 0.06s 79MB C:/Users/Ashton Summers/AppData/Local/UnrealEngine/4.18/DerivedDataCache/Boot.ddc.
[2018.01.12-01.33.55:869][  0]LogDerivedDataCache: Display: Loaded Boot cache: C:/Users/Ashton Summers/AppData/Local/UnrealEngine/4.18/DerivedDataCache/Boot.ddc
[2018.01.12-01.33.55:869][  0]LogDerivedDataCache: FDerivedDataBackendGraph:  Pak pak cache file ../../../../../../Users/Ashton Summers/Documents/Code/Unreal Engine/Projects/StealthGame/Stealth_Game/DerivedDataCache/DDC.ddp not found, will not use a pak cache.
[2018.01.12-01.33.55:869][  0]LogDerivedDataCache: Unable to find inner node Pak for hierarchical cache Hierarchy.
[2018.01.12-01.33.55:869][  0]LogDerivedDataCache: FDerivedDataBackendGraph:  CompressedPak pak cache file ../../../../../../Users/Ashton Summers/Documents/Code/Unreal Engine/Projects/StealthGame/Stealth_Game/DerivedDataCache/Compressed.ddp not found, will not use a pak cache.
[2018.01.12-01.33.55:869][  0]LogDerivedDataCache: Unable to find inner node CompressedPak for hierarchical cache Hierarchy.
[2018.01.12-01.33.55:882][  0]LogDerivedDataCache: Display: Pak cache opened for reading ../../../Engine/DerivedDataCache/Compressed.ddp.
[2018.01.12-01.33.55:893][  0]LogDerivedDataCache: Using Local data cache path C:/Users/Ashton Summers/AppData/Local/UnrealEngine/Common/DerivedDataCache: Writable
[2018.01.12-01.33.55:901][  0]LogMaterial: Verifying Global Shaders for PCD3D_SM5
[2018.01.12-01.33.55:901][  0]LogSlate: Using Freetype 2.6.0
[2018.01.12-01.33.55:902][  0]LogSlate: SlateFontCache - WITH_FREETYPE: 1, WITH_HARFBUZZ: 1
[2018.01.12-01.33.55:902][  0]LogSlate: SlateFontCache - WITH_FREETYPE: 1, WITH_HARFBUZZ: 1
[2018.01.12-01.33.56:183][  0]LogInit: Selected Device Profile: [Windows]
[2018.01.12-01.33.56:440][  0]LogSimplygon: Simplygon DLL not present - disabling.
[2018.01.12-01.33.56:479][  0]LogMeshReduction: Using SimplygonSwarm for distributed automatic mesh merging
[2018.01.12-01.33.56:479][  0]LogMeshReduction: Using QuadricMeshReduction for automatic static mesh reduction
[2018.01.12-01.33.56:479][  0]LogMeshReduction: No automatic skeletal mesh reduction module available
[2018.01.12-01.33.56:479][  0]LogMeshReduction: No automatic mesh merging module available
[2018.01.12-01.33.56:479][  0]LogMeshMerging: No automatic mesh merging module available
[2018.01.12-01.33.56:505][  0]LogNetVersion: FPSGame , NetCL: 3709383, EngineNetVer: 2, GameNetVer: 0 (Checksum: 875609505)
[2018.01.12-01.33.56:656][  0]LogAssetRegistry: FAssetRegistry took 0.0267 seconds to start up
[2018.01.12-01.33.57:098][  0]LogPackageLocalizationCache: Processed 7 localized package path(s) for 2 prioritized culture(s) in 0.083741 seconds
[2018.01.12-01.33.57:104][  0]LogUObjectArray: 35900 objects as part of root set at end of initial load.
[2018.01.12-01.33.57:104][  0]LogUObjectAllocator: 7372016 out of 0 bytes used by permanent object pool.
[2018.01.12-01.33.57:104][  0]LogUObjectArray: CloseDisregardForGC: 0/0 objects in disregard for GC pool
[2018.01.12-01.33.57:146][  0]LogInit: WinSock: version 1.1 (2.2), MaxSocks=32767, MaxUdp=65467
[2018.01.12-01.33.59:339][  0]LogTcpMessaging: Initializing TcpMessaging bridge
[2018.01.12-01.33.59:380][  0]LogUdpMessaging: Initializing bridge on interface 0.0.0.0:0 to multicast group 230.0.0.1:6666.
[2018.01.12-01.34.00:102][  0]LogMaterial: Uniform references updated for custom material expression Custom.
[2018.01.12-01.34.00:394][  0]SourceControl: Source control is disabled
[2018.01.12-01.34.00:394][  0]SourceControl: Source control is disabled
[2018.01.12-01.34.00:431][  0]SourceControl: Source control is disabled
[2018.01.12-01.34.00:467][  0]SourceControl: Source control is disabled
[2018.01.12-01.34.01:030][  0]LogAndroidPermission: UAndroidPermissionCallbackProxy::GetInstance
[2018.01.12-01.34.01:221][  0]LogOcInput: OculusInput pre-init called
[2018.01.12-01.34.01:421][  0]LogEngine: Initializing Engine...
[2018.01.12-01.34.01:422][  0]LogHMD: Failed to initialize OpenVR with code 110
[2018.01.12-01.34.01:570][  0]LogStats: UGameplayTagsManager::ConstructGameplayTagTree: Construct from data asset -  0.000 s
[2018.01.12-01.34.01:570][  0]LogStats: UGameplayTagsManager::ConstructGameplayTagTree: GameplayTagTreeChangedEvent.Broadcast -  0.000 s
[2018.01.12-01.34.01:664][  0]LogAIModule: Creating AISystem for world Untitled
[2018.01.12-01.34.01:676][  0]LogInit: XAudio2 using 'Headset Earphone (Astro MixAmp Pro Voice)' : 2 channels at 48 kHz using 16 bits per sample (channel mask 0x3)
[2018.01.12-01.34.01:685][  0]LogInit: FAudioDevice initialized.
[2018.01.12-01.34.01:754][  0]LogDerivedDataCache: Saved boot cache 0.07s 79MB C:/Users/Ashton Summers/AppData/Local/UnrealEngine/4.18/DerivedDataCache/Boot.ddc.
[2018.01.12-01.34.01:764][  0]LogInit: Texture streaming: Enabled
[2018.01.12-01.34.01:835][  0]LogEngineSessionManager: EngineSessionManager initialized
[2018.01.12-01.34.01:929][  0]LogInit: Transaction tracking system initialized
[2018.01.12-01.34.02:146][  0]BlueprintLog: New page: Editor Load
[2018.01.12-01.34.02:795][  0]LocalizationService: Localization service is disabled
[2018.01.12-01.34.03:175][  0]LogLinker: Warning: Can't find file '/Game/SideScrollerCPP/SideScrollerOverview'
[2018.01.12-01.34.03:176][  0]LogLinker: Warning: Can't find file '/Game/SideScrollerCPP/SideScrollerOverview'
[2018.01.12-01.34.03:176][  0]LogUObjectGlobals: Warning: Failed to find object 'Class /Game/SideScrollerCPP/SideScrollerOverview.SideScrollerOverview_C'
[2018.01.12-01.34.03:339][  0]LogConsoleResponse: Display: 
[2018.01.12-01.34.03:462][  0]LogCook: Display: Max memory allowance for cook 16384mb min free memory 0mb
[2018.01.12-01.34.03:462][  0]LogCook: Display: Mobile HDR setting 1
[2018.01.12-01.34.03:462][  0]LogGameplayTags: Display: UGameplayTagsManager::DoneAddingNativeTags. DelegateIsBound: 0
[2018.01.12-01.34.04:309][  0]LogFileCache: Scanning file cache for directory 'C:/Users/Ashton Summers/Documents/Code/Unreal Engine/Projects/StealthGame/Stealth_Game/Content/' took 0.01s
[2018.01.12-01.34.04:309][  0]SourceControl: Source control is disabled
[2018.01.12-01.34.04:309][  0]Cmd: MAP LOAD FILE="../../../../../../Users/Ashton Summers/Documents/Code/Unreal Engine/Projects/StealthGame/Stealth_Game/Content/Maps/FirstPersonExampleMap.umap" TEMPLATE=0 SHOWPROGRESS=1 FEATURELEVEL=3
[2018.01.12-01.34.04:309][  0]LightingResults: New page: Lighting Build
[2018.01.12-01.34.04:338][  0]MapCheck: New page: Map Check
[2018.01.12-01.34.04:338][  0]LightingResults: New page: Lighting Build
[2018.01.12-01.34.04:674][  0]LogAIModule: Creating AISystem for world FirstPersonExampleMap
[2018.01.12-01.34.04:688][  0]LogEditorServer: Finished looking for orphan Actors (0.000 secs)
[2018.01.12-01.34.04:696][  0]Cmd: MAP CHECKDEP NOCLEARLOG
[2018.01.12-01.34.04:733][  0]MapCheck: Map check complete: 0 Error(s), 0 Warning(s), took 36.285ms to complete.
[2018.01.12-01.34.04:733][  0]LogFileHelpers: Loading map 'FirstPersonExampleMap' took 0.424
[2018.01.12-01.34.04:871][  0]LogCollectionManager: Loaded 0 collections in 0.001143 seconds
[2018.01.12-01.34.04:948][  0]LogFileCache: Scanning file cache for directory 'C:/Users/Ashton Summers/Documents/Code/Unreal Engine/Projects/StealthGame/Stealth_Game/Saved/Collections/' took 0.01s
[2018.01.12-01.34.04:948][  0]LogFileCache: Scanning file cache for directory 'C:/Users/Ashton Summers/Documents/Code/Unreal Engine/Projects/StealthGame/Stealth_Game/Content/Developers/AshtonSummers/Collections/' took 0.01s
[2018.01.12-01.34.04:948][  0]LogFileCache: Scanning file cache for directory 'C:/Users/Ashton Summers/Documents/Code/Unreal Engine/Projects/StealthGame/Stealth_Game/Content/Collections/' took 0.01s
[2018.01.12-01.34.04:948][  0]LogCollectionManager: Rebuilt the GUID cache for 0 collections in 0.000001 seconds
[2018.01.12-01.34.04:956][  0]LogContentBrowser: Native class hierarchy populated in 0.0067 seconds. Added 2368 classes and 522 folders.
[2018.01.12-01.34.05:003][  0]LogContentBrowser: Native class hierarchy updated for 'WidgetCarousel' in 0.0005 seconds. Added 0 classes and 0 folders.
[2018.01.12-01.34.05:288][  0]LogContentBrowser: Native class hierarchy updated for 'AddContentDialog' in 0.0005 seconds. Added 0 classes and 0 folders.
[2018.01.12-01.34.05:325][  0]LogContentBrowser: Native class hierarchy updated for 'SceneOutliner' in 0.0006 seconds. Added 1 classes and 2 folders.
[2018.01.12-01.34.05:457][  0]LogSlate: Took 0.000159 seconds to synchronously load lazily loaded font '../../../Engine/Content/Slate/Fonts/Roboto-Regular.ttf' (155K)
[2018.01.12-01.34.05:460][  0]LogSlate: Took 0.000155 seconds to synchronously load lazily loaded font '../../../Engine/Content/Slate/Fonts/Roboto-Bold.ttf' (160K)
[2018.01.12-01.34.05:470][  0]LogSlate: Took 0.005117 seconds to synchronously load lazily loaded font '../../../Engine/Content/Editor/Slate/Fonts/FontAwesome.ttf' (139K)
[2018.01.12-01.34.05:597][  0]LogRenderer: Reallocating scene render targets to support 1216x628 Format 10 NumSamples 1 (Frame:1).
[2018.01.12-01.34.05:733][  0]LogContentBrowser: Native class hierarchy updated for 'HierarchicalLODOutliner' in 0.0005 seconds. Added 1 classes and 2 folders.
[2018.01.12-01.34.05:733][  0]LogLoad: (Engine Initialization) Total time: 15.20 seconds
[2018.01.12-01.34.05:733][  0]LogLoad: (Engine Initialization) Total Blueprint compile time: 0.00 seconds
[2018.01.12-01.34.05:733][  0]LogExternalProfiler: No external profilers were discovered.  External profiling features will not be available.
[2018.01.12-01.34.06:090][  0]LogAssetRegistry: Asset discovery search completed in 9.4554 seconds
[2018.01.12-01.34.06:091][  0]LogCollectionManager: Rebuilt the object cache for 0 collections in 0.000000 seconds (found 0 objects)
[2018.01.12-01.34.06:092][  0]LogCollectionManager: Fixed up redirectors for 0 collections in 0.000060 seconds (updated 0 objects)
[2018.01.12-01.34.06:094][  0]LogContentStreaming: Texture pool size now 1000 MB
[2018.01.12-01.36.04:314][339]LogSlate: Took 0.003649 seconds to synchronously load lazily loaded font '../../../Engine/Content/Slate/Fonts/Roboto-Light.ttf' (159K)
[2018.01.12-01.36.04:584][339]LogContentBrowser: Native class hierarchy updated for 'BlueprintGraph' in 0.0008 seconds. Added 116 classes and 0 folders.
[2018.01.12-01.36.05:139][339]LogSlate: Took 0.000121 seconds to synchronously load lazily loaded font '../../../Engine/Content/Slate/Fonts/Roboto-Light.ttf' (159K)
[2018.01.12-01.36.05:143][339]LogSlate: Took 0.003458 seconds to synchronously load lazily loaded font '../../../Engine/Content/Editor/Slate/Fonts/Roboto-BoldCondensed.ttf' (158K)
[2018.01.12-01.36.14:363][878]PIE: UWidget::RemoveFromParent() called on '/Engine/Transient.TextBlock_94' which has no UMG parent (if it was added directly to a native Slate widget via TakeWidget() then it must be removed explicitly rather than via RemoveFromParent())
[2018.01.12-01.36.14:365][878]PIE: UWidget::RemoveFromParent() called on '/Engine/Transient.TextBlock_96' which has no UMG parent (if it was added directly to a native Slate widget via TakeWidget() then it must be removed explicitly rather than via RemoveFromParent())
[2018.01.12-01.36.14:367][878]PIE: UWidget::RemoveFromParent() called on '/Engine/Transient.TextBlock_98' which has no UMG parent (if it was added directly to a native Slate widget via TakeWidget() then it must be removed explicitly rather than via RemoveFromParent())
[2018.01.12-01.36.14:389][879]PIE: UWidget::RemoveFromParent() called on '/Engine/Transient.TextBlock_100' which has no UMG parent (if it was added directly to a native Slate widget via TakeWidget() then it must be removed explicitly rather than via RemoveFromParent())
[2018.01.12-01.36.14:391][879]PIE: UWidget::RemoveFromParent() called on '/Engine/Transient.TextBlock_102' which has no UMG parent (if it was added directly to a native Slate widget via TakeWidget() then it must be removed explicitly rather than via RemoveFromParent())
[2018.01.12-01.36.14:403][880]PIE: UWidget::RemoveFromParent() called on '/Engine/Transient.TextBlock_104' which has no UMG parent (if it was added directly to a native Slate widget via TakeWidget() then it must be removed explicitly rather than via RemoveFromParent())
[2018.01.12-01.36.14:405][880]PIE: UWidget::RemoveFromParent() called on '/Engine/Transient.TextBlock_106' which has no UMG parent (if it was added directly to a native Slate widget via TakeWidget() then it must be removed explicitly rather than via RemoveFromParent())
[2018.01.12-01.36.14:422][881]PIE: UWidget::RemoveFromParent() called on '/Engine/Transient.TextBlock_108' which has no UMG parent (if it was added directly to a native Slate widget via TakeWidget() then it must be removed explicitly rather than via RemoveFromParent())
[2018.01.12-01.36.14:424][881]PIE: UWidget::RemoveFromParent() called on '/Engine/Transient.TextBlock_110' which has no UMG parent (if it was added directly to a native Slate widget via TakeWidget() then it must be removed explicitly rather than via RemoveFromParent())
[2018.01.12-01.36.14:439][882]PIE: UWidget::RemoveFromParent() called on '/Engine/Transient.TextBlock_112' which has no UMG parent (if it was added directly to a native Slate widget via TakeWidget() then it must be removed explicitly rather than via RemoveFromParent())
[2018.01.12-01.36.14:440][882]PIE: UWidget::RemoveFromParent() called on '/Engine/Transient.TextBlock_114' which has no UMG parent (if it was added directly to a native Slate widget via TakeWidget() then it must be removed explicitly rather than via RemoveFromParent())
[2018.01.12-01.36.14:441][882]PIE: UWidget::RemoveFromParent() called on '/Engine/Transient.TextBlock_116' which has no UMG parent (if it was added directly to a native Slate widget via TakeWidget() then it must be removed explicitly rather than via RemoveFromParent())
[2018.01.12-01.36.14:458][883]PIE: UWidget::RemoveFromParent() called on '/Engine/Transient.TextBlock_118' which has no UMG parent (if it was added directly to a native Slate widget via TakeWidget() then it must be removed explicitly rather than via RemoveFromParent())
[2018.01.12-01.36.14:460][883]PIE: UWidget::RemoveFromParent() called on '/Engine/Transient.TextBlock_120' which has no UMG parent (if it was added directly to a native Slate widget via TakeWidget() then it must be removed explicitly rather than via RemoveFromParent())
[2018.01.12-01.36.14:479][884]PIE: UWidget::RemoveFromParent() called on '/Engine/Transient.TextBlock_122' which has no UMG parent (if it was added directly to a native Slate widget via TakeWidget() then it must be removed explicitly rather than via RemoveFromParent())
[2018.01.12-01.36.14:481][884]PIE: UWidget::RemoveFromParent() called on '/Engine/Transient.TextBlock_124' which has no UMG parent (if it was added directly to a native Slate widget via TakeWidget() then it must be removed explicitly rather than via RemoveFromParent())
[2018.01.12-01.36.14:498][885]PIE: UWidget::RemoveFromParent() called on '/Engine/Transient.TextBlock_126' which has no UMG parent (if it was added directly to a native Slate widget via TakeWidget() then it must be removed explicitly rather than via RemoveFromParent())
[2018.01.12-01.36.14:500][885]PIE: UWidget::RemoveFromParent() called on '/Engine/Transient.TextBlock_128' which has no UMG parent (if it was added directly to a native Slate widget via TakeWidget() then it must be removed explicitly rather than via RemoveFromParent())
[2018.01.12-01.36.14:517][886]PIE: UWidget::RemoveFromParent() called on '/Engine/Transient.TextBlock_130' which has no UMG parent (if it was added directly to a native Slate widget via TakeWidget() then it must be removed explicitly rather than via RemoveFromParent())
[2018.01.12-01.36.14:519][886]PIE: UWidget::RemoveFromParent() called on '/Engine/Transient.TextBlock_132' which has no UMG parent (if it was added directly to a native Slate widget via TakeWidget() then it must be removed explicitly rather than via RemoveFromParent())
[2018.01.12-01.36.14:538][887]PIE: UWidget::RemoveFromParent() called on '/Engine/Transient.TextBlock_134' which has no UMG parent (if it was added directly to a native Slate widget via TakeWidget() then it must be removed explicitly rather than via RemoveFromParent())
[2018.01.12-01.36.14:557][888]PIE: UWidget::RemoveFromParent() called on '/Engine/Transient.TextBlock_136' which has no UMG parent (if it was added directly to a native Slate widget via TakeWidget() then it must be removed explicitly rather than via RemoveFromParent())
[2018.01.12-01.36.14:576][889]PIE: UWidget::RemoveFromParent() called on '/Engine/Transient.TextBlock_138' which has no UMG parent (if it was added directly to a native Slate widget via TakeWidget() then it must be removed explicitly rather than via RemoveFromParent())
[2018.01.12-01.36.14:600][890]PIE: UWidget::RemoveFromParent() called on '/Engine/Transient.TextBlock_140' which has no UMG parent (if it was added directly to a native Slate widget via TakeWidget() then it must be removed explicitly rather than via RemoveFromParent())
[2018.01.12-01.36.14:622][891]PIE: UWidget::RemoveFromParent() called on '/Engine/Transient.TextBlock_142' which has no UMG parent (if it was added directly to a native Slate widget via TakeWidget() then it must be removed explicitly rather than via RemoveFromParent())
[2018.01.12-01.36.14:643][892]PIE: UWidget::RemoveFromParent() called on '/Engine/Transient.TextBlock_144' which has no UMG parent (if it was added directly to a native Slate widget via TakeWidget() then it must be removed explicitly rather than via RemoveFromParent())
[2018.01.12-01.36.14:660][893]PIE: UWidget::RemoveFromParent() called on '/Engine/Transient.TextBlock_146' which has no UMG parent (if it was added directly to a native Slate widget via TakeWidget() then it must be removed explicitly rather than via RemoveFromParent())
[2018.01.12-01.36.14:688][894]PIE: UWidget::RemoveFromParent() called on '/Engine/Transient.TextBlock_148' which has no UMG parent (if it was added directly to a native Slate widget via TakeWidget() then it must be removed explicitly rather than via RemoveFromParent())
[2018.01.12-01.36.14:708][895]PIE: UWidget::RemoveFromParent() called on '/Engine/Transient.TextBlock_150' which has no UMG parent (if it was added directly to a native Slate widget via TakeWidget() then it must be removed explicitly rather than via RemoveFromParent())
[2018.01.12-01.36.14:730][896]PIE: UWidget::RemoveFromParent() called on '/Engine/Transient.TextBlock_152' which has no UMG parent (if it was added directly to a native Slate widget via TakeWidget() then it must be removed explicitly rather than via RemoveFromParent())
[2018.01.12-01.36.14:751][897]PIE: UWidget::RemoveFromParent() called on '/Engine/Transient.TextBlock_154' which has no UMG parent (if it was added directly to a native Slate widget via TakeWidget() then it must be removed explicitly rather than via RemoveFromParent())
[2018.01.12-01.36.14:772][898]PIE: UWidget::RemoveFromParent() called on '/Engine/Transient.TextBlock_156' which has no UMG parent (if it was added directly to a native Slate widget via TakeWidget() then it must be removed explicitly rather than via RemoveFromParent())
[2018.01.12-01.36.14:774][898]PIE: UWidget::RemoveFromParent() called on '/Engine/Transient.TextBlock_158' which has no UMG parent (if it was added directly to a native Slate widget via TakeWidget() then it must be removed explicitly rather than via RemoveFromParent())
[2018.01.12-01.36.14:793][899]PIE: UWidget::RemoveFromParent() called on '/Engine/Transient.TextBlock_160' which has no UMG parent (if it was added directly to a native Slate widget via TakeWidget() then it must be removed explicitly rather than via RemoveFromParent())
[2018.01.12-01.36.14:813][900]PIE: UWidget::RemoveFromParent() called on '/Engine/Transient.TextBlock_162' which has no UMG parent (if it was added directly to a native Slate widget via TakeWidget() then it must be removed explicitly rather than via RemoveFromParent())
[2018.01.12-01.36.35:188][150]BlueprintLog: New page: Compile WBP_ObjectiveInfo
[2018.01.12-01.36.35:313][150]LogSavePackage: Save=10.31ms
[2018.01.12-01.36.35:313][150]LogSavePackage: Moving '../../../../../../Users/Ashton Summers/Documents/Code/Unreal Engine/Projects/StealthGame/Stealth_Game/Saved/WBP_ObjectiveInfo2DFCAB6D41FCEC8ECED495ACEDF1B0A1.tmp' to '../../../../../../Users/Ashton Summers/Documents/Code/Unreal Engine/Projects/StealthGame/Stealth_Game/Content/UI/WBP_ObjectiveInfo.uasset'
[2018.01.12-01.36.35:323][150]LogSavePackage: Display: Finished SavePackage ../../../../../../Users/Ashton Summers/Documents/Code/Unreal Engine/Projects/StealthGame/Stealth_Game/Content/UI/WBP_ObjectiveInfo.uasset
[2018.01.12-01.37.43:786][794]LogSlate: Warning: Prevented a slow task dialog from being summoned while a context menu was open
[2018.01.12-01.38.00:364][305]LogSlate: Took 0.004143 seconds to synchronously load lazily loaded font '../../../Engine/Content/Editor/Slate/Fonts/Roboto-Italic.ttf' (157K)
[2018.01.12-01.38.02:763][436]BlueprintLog: New page: Compile BP_HUD
[2018.01.12-01.38.02:767][436]LogBlueprint: Error: [Compiler BP_HUD] This blueprint (self) is not a UserWidget, therefore ' Target ' must have a connection.
[2018.01.12-01.38.02:852][436]LogBlueprint: Warning: [Compiler BP_HUD] [0252.32] Compile of BP_HUD failed. 1 Fatal Issue(s) 0 Warning(s) [in 88 ms] (/Game/Blueprints/BP_HUD.BP_HUD)
[2018.01.12-01.38.17:132][894]BlueprintLog: New page: Compile BP_HUD
[2018.01.12-01.38.17:243][894]LogSavePackage: Save=10.62ms
[2018.01.12-01.38.17:243][894]LogSavePackage: Moving '../../../../../../Users/Ashton Summers/Documents/Code/Unreal Engine/Projects/StealthGame/Stealth_Game/Saved/BP_HUD1C7666724C691B537A91D383BDCB1997.tmp' to '../../../../../../Users/Ashton Summers/Documents/Code/Unreal Engine/Projects/StealthGame/Stealth_Game/Content/Blueprints/BP_HUD.uasset'
[2018.01.12-01.38.17:247][894]LogSavePackage: Display: Finished SavePackage ../../../../../../Users/Ashton Summers/Documents/Code/Unreal Engine/Projects/StealthGame/Stealth_Game/Content/Blueprints/BP_HUD.uasset
[2018.01.12-01.39.46:579][850]LogSlate: Warning: Prevented a slow task dialog from being summoned while a context menu was open
[2018.01.12-01.39.49:785][976]BlueprintLog: New page: Compile BP_GameMode
[2018.01.12-01.39.49:955][976]LogSavePackage: Save=8.28ms
[2018.01.12-01.39.49:956][976]LogSavePackage: Moving '../../../../../../Users/Ashton Summers/Documents/Code/Unreal Engine/Projects/StealthGame/Stealth_Game/Saved/BP_GameModeF857068D4F125CFCF1CCB1B3E6A2D309.tmp' to '../../../../../../Users/Ashton Summers/Documents/Code/Unreal Engine/Projects/StealthGame/Stealth_Game/Content/Blueprints/BP_GameMode.uasset'
[2018.01.12-01.39.49:958][976]LogSavePackage: Display: Finished SavePackage ../../../../../../Users/Ashton Summers/Documents/Code/Unreal Engine/Projects/StealthGame/Stealth_Game/Content/Blueprints/BP_GameMode.uasset
[2018.01.12-01.39.51:328][ 37]LogActorComponent: UnregisterComponent: (/Engine/Transient.EditorFloorComp) Not registered. Aborting.
[2018.01.12-01.40.00:000][756]LogSlate: Warning: Prevented a slow task dialog from being summoned while a context menu was open
[2018.01.12-01.40.06:028][234]LogSavePackage: Save=143.09ms
[2018.01.12-01.40.06:028][234]LogSavePackage: Moving '../../../../../../Users/Ashton Summers/Documents/Code/Unreal Engine/Projects/StealthGame/Stealth_Game/Saved/FirstPersonExampleMap1AFA80364F83D564C47A018E2BFE42B7.tmp' to '../../../../../../Users/Ashton Summers/Documents/Code/Unreal Engine/Projects/StealthGame/Stealth_Game/Content/Maps/FirstPersonExampleMap.umap'
[2018.01.12-01.40.06:031][234]LogSavePackage: Display: Finished SavePackage ../../../../../../Users/Ashton Summers/Documents/Code/Unreal Engine/Projects/StealthGame/Stealth_Game/Content/Maps/FirstPersonExampleMap.umap
[2018.01.12-01.40.06:159][234]LogSavePackage: Save=95.17ms
[2018.01.12-01.40.06:159][234]LogSavePackage: Moving '../../../../../../Users/Ashton Summers/Documents/Code/Unreal Engine/Projects/StealthGame/Stealth_Game/Saved/FirstPersonExampleMap_BuiltData85D3A79C4A7B3EAF591BED9B32E986ED.tmp' to '../../../../../../Users/Ashton Summers/Documents/Code/Unreal Engine/Projects/StealthGame/Stealth_Game/Content/Maps/FirstPersonExampleMap_BuiltData.uasset'
[2018.01.12-01.40.06:160][234]LogSavePackage: Display: Finished SavePackage ../../../../../../Users/Ashton Summers/Documents/Code/Unreal Engine/Projects/StealthGame/Stealth_Game/Content/Maps/FirstPersonExampleMap_BuiltData.uasset
[2018.01.12-01.40.19:082][995]LogTemp: Repeating last play command: Selected Viewport
[2018.01.12-01.40.19:124][995]LogBlueprintUserMessages: Early PlayInEditor Detection: Level '/Game/Maps/FirstPersonExampleMap.FirstPersonExampleMap:PersistentLevel' has LevelScriptBlueprint '/Game/Maps/FirstPersonExampleMap.FirstPersonExampleMap:PersistentLevel.FirstPersonExampleMap' with GeneratedClass '/Game/Maps/FirstPersonExampleMap.FirstPersonExampleMap_C' with ClassGeneratedBy '/Game/Maps/FirstPersonExampleMap.FirstPersonExampleMap:PersistentLevel.FirstPersonExampleMap'
[2018.01.12-01.40.19:124][995]LogPlayLevel: PlayLevel: No blueprints needed recompiling
[2018.01.12-01.40.19:126][995]PIE: New page: PIE session: FirstPersonExampleMap (Jan 11, 2018, 9:40:19 AM)
[2018.01.12-01.40.19:126][995]LogPlayLevel: Creating play world package: /Game/Maps/UEDPIE_0_FirstPersonExampleMap
[2018.01.12-01.40.19:146][995]LogPlayLevel: PIE: StaticDuplicateObject took: (0.019807s)
[2018.01.12-01.40.19:147][995]LogAIModule: Creating AISystem for world FirstPersonExampleMap
[2018.01.12-01.40.19:147][995]LogPlayLevel: PIE: World Init took: (0.000584s)
[2018.01.12-01.40.19:147][995]LogPlayLevel: PIE: Created PIE world by copying editor world from /Game/Maps/FirstPersonExampleMap.FirstPersonExampleMap to /Game/Maps/UEDPIE_0_FirstPersonExampleMap.FirstPersonExampleMap (0.020684s)
[2018.01.12-01.40.19:168][995]LogInit: XAudio2 using 'Headset Earphone (Astro MixAmp Pro Voice)' : 2 channels at 48 kHz using 16 bits per sample (channel mask 0x3)
[2018.01.12-01.40.19:173][995]LogInit: FAudioDevice initialized.
[2018.01.12-01.40.19:214][995]LogLoad: Game class is 'BP_GameMode_C'
[2018.01.12-01.40.19:216][995]LogWorld: Bringing World /Game/Maps/UEDPIE_0_FirstPersonExampleMap.FirstPersonExampleMap up for play (max tick rate 0) at 2018.01.11-17.40.19
[2018.01.12-01.40.19:217][995]LogWorld: Bringing up level for play took: 0.002501
[2018.01.12-01.40.19:250][995]LogContentBrowser: Native class hierarchy updated for 'MovieSceneCapture' in 0.0006 seconds. Added 11 classes and 0 folders.
[2018.01.12-01.40.19:252][995]PIE: Play in editor start time for /Game/Maps/UEDPIE_0_FirstPersonExampleMap 1.025
[2018.01.12-01.40.19:252][995]LogBlueprintUserMessages: Late PlayInEditor Detection: Level '/Game/Maps/FirstPersonExampleMap.FirstPersonExampleMap:PersistentLevel' has LevelScriptBlueprint '/Game/Maps/FirstPersonExampleMap.FirstPersonExampleMap:PersistentLevel.FirstPersonExampleMap' with GeneratedClass '/Game/Maps/FirstPersonExampleMap.FirstPersonExampleMap_C' with ClassGeneratedBy '/Game/Maps/FirstPersonExampleMap.FirstPersonExampleMap:PersistentLevel.FirstPersonExampleMap'
[2018.01.12-01.40.28:800][134]LogBlueprintUserMessages: Early EndPlayMap Detection: Level '/Game/Maps/FirstPersonExampleMap.FirstPersonExampleMap:PersistentLevel' has LevelScriptBlueprint '/Game/Maps/FirstPersonExampleMap.FirstPersonExampleMap:PersistentLevel.FirstPersonExampleMap' with GeneratedClass '/Game/Maps/FirstPersonExampleMap.FirstPersonExampleMap_C' with ClassGeneratedBy '/Game/Maps/FirstPersonExampleMap.FirstPersonExampleMap:PersistentLevel.FirstPersonExampleMap'
[2018.01.12-01.40.28:833][134]LogBlueprintUserMessages: Late EndPlayMap Detection: Level '/Game/Maps/FirstPersonExampleMap.FirstPersonExampleMap:PersistentLevel' has LevelScriptBlueprint '/Game/Maps/FirstPersonExampleMap.FirstPersonExampleMap:PersistentLevel.FirstPersonExampleMap' with GeneratedClass '/Game/Maps/FirstPersonExampleMap.FirstPersonExampleMap_C' with ClassGeneratedBy '/Game/Maps/FirstPersonExampleMap.FirstPersonExampleMap:PersistentLevel.FirstPersonExampleMap'
[2018.01.12-01.43.56:144][675]LogSlate: Took 0.003691 seconds to synchronously load lazily loaded font '../../../Engine/Content/Editor/Slate/Fonts/Roboto-BoldCondensedItalic.ttf' (160K)
[2018.01.12-01.45.22:771][735]LogEditorTransaction: Undo Add Node
[2018.01.12-01.48.56:339][128]BlueprintLog: New page: Compile WBP_ObjectiveInfo
[2018.01.12-01.48.56:407][128]LogSavePackage: Save=17.58ms
[2018.01.12-01.48.56:407][128]LogSavePackage: Moving '../../../../../../Users/Ashton Summers/Documents/Code/Unreal Engine/Projects/StealthGame/Stealth_Game/Saved/WBP_ObjectiveInfo7A31D0EA4A2FCA2872C4718151985442.tmp' to '../../../../../../Users/Ashton Summers/Documents/Code/Unreal Engine/Projects/StealthGame/Stealth_Game/Content/UI/WBP_ObjectiveInfo.uasset'
[2018.01.12-01.48.56:410][128]LogSavePackage: Display: Finished SavePackage ../../../../../../Users/Ashton Summers/Documents/Code/Unreal Engine/Projects/StealthGame/Stealth_Game/Content/UI/WBP_ObjectiveInfo.uasset
[2018.01.12-01.49.39:411][985]BlueprintLog: New page: Compile WBP_ObjectiveInfo
[2018.01.12-01.49.39:470][985]LogSavePackage: Save=17.40ms
[2018.01.12-01.49.39:470][985]LogSavePackage: Moving '../../../../../../Users/Ashton Summers/Documents/Code/Unreal Engine/Projects/StealthGame/Stealth_Game/Saved/WBP_ObjectiveInfo9A9EAE2F43B4CCF1EC8E8FB91A958878.tmp' to '../../../../../../Users/Ashton Summers/Documents/Code/Unreal Engine/Projects/StealthGame/Stealth_Game/Content/UI/WBP_ObjectiveInfo.uasset'
[2018.01.12-01.49.39:472][985]LogSavePackage: Display: Finished SavePackage ../../../../../../Users/Ashton Summers/Documents/Code/Unreal Engine/Projects/StealthGame/Stealth_Game/Content/UI/WBP_ObjectiveInfo.uasset
[2018.01.12-01.49.44:794][339]LogTemp: Repeating last play command: Selected Viewport
[2018.01.12-01.49.44:816][339]LogBlueprintUserMessages: Early PlayInEditor Detection: Level '/Game/Maps/FirstPersonExampleMap.FirstPersonExampleMap:PersistentLevel' has LevelScriptBlueprint '/Game/Maps/FirstPersonExampleMap.FirstPersonExampleMap:PersistentLevel.FirstPersonExampleMap' with GeneratedClass '/Game/Maps/FirstPersonExampleMap.FirstPersonExampleMap_C' with ClassGeneratedBy '/Game/Maps/FirstPersonExampleMap.FirstPersonExampleMap:PersistentLevel.FirstPersonExampleMap'
[2018.01.12-01.49.44:816][339]LogPlayLevel: PlayLevel: No blueprints needed recompiling
[2018.01.12-01.49.44:816][339]PIE: New page: PIE session: FirstPersonExampleMap (Jan 11, 2018, 9:49:44 AM)
[2018.01.12-01.49.44:816][339]LogPlayLevel: Creating play world package: /Game/Maps/UEDPIE_0_FirstPersonExampleMap
[2018.01.12-01.49.44:832][339]LogPlayLevel: PIE: StaticDuplicateObject took: (0.016261s)
[2018.01.12-01.49.44:833][339]LogAIModule: Creating AISystem for world FirstPersonExampleMap
[2018.01.12-01.49.44:833][339]LogPlayLevel: PIE: World Init took: (0.000881s)
[2018.01.12-01.49.44:833][339]LogPlayLevel: PIE: Created PIE world by copying editor world from /Game/Maps/FirstPersonExampleMap.FirstPersonExampleMap to /Game/Maps/UEDPIE_0_FirstPersonExampleMap.FirstPersonExampleMap (0.017470s)
[2018.01.12-01.49.44:852][339]LogInit: XAudio2 using 'Headset Earphone (Astro MixAmp Pro Voice)' : 2 channels at 48 kHz using 16 bits per sample (channel mask 0x3)
[2018.01.12-01.49.44:858][339]LogInit: FAudioDevice initialized.
[2018.01.12-01.49.44:887][339]LogLoad: Game class is 'BP_GameMode_C'
[2018.01.12-01.49.44:889][339]LogWorld: Bringing World /Game/Maps/UEDPIE_0_FirstPersonExampleMap.FirstPersonExampleMap up for play (max tick rate 0) at 2018.01.11-17.49.44
[2018.01.12-01.49.44:889][339]LogWorld: Bringing up level for play took: 0.001607
[2018.01.12-01.49.44:890][339]PIE: Play in editor start time for /Game/Maps/UEDPIE_0_FirstPersonExampleMap 0.664
[2018.01.12-01.49.44:890][339]LogBlueprintUserMessages: Late PlayInEditor Detection: Level '/Game/Maps/FirstPersonExampleMap.FirstPersonExampleMap:PersistentLevel' has LevelScriptBlueprint '/Game/Maps/FirstPersonExampleMap.FirstPersonExampleMap:PersistentLevel.FirstPersonExampleMap' with GeneratedClass '/Game/Maps/FirstPersonExampleMap.FirstPersonExampleMap_C' with ClassGeneratedBy '/Game/Maps/FirstPersonExampleMap.FirstPersonExampleMap:PersistentLevel.FirstPersonExampleMap'
[2018.01.12-01.49.48:206][734]LogBlueprintUserMessages: Early EndPlayMap Detection: Level '/Game/Maps/FirstPersonExampleMap.FirstPersonExampleMap:PersistentLevel' has LevelScriptBlueprint '/Game/Maps/FirstPersonExampleMap.FirstPersonExampleMap:PersistentLevel.FirstPersonExampleMap' with GeneratedClass '/Game/Maps/FirstPersonExampleMap.FirstPersonExampleMap_C' with ClassGeneratedBy '/Game/Maps/FirstPersonExampleMap.FirstPersonExampleMap:PersistentLevel.FirstPersonExampleMap'
[2018.01.12-01.49.48:235][734]LogBlueprintUserMessages: Late EndPlayMap Detection: Level '/Game/Maps/FirstPersonExampleMap.FirstPersonExampleMap:PersistentLevel' has LevelScriptBlueprint '/Game/Maps/FirstPersonExampleMap.FirstPersonExampleMap:PersistentLevel.FirstPersonExampleMap' with GeneratedClass '/Game/Maps/FirstPersonExampleMap.FirstPersonExampleMap_C' with ClassGeneratedBy '/Game/Maps/FirstPersonExampleMap.FirstPersonExampleMap:PersistentLevel.FirstPersonExampleMap'
[2018.01.12-01.50.19:135][545]BlueprintLog: New page: Compile WBP_ObjectiveInfo
[2018.01.12-01.50.19:197][545]LogSavePackage: Save=18.38ms
[2018.01.12-01.50.19:197][545]LogSavePackage: Moving '../../../../../../Users/Ashton Summers/Documents/Code/Unreal Engine/Projects/StealthGame/Stealth_Game/Saved/WBP_ObjectiveInfo8154F0924A33D25594D65DB1BCD9DC4D.tmp' to '../../../../../../Users/Ashton Summers/Documents/Code/Unreal Engine/Projects/StealthGame/Stealth_Game/Content/UI/WBP_ObjectiveInfo.uasset'
[2018.01.12-01.50.19:200][545]LogSavePackage: Display: Finished SavePackage ../../../../../../Users/Ashton Summers/Documents/Code/Unreal Engine/Projects/StealthGame/Stealth_Game/Content/UI/WBP_ObjectiveInfo.uasset
[2018.01.12-01.50.20:884][646]LogTemp: Repeating last play command: Selected Viewport
[2018.01.12-01.50.20:898][646]LogBlueprintUserMessages: Early PlayInEditor Detection: Level '/Game/Maps/FirstPersonExampleMap.FirstPersonExampleMap:PersistentLevel' has LevelScriptBlueprint '/Game/Maps/FirstPersonExampleMap.FirstPersonExampleMap:PersistentLevel.FirstPersonExampleMap' with GeneratedClass '/Game/Maps/FirstPersonExampleMap.FirstPersonExampleMap_C' with ClassGeneratedBy '/Game/Maps/FirstPersonExampleMap.FirstPersonExampleMap:PersistentLevel.FirstPersonExampleMap'
[2018.01.12-01.50.20:898][646]LogPlayLevel: PlayLevel: No blueprints needed recompiling
[2018.01.12-01.50.20:898][646]PIE: New page: PIE session: FirstPersonExampleMap (Jan 11, 2018, 9:50:20 AM)
[2018.01.12-01.50.20:898][646]LogPlayLevel: Creating play world package: /Game/Maps/UEDPIE_0_FirstPersonExampleMap
[2018.01.12-01.50.20:917][646]LogPlayLevel: PIE: StaticDuplicateObject took: (0.019097s)
[2018.01.12-01.50.20:918][646]LogAIModule: Creating AISystem for world FirstPersonExampleMap
[2018.01.12-01.50.20:918][646]LogPlayLevel: PIE: World Init took: (0.000921s)
[2018.01.12-01.50.20:918][646]LogPlayLevel: PIE: Created PIE world by copying editor world from /Game/Maps/FirstPersonExampleMap.FirstPersonExampleMap to /Game/Maps/UEDPIE_0_FirstPersonExampleMap.FirstPersonExampleMap (0.020384s)
[2018.01.12-01.50.20:937][646]LogInit: XAudio2 using 'Headset Earphone (Astro MixAmp Pro Voice)' : 2 channels at 48 kHz using 16 bits per sample (channel mask 0x3)
[2018.01.12-01.50.20:942][646]LogInit: FAudioDevice initialized.
[2018.01.12-01.50.20:968][646]LogLoad: Game class is 'BP_GameMode_C'
[2018.01.12-01.50.20:970][646]LogWorld: Bringing World /Game/Maps/UEDPIE_0_FirstPersonExampleMap.FirstPersonExampleMap up for play (max tick rate 0) at 2018.01.11-17.50.20
[2018.01.12-01.50.20:970][646]LogWorld: Bringing up level for play took: 0.001349
[2018.01.12-01.50.20:971][646]PIE: Play in editor start time for /Game/Maps/UEDPIE_0_FirstPersonExampleMap 0.744
[2018.01.12-01.50.20:977][646]LogBlueprintUserMessages: Late PlayInEditor Detection: Level '/Game/Maps/FirstPersonExampleMap.FirstPersonExampleMap:PersistentLevel' has LevelScriptBlueprint '/Game/Maps/FirstPersonExampleMap.FirstPersonExampleMap:PersistentLevel.FirstPersonExampleMap' with GeneratedClass '/Game/Maps/FirstPersonExampleMap.FirstPersonExampleMap_C' with ClassGeneratedBy '/Game/Maps/FirstPersonExampleMap.FirstPersonExampleMap:PersistentLevel.FirstPersonExampleMap'
[2018.01.12-01.50.22:960][760]LogBlueprintUserMessages: Early EndPlayMap Detection: Level '/Game/Maps/FirstPersonExampleMap.FirstPersonExampleMap:PersistentLevel' has LevelScriptBlueprint '/Game/Maps/FirstPersonExampleMap.FirstPersonExampleMap:PersistentLevel.FirstPersonExampleMap' with GeneratedClass '/Game/Maps/FirstPersonExampleMap.FirstPersonExampleMap_C' with ClassGeneratedBy '/Game/Maps/FirstPersonExampleMap.FirstPersonExampleMap:PersistentLevel.FirstPersonExampleMap'
[2018.01.12-01.50.23:003][760]LogBlueprintUserMessages: Late EndPlayMap Detection: Level '/Game/Maps/FirstPersonExampleMap.FirstPersonExampleMap:PersistentLevel' has LevelScriptBlueprint '/Game/Maps/FirstPersonExampleMap.FirstPersonExampleMap:PersistentLevel.FirstPersonExampleMap' with GeneratedClass '/Game/Maps/FirstPersonExampleMap.FirstPersonExampleMap_C' with ClassGeneratedBy '/Game/Maps/FirstPersonExampleMap.FirstPersonExampleMap:PersistentLevel.FirstPersonExampleMap'
[2018.01.12-01.50.25:185][953]LogTemp: Repeating last play command: Selected Viewport
[2018.01.12-01.50.25:198][953]LogBlueprintUserMessages: Early PlayInEditor Detection: Level '/Game/Maps/FirstPersonExampleMap.FirstPersonExampleMap:PersistentLevel' has LevelScriptBlueprint '/Game/Maps/FirstPersonExampleMap.FirstPersonExampleMap:PersistentLevel.FirstPersonExampleMap' with GeneratedClass '/Game/Maps/FirstPersonExampleMap.FirstPersonExampleMap_C' with ClassGeneratedBy '/Game/Maps/FirstPersonExampleMap.FirstPersonExampleMap:PersistentLevel.FirstPersonExampleMap'
[2018.01.12-01.50.25:198][953]LogPlayLevel: PlayLevel: No blueprints needed recompiling
[2018.01.12-01.50.25:198][953]PIE: New page: PIE session: FirstPersonExampleMap (Jan 11, 2018, 9:50:25 AM)
[2018.01.12-01.50.25:198][953]LogPlayLevel: Creating play world package: /Game/Maps/UEDPIE_0_FirstPersonExampleMap
[2018.01.12-01.50.25:214][953]LogPlayLevel: PIE: StaticDuplicateObject took: (0.015376s)
[2018.01.12-01.50.25:214][953]LogAIModule: Creating AISystem for world FirstPersonExampleMap
[2018.01.12-01.50.25:215][953]LogPlayLevel: PIE: World Init took: (0.000610s)
[2018.01.12-01.50.25:215][953]LogPlayLevel: PIE: Created PIE world by copying editor world from /Game/Maps/FirstPersonExampleMap.FirstPersonExampleMap to /Game/Maps/UEDPIE_0_FirstPersonExampleMap.FirstPersonExampleMap (0.016411s)
[2018.01.12-01.50.25:232][953]LogInit: XAudio2 using 'Headset Earphone (Astro MixAmp Pro Voice)' : 2 channels at 48 kHz using 16 bits per sample (channel mask 0x3)
[2018.01.12-01.50.25:237][953]LogInit: FAudioDevice initialized.
[2018.01.12-01.50.25:264][953]LogLoad: Game class is 'BP_GameMode_C'
[2018.01.12-01.50.25:265][953]LogWorld: Bringing World /Game/Maps/UEDPIE_0_FirstPersonExampleMap.FirstPersonExampleMap up for play (max tick rate 0) at 2018.01.11-17.50.25
[2018.01.12-01.50.25:265][953]LogWorld: Bringing up level for play took: 0.001332
[2018.01.12-01.50.25:266][953]PIE: Play in editor start time for /Game/Maps/UEDPIE_0_FirstPersonExampleMap 1.04
[2018.01.12-01.50.25:267][953]LogBlueprintUserMessages: Late PlayInEditor Detection: Level '/Game/Maps/FirstPersonExampleMap.FirstPersonExampleMap:PersistentLevel' has LevelScriptBlueprint '/Game/Maps/FirstPersonExampleMap.FirstPersonExampleMap:PersistentLevel.FirstPersonExampleMap' with GeneratedClass '/Game/Maps/FirstPersonExampleMap.FirstPersonExampleMap_C' with ClassGeneratedBy '/Game/Maps/FirstPersonExampleMap.FirstPersonExampleMap:PersistentLevel.FirstPersonExampleMap'
[2018.01.12-01.50.41:115][852]LogBlueprintUserMessages: Early EndPlayMap Detection: Level '/Game/Maps/FirstPersonExampleMap.FirstPersonExampleMap:PersistentLevel' has LevelScriptBlueprint '/Game/Maps/FirstPersonExampleMap.FirstPersonExampleMap:PersistentLevel.FirstPersonExampleMap' with GeneratedClass '/Game/Maps/FirstPersonExampleMap.FirstPersonExampleMap_C' with ClassGeneratedBy '/Game/Maps/FirstPersonExampleMap.FirstPersonExampleMap:PersistentLevel.FirstPersonExampleMap'
[2018.01.12-01.50.41:145][852]LogBlueprintUserMessages: Late EndPlayMap Detection: Level '/Game/Maps/FirstPersonExampleMap.FirstPersonExampleMap:PersistentLevel' has LevelScriptBlueprint '/Game/Maps/FirstPersonExampleMap.FirstPersonExampleMap:PersistentLevel.FirstPersonExampleMap' with GeneratedClass '/Game/Maps/FirstPersonExampleMap.FirstPersonExampleMap_C' with ClassGeneratedBy '/Game/Maps/FirstPersonExampleMap.FirstPersonExampleMap:PersistentLevel.FirstPersonExampleMap'
