Log file open, 01/10/18 19:01:11
LogWindows: Failed to load 'aqProf.dll' (GetLastError=126)
LogWindows: File 'aqProf.dll' does not exist
LogWindows: Failed to load 'VSPerf140.dll' (GetLastError=126)
LogWindows: File 'VSPerf140.dll' does not exist
LogWindows: Failed to load 'VtuneApi.dll' (GetLastError=126)
LogWindows: File 'VtuneApi.dll' does not exist
LogWindows: Failed to load 'VtuneApi32e.dll' (GetLastError=126)
LogWindows: File 'VtuneApi32e.dll' does not exist
LogInit: Display: Running engine for game: FPSGame
LogPlatformFile: Not using cached read wrapper
LogInit: Display: RandInit(-31165074) SRandInit(-31165074).
LogInit: Read version file with build ID '3709383'
LogInit: Overriding engine version to CL 3754814, compatible CL 3709383
LogInit: Registered custom module enumerator with build ID '3709383'
LogTaskGraph: Started task graph with 5 named threads and 14 total threads with 3 sets of task threads.
LogStats: Stats thread started at 0.163303
LogD3D11RHI: Aftermath initialized
LogPluginManager: Mounting plugin Paper2D
LogPluginManager: Mounting plugin LightPropagationVolume
LogPluginManager: Mounting plugin CodeLiteSourceCodeAccess
LogPluginManager: Mounting plugin GitSourceControl
LogPluginManager: Mounting plugin KDevelopSourceCodeAccess
LogPluginManager: Mounting plugin NullSourceCodeAccess
LogPluginManager: Mounting plugin PerforceSourceControl
LogPluginManager: Mounting plugin SubversionSourceControl
LogPluginManager: Mounting plugin UObjectPlugin
LogPluginManager: Mounting plugin VisualStudioCodeSourceCodeAccess
LogPluginManager: Mounting plugin VisualStudioSourceCodeAccess
LogPluginManager: Mounting plugin XCodeSourceCodeAccess
LogPluginManager: Mounting plugin AssetManagerEditor
LogPluginManager: Mounting plugin AudioCapture
LogPluginManager: Mounting plugin FacialAnimation
LogPluginManager: Mounting plugin GameplayTagsEditor
LogPluginManager: Mounting plugin MobileLauncherProfileWizard
LogPluginManager: Mounting plugin PluginBrowser
LogPluginManager: Mounting plugin SpeedTreeImporter
LogPluginManager: Mounting plugin AlembicImporter
LogPluginManager: Mounting plugin CharacterAI
LogPluginManager: Mounting plugin HTML5Networking
LogPluginManager: Mounting plugin AndroidMedia
LogPluginManager: Mounting plugin AvfMedia
LogPluginManager: Mounting plugin ImgMedia
LogPluginManager: Mounting plugin MediaCompositing
LogPluginManager: Mounting plugin MediaPlayerEditor
LogPluginManager: Mounting plugin WmfMedia
LogPluginManager: Mounting plugin TcpMessaging
LogPluginManager: Mounting plugin UdpMessaging
LogPluginManager: Mounting plugin ActorSequence
LogPluginManager: Mounting plugin LevelSequenceEditor
LogPluginManager: Mounting plugin MatineeToLevelSequence
LogPluginManager: Mounting plugin OnlineSubsystemGooglePlay
LogPluginManager: Mounting plugin OnlineSubsystemIOS
LogPluginManager: Mounting plugin OnlineSubsystem
LogPluginManager: Mounting plugin OnlineSubsystemNull
LogPluginManager: Mounting plugin OnlineSubsystemUtils
LogPluginManager: Mounting plugin AndroidDeviceProfileSelector
LogPluginManager: Mounting plugin AndroidMoviePlayer
LogPluginManager: Mounting plugin AndroidPermission
LogPluginManager: Mounting plugin AppleARKit
LogPluginManager: Mounting plugin AppleMoviePlayer
LogPluginManager: Mounting plugin ArchVisCharacter
LogPluginManager: Mounting plugin CableComponent
LogPluginManager: Mounting plugin CustomMeshComponent
LogPluginManager: Mounting plugin ExampleDeviceProfileSelector
LogPluginManager: Mounting plugin GoogleCloudMessaging
LogPluginManager: Mounting plugin ImmediatePhysics
LogPluginManager: Mounting plugin IOSDeviceProfileSelector
LogPluginManager: Mounting plugin LinuxDeviceProfileSelector
LogPluginManager: Mounting plugin LocationServicesBPLibrary
LogPluginManager: Mounting plugin MobilePatchingUtils
LogPluginManager: Mounting plugin OculusVR
LogPluginManager: Plugin shader directory ../../../Engine/Plugins/Runtime/Oculus/OculusVR/Shaders found
LogPluginManager: Mapping shader source directory ../../../Engine/Plugins/Runtime/Oculus/OculusVR/Shaders to virtual directory /Plugin/OculusVR
LogPluginManager: Mounting plugin PhysXVehicles
LogPluginManager: Mounting plugin ProceduralMeshComponent
LogPluginManager: Mounting plugin RuntimePhysXCooking
LogPluginManager: Mounting plugin SteamVR
LogPluginManager: Mounting plugin WindowsMoviePlayer
LogModuleManager: Display: Found up-to-date module file ../../../../../../Users/Ashton Summers/Documents/Code/Unreal Engine/Projects/Stealth_Game/Binaries/Win64/UE4Editor-FPSGame.dll (API version 3709383).
LogModuleManager: Display: Found up-to-date module file ../../../Engine/Plugins/2D/Paper2D/Binaries/Win64/UE4Editor-Paper2D.dll (API version 3709383).
LogModuleManager: Display: Found up-to-date module file ../../../Engine/Plugins/2D/Paper2D/Binaries/Win64/UE4Editor-Paper2DEditor.dll (API version 3709383).
LogModuleManager: Display: Found up-to-date module file ../../../Engine/Plugins/2D/Paper2D/Binaries/Win64/UE4Editor-PaperSpriteSheetImporter.dll (API version 3709383).
LogModuleManager: Display: Found up-to-date module file ../../../Engine/Plugins/2D/Paper2D/Binaries/Win64/UE4Editor-PaperTiledImporter.dll (API version 3709383).
LogModuleManager: Display: Found up-to-date module file ../../../Engine/Plugins/2D/Paper2D/Binaries/Win64/UE4Editor-SmartSnapping.dll (API version 3709383).
LogModuleManager: Display: Found up-to-date module file ../../../Engine/Plugins/Blendables/LightPropagationVolume/Binaries/Win64/UE4Editor-LightPropagationVolumeRuntime.dll (API version 3709383).
LogModuleManager: Display: Found up-to-date module file ../../../Engine/Plugins/Blendables/LightPropagationVolume/Binaries/Win64/UE4Editor-LightPropagationVolumeEditor.dll (API version 3709383).
LogModuleManager: Display: Found up-to-date module file ../../../Engine/Plugins/Developer/GitSourceControl/Binaries/Win64/UE4Editor-GitSourceControl.dll (API version 3709383).
LogModuleManager: Display: Found up-to-date module file ../../../Engine/Plugins/Developer/PerforceSourceControl/Binaries/Win64/UE4Editor-PerforceSourceControl.dll (API version 3709383).
LogModuleManager: Display: Found up-to-date module file ../../../Engine/Plugins/Developer/SubversionSourceControl/Binaries/Win64/UE4Editor-SubversionSourceControl.dll (API version 3709383).
LogModuleManager: Display: Found up-to-date module file ../../../Engine/Plugins/Developer/UObjectPlugin/Binaries/Win64/UE4Editor-UObjectPlugin.dll (API version 3709383).
LogModuleManager: Display: Found up-to-date module file ../../../Engine/Plugins/Developer/VisualStudioCodeSourceCodeAccess/Binaries/Win64/UE4Editor-VisualStudioCodeSourceCodeAccess.dll (API version 3709383).
LogModuleManager: Display: Found up-to-date module file ../../../Engine/Plugins/Developer/VisualStudioSourceCodeAccess/Binaries/Win64/UE4Editor-VisualStudioSourceCodeAccess.dll (API version 3709383).
LogModuleManager: Display: Found up-to-date module file ../../../Engine/Plugins/Editor/AssetManagerEditor/Binaries/Win64/UE4Editor-AssetManagerEditor.dll (API version 3709383).
LogModuleManager: Display: Found up-to-date module file ../../../Engine/Plugins/Editor/AudioCapture/Binaries/Win64/UE4Editor-AudioCapture.dll (API version 3709383).
LogModuleManager: Display: Found up-to-date module file ../../../Engine/Plugins/Editor/FacialAnimation/Binaries/Win64/UE4Editor-FacialAnimation.dll (API version 3709383).
LogModuleManager: Display: Found up-to-date module file ../../../Engine/Plugins/Editor/FacialAnimation/Binaries/Win64/UE4Editor-FacialAnimationEditor.dll (API version 3709383).
LogModuleManager: Display: Found up-to-date module file ../../../Engine/Plugins/Editor/GameplayTagsEditor/Binaries/Win64/UE4Editor-GameplayTagsEditor.dll (API version 3709383).
LogModuleManager: Display: Found up-to-date module file ../../../Engine/Plugins/Editor/MobileLauncherProfileWizard/Binaries/Win64/UE4Editor-MobileLauncherProfileWizard.dll (API version 3709383).
LogModuleManager: Display: Found up-to-date module file ../../../Engine/Plugins/Editor/PluginBrowser/Binaries/Win64/UE4Editor-PluginBrowser.dll (API version 3709383).
LogModuleManager: Display: Found up-to-date module file ../../../Engine/Plugins/Editor/SpeedTreeImporter/Binaries/Win64/UE4Editor-SpeedTreeImporter.dll (API version 3709383).
LogModuleManager: Display: Found up-to-date module file ../../../Engine/Plugins/Experimental/AlembicImporter/Binaries/Win64/UE4Editor-AlembicImporter.dll (API version 3709383).
LogModuleManager: Display: Found up-to-date module file ../../../Engine/Plugins/Experimental/AlembicImporter/Binaries/Win64/UE4Editor-AlembicLibrary.dll (API version 3709383).
LogModuleManager: Display: Found up-to-date module file ../../../Engine/Plugins/Experimental/CharacterAI/Binaries/Win64/UE4Editor-CharacterAI.dll (API version 3709383).
LogModuleManager: Display: Found up-to-date module file ../../../Engine/Plugins/Experimental/HTML5Networking/Binaries/Win64/UE4Editor-HTML5Networking.dll (API version 3709383).
LogModuleManager: Display: Found up-to-date module file ../../../Engine/Plugins/Media/AndroidMedia/Binaries/Win64/UE4Editor-AndroidMediaEditor.dll (API version 3709383).
LogModuleManager: Display: Found up-to-date module file ../../../Engine/Plugins/Media/AndroidMedia/Binaries/Win64/UE4Editor-AndroidMediaFactory.dll (API version 3709383).
LogModuleManager: Display: Found up-to-date module file ../../../Engine/Plugins/Media/AvfMedia/Binaries/Win64/UE4Editor-AvfMediaEditor.dll (API version 3709383).
LogModuleManager: Display: Found up-to-date module file ../../../Engine/Plugins/Media/AvfMedia/Binaries/Win64/UE4Editor-AvfMediaFactory.dll (API version 3709383).
LogModuleManager: Display: Found up-to-date module file ../../../Engine/Plugins/Media/AvfMedia/Binaries/Win64/UE4Editor-AvfMediaFactory.dll (API version 3709383).
LogModuleManager: Display: Found up-to-date module file ../../../Engine/Plugins/Media/ImgMedia/Binaries/Win64/UE4Editor-ImgMedia.dll (API version 3709383).
LogModuleManager: Display: Found up-to-date module file ../../../Engine/Plugins/Media/ImgMedia/Binaries/Win64/UE4Editor-ImgMediaEditor.dll (API version 3709383).
LogModuleManager: Display: Found up-to-date module file ../../../Engine/Plugins/Media/ImgMedia/Binaries/Win64/UE4Editor-ImgMediaFactory.dll (API version 3709383).
LogModuleManager: Display: Found up-to-date module file ../../../Engine/Plugins/Media/ImgMedia/Binaries/Win64/UE4Editor-ImgMediaFactory.dll (API version 3709383).
LogModuleManager: Display: Found up-to-date module file ../../../Engine/Plugins/Media/ImgMedia/Binaries/Win64/UE4Editor-OpenExrWrapper.dll (API version 3709383).
LogModuleManager: Display: Found up-to-date module file ../../../Engine/Plugins/Media/MediaCompositing/Binaries/Win64/UE4Editor-MediaCompositing.dll (API version 3709383).
LogModuleManager: Display: Found up-to-date module file ../../../Engine/Plugins/Media/MediaCompositing/Binaries/Win64/UE4Editor-MediaCompositingEditor.dll (API version 3709383).
LogModuleManager: Display: Found up-to-date module file ../../../Engine/Plugins/Media/MediaPlayerEditor/Binaries/Win64/UE4Editor-MediaPlayerEditor.dll (API version 3709383).
LogModuleManager: Display: Found up-to-date module file ../../../Engine/Plugins/Media/WmfMedia/Binaries/Win64/UE4Editor-WmfMedia.dll (API version 3709383).
LogModuleManager: Display: Found up-to-date module file ../../../Engine/Plugins/Media/WmfMedia/Binaries/Win64/UE4Editor-WmfMediaEditor.dll (API version 3709383).
LogModuleManager: Display: Found up-to-date module file ../../../Engine/Plugins/Media/WmfMedia/Binaries/Win64/UE4Editor-WmfMediaFactory.dll (API version 3709383).
LogModuleManager: Display: Found up-to-date module file ../../../Engine/Plugins/Media/WmfMedia/Binaries/Win64/UE4Editor-WmfMediaFactory.dll (API version 3709383).
LogModuleManager: Display: Found up-to-date module file ../../../Engine/Plugins/Messaging/TcpMessaging/Binaries/Win64/UE4Editor-TcpMessaging.dll (API version 3709383).
LogModuleManager: Display: Found up-to-date module file ../../../Engine/Plugins/Messaging/UdpMessaging/Binaries/Win64/UE4Editor-UdpMessaging.dll (API version 3709383).
LogModuleManager: Display: Found up-to-date module file ../../../Engine/Plugins/MovieScene/ActorSequence/Binaries/Win64/UE4Editor-ActorSequence.dll (API version 3709383).
LogModuleManager: Display: Found up-to-date module file ../../../Engine/Plugins/MovieScene/LevelSequenceEditor/Binaries/Win64/UE4Editor-LevelSequenceEditor.dll (API version 3709383).
LogModuleManager: Display: Found up-to-date module file ../../../Engine/Plugins/MovieScene/MatineeToLevelSequence/Binaries/Win64/UE4Editor-MatineeToLevelSequence.dll (API version 3709383).
LogModuleManager: Display: Found up-to-date module file ../../../Engine/Plugins/Online/OnlineSubsystem/Binaries/Win64/UE4Editor-OnlineSubsystem.dll (API version 3709383).
LogModuleManager: Display: Found up-to-date module file ../../../Engine/Plugins/Online/OnlineSubsystemNull/Binaries/Win64/UE4Editor-OnlineSubsystemNull.dll (API version 3709383).
LogModuleManager: Display: Found up-to-date module file ../../../Engine/Plugins/Online/OnlineSubsystemUtils/Binaries/Win64/UE4Editor-OnlineSubsystemUtils.dll (API version 3709383).
LogModuleManager: Display: Found up-to-date module file ../../../Engine/Plugins/Online/OnlineSubsystemUtils/Binaries/Win64/UE4Editor-OnlineBlueprintSupport.dll (API version 3709383).
LogModuleManager: Display: Found up-to-date module file ../../../Engine/Plugins/Runtime/AndroidDeviceProfileSelector/Binaries/Win64/UE4Editor-AndroidDeviceProfileSelector.dll (API version 3709383).
LogModuleManager: Display: Found up-to-date module file ../../../Engine/Plugins/Runtime/AndroidPermission/Binaries/Win64/UE4Editor-AndroidPermission.dll (API version 3709383).
LogModuleManager: Display: Found up-to-date module file ../../../Engine/Plugins/Runtime/AppleARKit/Binaries/Win64/UE4Editor-AppleARKit.dll (API version 3709383).
LogModuleManager: Display: Found up-to-date module file ../../../Engine/Plugins/Runtime/ArchVisCharacter/Binaries/Win64/UE4Editor-ArchVisCharacter.dll (API version 3709383).
LogModuleManager: Display: Found up-to-date module file ../../../Engine/Plugins/Runtime/CableComponent/Binaries/Win64/UE4Editor-CableComponent.dll (API version 3709383).
LogModuleManager: Display: Found up-to-date module file ../../../Engine/Plugins/Runtime/CustomMeshComponent/Binaries/Win64/UE4Editor-CustomMeshComponent.dll (API version 3709383).
LogModuleManager: Display: Found up-to-date module file ../../../Engine/Plugins/Runtime/ExampleDeviceProfileSelector/Binaries/Win64/UE4Editor-ExampleDeviceProfileSelector.dll (API version 3709383).
LogModuleManager: Display: Found up-to-date module file ../../../Engine/Plugins/Runtime/ImmediatePhysics/Binaries/Win64/UE4Editor-ImmediatePhysics.dll (API version 3709383).
LogModuleManager: Display: Found up-to-date module file ../../../Engine/Plugins/Runtime/ImmediatePhysics/Binaries/Win64/UE4Editor-ImmediatePhysicsEditor.dll (API version 3709383).
LogModuleManager: Display: Found up-to-date module file ../../../Engine/Plugins/Runtime/LocationServicesBPLibrary/Binaries/Win64/UE4Editor-LocationServicesBPLibrary.dll (API version 3709383).
LogModuleManager: Display: Found up-to-date module file ../../../Engine/Plugins/Runtime/MobilePatchingUtils/Binaries/Win64/UE4Editor-MobilePatchingUtils.dll (API version 3709383).
LogModuleManager: Display: Found up-to-date module file ../../../Engine/Plugins/Runtime/Oculus/OculusVR/Binaries/Win64/UE4Editor-OculusHMD.dll (API version 3709383).
LogModuleManager: Display: Found up-to-date module file ../../../Engine/Plugins/Runtime/Oculus/OculusVR/Binaries/Win64/UE4Editor-OculusInput.dll (API version 3709383).
LogModuleManager: Display: Found up-to-date module file ../../../Engine/Plugins/Runtime/Oculus/OculusVR/Binaries/Win64/UE4Editor-OculusEditor.dll (API version 3709383).
LogModuleManager: Display: Found up-to-date module file ../../../Engine/Plugins/Runtime/PhysXVehicles/Binaries/Win64/UE4Editor-PhysXVehicles.dll (API version 3709383).
LogModuleManager: Display: Found up-to-date module file ../../../Engine/Plugins/Runtime/PhysXVehicles/Binaries/Win64/UE4Editor-PhysXVehiclesEditor.dll (API version 3709383).
LogModuleManager: Display: Found up-to-date module file ../../../Engine/Plugins/Runtime/ProceduralMeshComponent/Binaries/Win64/UE4Editor-ProceduralMeshComponent.dll (API version 3709383).
LogModuleManager: Display: Found up-to-date module file ../../../Engine/Plugins/Runtime/ProceduralMeshComponent/Binaries/Win64/UE4Editor-ProceduralMeshComponentEditor.dll (API version 3709383).
LogModuleManager: Display: Found up-to-date module file ../../../Engine/Plugins/Runtime/RuntimePhysXCooking/Binaries/Win64/UE4Editor-RuntimePhysXCooking.dll (API version 3709383).
LogModuleManager: Display: Found up-to-date module file ../../../Engine/Plugins/Runtime/Steam/SteamVR/Binaries/Win64/UE4Editor-SteamVR.dll (API version 3709383).
LogModuleManager: Display: Found up-to-date module file ../../../Engine/Plugins/Runtime/Steam/SteamVR/Binaries/Win64/UE4Editor-SteamVRController.dll (API version 3709383).
LogModuleManager: Display: Found up-to-date module file ../../../Engine/Plugins/Runtime/WindowsMoviePlayer/Binaries/Win64/UE4Editor-WindowsMoviePlayer.dll (API version 3709383).
LogInit: Using libcurl 7.47.1
LogInit:  - built for x86_64-pc-win32
LogInit:  - supports SSL with OpenSSL/1.0.2g
LogInit:  - supports HTTP deflate (compression) using libz 1.2.8
LogInit:  - other features:
LogInit:      CURL_VERSION_SSL
LogInit:      CURL_VERSION_LIBZ
LogInit:      CURL_VERSION_IPV6
LogInit:      CURL_VERSION_ASYNCHDNS
LogInit:      CURL_VERSION_LARGEFILE
LogInit:      CURL_VERSION_IDN
LogInit:  CurlRequestOptions (configurable via config and command line):
LogInit:  - bVerifyPeer = false  - Libcurl will NOT verify peer certificate
LogInit:  - bUseHttpProxy = false  - Libcurl will NOT use HTTP proxy
LogInit:  - bDontReuseConnections = false  - Libcurl will reuse connections
LogInit:  - CertBundlePath = nullptr  - Libcurl will use whatever was configured at build time.
LogInit: Build: ++UE4+Release-4.18-CL-3754814
LogInit: Engine Version: 4.18.1-3754814+++UE4+Release-4.18
LogInit: Compatible Engine Version: 4.18.0-3709383+++UE4+Release-4.18
LogInit: Net CL: 3709383
LogDevObjectVersion: Number of dev versions registered: 16
LogDevObjectVersion:   Dev-Blueprints (B0D832E4-1F89-4F0D-ACCF-7EB736FD4AA2): 10
LogDevObjectVersion:   Dev-Build (E1C64328-A22C-4D53-A36C-8E866417BD8C): 0
LogDevObjectVersion:   Dev-Core (375EC13C-06E4-48FB-B500-84F0262A717E): 2
LogDevObjectVersion:   Dev-Editor (E4B068ED-F494-42E9-A231-DA0B2E46BB41): 20
LogDevObjectVersion:   Dev-Framework (CFFC743F-43B0-4480-9391-14DF171D2073): 30
LogDevObjectVersion:   Dev-Mobile (B02B49B5-BB20-44E9-A304-32B752E40360): 0
LogDevObjectVersion:   Dev-Networking (A4E4105C-59A1-49B5-A7C5-40C4547EDFEE): 0
LogDevObjectVersion:   Dev-Online (39C831C9-5AE6-47DC-9A44-9C173E1C8E7C): 0
LogDevObjectVersion:   Dev-Physics (78F01B33-EBEA-4F98-B9B4-84EACCB95AA2): 0
LogDevObjectVersion:   Dev-Platform (6631380F-2D4D-43E0-8009-CF276956A95A): 0
LogDevObjectVersion:   Dev-Rendering (12F88B9F-8875-4AFC-A67C-D90C383ABD29): 20
LogDevObjectVersion:   Dev-Sequencer (7B5AE74C-D270-4C10-A958-57980B212A5A): 4
LogDevObjectVersion:   Dev-VR (D7296918-1DD6-4BDD-9DE2-64A83CC13884): 0
LogDevObjectVersion:   Dev-LoadTimes (C2A15278-BFE7-4AFE-6C17-90FF531DF755): 1
LogDevObjectVersion:   Private-Geometry (6EACA3D4-40EC-4CC1-B786-8BED09428FC5): 1
LogDevObjectVersion:   Dev-AnimPhys (29E575DD-E0A3-4627-9D10-D276232CDCEA): 12
LogInit: Compiled (64-bit): Nov 14 2017 02:05:55
LogInit: Compiled with Visual C++: 19.00.24215.01
LogInit: Build Configuration: Development
LogInit: Branch Name: ++UE4+Release-4.18
LogInit: Command line:  
LogInit: Base directory: C:/Program Files/Epic Games/UE_4.18/Engine/Binaries/Win64/
LogInit: Installed Engine Build: 1
LogInit: Presizing for max 8388607 objects, including 0 objects not considered by GC, pre-allocating 0 bytes for permanent pool.
LogInit: Object subsystem initialized
[2018.01.11-03.01.12:413][  0]LogInit: Selected Device Profile: [Windows]
[2018.01.11-03.01.12:414][  0]LogInit: Applying CVar settings loaded from the selected device profile: [Windows]
[2018.01.11-03.01.12:430][  0]LogInit: Computer: ASUMMERS
[2018.01.11-03.01.12:430][  0]LogInit: User: AshtonSummers
[2018.01.11-03.01.12:430][  0]LogInit: CPU Page size=4096, Cores=4
[2018.01.11-03.01.12:430][  0]LogInit: High frequency timer resolution =3.914061 MHz
[2018.01.11-03.01.12:430][  0]LogMemory: Memory total: Physical=15.9GB (16GB approx)
[2018.01.11-03.01.12:430][  0]LogMemory: Platform Memory Stats for Windows
[2018.01.11-03.01.12:430][  0]LogMemory: Process Physical Memory: 272.70 MB used, 272.70 MB peak
[2018.01.11-03.01.12:430][  0]LogMemory: Process Virtual Memory: 271.70 MB used, 271.70 MB peak
[2018.01.11-03.01.12:430][  0]LogMemory: Physical Memory: 5981.09 MB used,  10339.06 MB free, 16320.14 MB total
[2018.01.11-03.01.12:430][  0]LogMemory: Virtual Memory: 679.39 MB used,  10339.06 MB free, 134217728.00 MB total
[2018.01.11-03.01.12:543][  0]LogInit: Using OS detected language (en-US).
[2018.01.11-03.01.12:543][  0]LogInit: Using OS detected locale (en-US).
[2018.01.11-03.01.12:579][  0]LogTextLocalizationManager: No specific localization for 'en-US' exists, so the 'en' localization will be used.
[2018.01.11-03.01.12:932][  0]LogInit: Setting process to per monitor DPI aware
[2018.01.11-03.01.14:521][  0]LogD3D11RHI: D3D11 adapters:
[2018.01.11-03.01.14:565][  0]LogD3D11RHI:    0. 'NVIDIA GeForce GTX 1070' (Feature Level 11_0)
[2018.01.11-03.01.14:565][  0]LogD3D11RHI:       8096/0/8160 MB DedicatedVideo/DedicatedSystem/SharedSystem, Outputs:1, VendorId:0x10de
[2018.01.11-03.01.14:567][  0]LogD3D11RHI:    1. 'Microsoft Basic Render Driver' (Feature Level 11_0)
[2018.01.11-03.01.14:567][  0]LogD3D11RHI:       0/0/8160 MB DedicatedVideo/DedicatedSystem/SharedSystem, Outputs:0, VendorId:0x1414
[2018.01.11-03.01.14:567][  0]LogD3D11RHI: Chosen D3D11 Adapter: 0
[2018.01.11-03.01.14:573][  0]LogD3D11RHI: Creating new Direct3DDevice
[2018.01.11-03.01.14:573][  0]LogD3D11RHI:     GPU DeviceId: 0x1b81 (for the marketing name, search the web for "GPU Device Id")
[2018.01.11-03.01.14:573][  0]LogWindows: EnumDisplayDevices:
[2018.01.11-03.01.14:573][  0]LogWindows:    0. 'NVIDIA GeForce GTX 1070' (P:1 D:1)
[2018.01.11-03.01.14:574][  0]LogWindows:    1. 'NVIDIA GeForce GTX 1070' (P:0 D:0)
[2018.01.11-03.01.14:574][  0]LogWindows:    2. 'NVIDIA GeForce GTX 1070' (P:0 D:0)
[2018.01.11-03.01.14:574][  0]LogWindows:    3. 'NVIDIA GeForce GTX 1070' (P:0 D:0)
[2018.01.11-03.01.14:574][  0]LogWindows: DebugString: GetVideoDriverDetailsInvalid PrimaryIsNotTheChoosenAdapter GetVideoDriverDetailsInvalid PrimaryIsNotTheChoosenAdapter GetVideoDriverDetailsInvalid PrimaryIsNotTheChoosenAdapter GetVideoDriverDetailsInvalid PrimaryIsNotTheChoosenAdapter FoundDriverCount:0 
[2018.01.11-03.01.14:574][  0]LogD3D11RHI:     Adapter Name: NVIDIA GeForce GTX 1070
[2018.01.11-03.01.14:574][  0]LogD3D11RHI:   Driver Version: Unknown (internal:Unknown, unified:Unknown)
[2018.01.11-03.01.14:574][  0]LogD3D11RHI:      Driver Date: Unknown
[2018.01.11-03.01.14:574][  0]LogRHI: Texture pool is 5667 MB (70% of 8096 MB)
[2018.01.11-03.01.14:595][  0]LogD3D11RHI: Async texture creation enabled
[2018.01.11-03.01.14:674][  0]LogD3D11RHI: GPU Timing Frequency: 1000.000000 (Debug: 2 1)
[2018.01.11-03.01.14:716][  0]LogShaderCompilers: Guid format shader working directory is -35 characters bigger than the processId version (../../../../../../Users/Ashton Summers/Documents/Code/Unreal Engine/Projects/Stealth_Game/Intermediate/Shaders/WorkingDirectory/13184/).
[2018.01.11-03.01.14:716][  0]LogShaderCompilers: Cleaned the shader compiler working directory 'C:/Users/Ashton Summers/AppData/Local/Temp/UnrealShaderWorkingDir/599C2AA84A0DE966DB8FC4BD31DADF84/'.
[2018.01.11-03.01.14:716][  0]LogShaderCompilers: Display: Using Local Shader Compiler.
[2018.01.11-03.01.17:118][  0]LogTemp: Display: Loaded TP AllDesktopTargetPlatform
[2018.01.11-03.01.17:158][  0]LogTemp: Display: Loaded TP MacClientTargetPlatform
[2018.01.11-03.01.17:215][  0]LogTemp: Display: Loaded TP MacNoEditorTargetPlatform
[2018.01.11-03.01.17:272][  0]LogTemp: Display: Loaded TP MacServerTargetPlatform
[2018.01.11-03.01.17:337][  0]LogTemp: Display: Loaded TP MacTargetPlatform
[2018.01.11-03.01.17:415][  0]LogTemp: Display: Loaded TP WindowsClientTargetPlatform
[2018.01.11-03.01.17:460][  0]LogTemp: Display: Loaded TP WindowsNoEditorTargetPlatform
[2018.01.11-03.01.17:509][  0]LogTemp: Display: Loaded TP WindowsServerTargetPlatform
[2018.01.11-03.01.17:560][  0]LogTemp: Display: Loaded TP WindowsTargetPlatform
[2018.01.11-03.01.17:612][  0]LogTemp: Display: Loaded TP Android_ASTCTargetPlatform
[2018.01.11-03.01.17:657][  0]LogTemp: Display: Loaded TP Android_ATCTargetPlatform
[2018.01.11-03.01.17:736][  0]LogTemp: Display: Loaded TP Android_DXTTargetPlatform
[2018.01.11-03.01.17:791][  0]LogTemp: Display: Loaded TP Android_ETC1TargetPlatform
[2018.01.11-03.01.17:842][  0]LogTemp: Display: Loaded TP Android_ETC2TargetPlatform
[2018.01.11-03.01.17:936][  0]LogTemp: Display: Loaded TP Android_MultiTargetPlatform
[2018.01.11-03.01.17:936][  0]LogTemp: Display: Loaded TP Android_PVRTCTargetPlatform
[2018.01.11-03.01.17:986][  0]LogTemp: Display: Loaded TP AndroidTargetPlatform
[2018.01.11-03.01.18:023][  0]LogTemp: Display: Loaded TP HTML5TargetPlatform
[2018.01.11-03.01.18:105][  0]LogTemp: Display: Loaded TP IOSTargetPlatform
[2018.01.11-03.01.18:134][  0]LogTemp: Display: Loaded TP TVOSTargetPlatform
[2018.01.11-03.01.18:192][  0]LogTemp: Display: Loaded TP LinuxClientTargetPlatform
[2018.01.11-03.01.18:239][  0]LogTemp: Display: Loaded TP LinuxNoEditorTargetPlatform
[2018.01.11-03.01.18:284][  0]LogTemp: Display: Loaded TP LinuxServerTargetPlatform
[2018.01.11-03.01.18:348][  0]LogTemp: Display: Loaded TP LinuxTargetPlatform
[2018.01.11-03.01.18:348][  0]LogTargetPlatformManager: Display: Building Assets For Windows
[2018.01.11-03.01.18:774][  0]LogDerivedDataCache: Display: Max Cache Size: 512 MB
[2018.01.11-03.01.19:033][  0]LogDerivedDataCache: Loaded boot cache 0.26s 78MB C:/Users/Ashton Summers/AppData/Local/UnrealEngine/4.18/DerivedDataCache/Boot.ddc.
[2018.01.11-03.01.19:033][  0]LogDerivedDataCache: Display: Loaded Boot cache: C:/Users/Ashton Summers/AppData/Local/UnrealEngine/4.18/DerivedDataCache/Boot.ddc
[2018.01.11-03.01.19:033][  0]LogDerivedDataCache: FDerivedDataBackendGraph:  Pak pak cache file ../../../../../../Users/Ashton Summers/Documents/Code/Unreal Engine/Projects/Stealth_Game/DerivedDataCache/DDC.ddp not found, will not use a pak cache.
[2018.01.11-03.01.19:033][  0]LogDerivedDataCache: Unable to find inner node Pak for hierarchical cache Hierarchy.
[2018.01.11-03.01.19:033][  0]LogDerivedDataCache: FDerivedDataBackendGraph:  CompressedPak pak cache file ../../../../../../Users/Ashton Summers/Documents/Code/Unreal Engine/Projects/Stealth_Game/DerivedDataCache/Compressed.ddp not found, will not use a pak cache.
[2018.01.11-03.01.19:033][  0]LogDerivedDataCache: Unable to find inner node CompressedPak for hierarchical cache Hierarchy.
[2018.01.11-03.01.19:048][  0]LogDerivedDataCache: Display: Pak cache opened for reading ../../../Engine/DerivedDataCache/Compressed.ddp.
[2018.01.11-03.01.19:059][  0]LogDerivedDataCache: Using Local data cache path C:/Users/Ashton Summers/AppData/Local/UnrealEngine/Common/DerivedDataCache: Writable
[2018.01.11-03.01.19:067][  0]LogMaterial: Verifying Global Shaders for PCD3D_SM5
[2018.01.11-03.01.19:068][  0]LogSlate: Using Freetype 2.6.0
[2018.01.11-03.01.19:080][  0]LogSlate: SlateFontCache - WITH_FREETYPE: 1, WITH_HARFBUZZ: 1
[2018.01.11-03.01.19:080][  0]LogSlate: SlateFontCache - WITH_FREETYPE: 1, WITH_HARFBUZZ: 1
[2018.01.11-03.01.19:753][  0]LogInit: Selected Device Profile: [Windows]
[2018.01.11-03.01.20:015][  0]LogSimplygon: Simplygon DLL not present - disabling.
[2018.01.11-03.01.20:046][  0]LogMeshReduction: Using SimplygonSwarm for distributed automatic mesh merging
[2018.01.11-03.01.20:046][  0]LogMeshReduction: Using QuadricMeshReduction for automatic static mesh reduction
[2018.01.11-03.01.20:046][  0]LogMeshReduction: No automatic skeletal mesh reduction module available
[2018.01.11-03.01.20:046][  0]LogMeshReduction: No automatic mesh merging module available
[2018.01.11-03.01.20:046][  0]LogMeshMerging: No automatic mesh merging module available
[2018.01.11-03.01.20:066][  0]LogNetVersion: FPSGame , NetCL: 3709383, EngineNetVer: 2, GameNetVer: 0 (Checksum: 875609505)
[2018.01.11-03.01.20:194][  0]LogAssetRegistry: FAssetRegistry took 0.0246 seconds to start up
[2018.01.11-03.01.20:623][  0]LogPackageLocalizationCache: Processed 7 localized package path(s) for 2 prioritized culture(s) in 0.061312 seconds
[2018.01.11-03.01.20:628][  0]LogUObjectArray: 35900 objects as part of root set at end of initial load.
[2018.01.11-03.01.20:628][  0]LogUObjectAllocator: 7372016 out of 0 bytes used by permanent object pool.
[2018.01.11-03.01.20:628][  0]LogUObjectArray: CloseDisregardForGC: 0/0 objects in disregard for GC pool
[2018.01.11-03.01.20:674][  0]LogInit: WinSock: version 1.1 (2.2), MaxSocks=32767, MaxUdp=65467
[2018.01.11-03.01.24:859][  0]LogTcpMessaging: Initializing TcpMessaging bridge
[2018.01.11-03.01.24:911][  0]LogUdpMessaging: Initializing bridge on interface 0.0.0.0:0 to multicast group 230.0.0.1:6666.
[2018.01.11-03.01.25:747][  0]LogMaterial: Uniform references updated for custom material expression Custom.
[2018.01.11-03.01.26:124][  0]SourceControl: Source control is disabled
[2018.01.11-03.01.26:124][  0]SourceControl: Source control is disabled
[2018.01.11-03.01.26:164][  0]SourceControl: Source control is disabled
[2018.01.11-03.01.26:208][  0]SourceControl: Source control is disabled
[2018.01.11-03.01.26:874][  0]LogAndroidPermission: UAndroidPermissionCallbackProxy::GetInstance
[2018.01.11-03.01.27:074][  0]LogOcInput: OculusInput pre-init called
[2018.01.11-03.01.27:299][  0]LogEngine: Initializing Engine...
[2018.01.11-03.01.27:300][  0]LogHMD: Failed to initialize OpenVR with code 110
[2018.01.11-03.01.27:480][  0]LogStats: UGameplayTagsManager::ConstructGameplayTagTree: Construct from data asset -  0.000 s
[2018.01.11-03.01.27:480][  0]LogStats: UGameplayTagsManager::ConstructGameplayTagTree: GameplayTagTreeChangedEvent.Broadcast -  0.000 s
[2018.01.11-03.01.27:585][  0]LogAIModule: Creating AISystem for world Untitled
[2018.01.11-03.01.27:597][  0]LogInit: XAudio2 using 'Headset Earphone (Astro MixAmp Pro Voice)' : 2 channels at 48 kHz using 16 bits per sample (channel mask 0x3)
[2018.01.11-03.01.27:606][  0]LogInit: FAudioDevice initialized.
[2018.01.11-03.01.27:672][  0]LogDerivedDataCache: Saved boot cache 0.07s 79MB C:/Users/Ashton Summers/AppData/Local/UnrealEngine/4.18/DerivedDataCache/Boot.ddc.
[2018.01.11-03.01.27:679][  0]LogInit: Texture streaming: Enabled
[2018.01.11-03.01.27:753][  0]LogEngineSessionManager: EngineSessionManager initialized
[2018.01.11-03.01.27:856][  0]LogInit: Transaction tracking system initialized
[2018.01.11-03.01.28:099][  0]BlueprintLog: New page: Editor Load
[2018.01.11-03.01.28:833][  0]LocalizationService: Localization service is disabled
[2018.01.11-03.01.29:232][  0]LogLinker: Warning: Can't find file '/Game/SideScrollerCPP/SideScrollerOverview'
[2018.01.11-03.01.29:232][  0]LogLinker: Warning: Can't find file '/Game/SideScrollerCPP/SideScrollerOverview'
[2018.01.11-03.01.29:232][  0]LogUObjectGlobals: Warning: Failed to find object 'Class /Game/SideScrollerCPP/SideScrollerOverview.SideScrollerOverview_C'
[2018.01.11-03.01.29:400][  0]LogConsoleResponse: Display: 
[2018.01.11-03.01.29:650][  0]LogFileCache: Scanning file cache for directory 'C:/Users/Ashton Summers/Documents/Code/Unreal Engine/Projects/Stealth_Game/Content/' took 0.01s
[2018.01.11-03.01.29:650][  0]LogCook: Display: Max memory allowance for cook 16384mb min free memory 0mb
[2018.01.11-03.01.29:650][  0]LogCook: Display: Mobile HDR setting 1
[2018.01.11-03.01.29:651][  0]LogGameplayTags: Display: UGameplayTagsManager::DoneAddingNativeTags. DelegateIsBound: 0
[2018.01.11-03.01.30:586][  0]SourceControl: Source control is disabled
[2018.01.11-03.01.30:586][  0]Cmd: MAP LOAD FILE="../../../../../../Users/Ashton Summers/Documents/Code/Unreal Engine/Projects/Stealth_Game/Content/Maps/FirstPersonExampleMap.umap" TEMPLATE=0 SHOWPROGRESS=1 FEATURELEVEL=3
[2018.01.11-03.01.30:586][  0]LightingResults: New page: Lighting Build
[2018.01.11-03.01.30:619][  0]MapCheck: New page: Map Check
[2018.01.11-03.01.30:619][  0]LightingResults: New page: Lighting Build
[2018.01.11-03.01.30:773][  0]LogAIModule: Creating AISystem for world FirstPersonExampleMap
[2018.01.11-03.01.30:798][  0]LogEditorServer: Finished looking for orphan Actors (0.000 secs)
[2018.01.11-03.01.30:807][  0]Cmd: MAP CHECKDEP NOCLEARLOG
[2018.01.11-03.01.30:844][  0]MapCheck: Map check complete: 0 Error(s), 0 Warning(s), took 36.431ms to complete.
[2018.01.11-03.01.30:844][  0]LogFileHelpers: Loading map 'FirstPersonExampleMap' took 0.258
[2018.01.11-03.01.31:039][  0]LogCollectionManager: Loaded 0 collections in 0.001088 seconds
[2018.01.11-03.01.31:122][  0]LogFileCache: Scanning file cache for directory 'C:/Users/Ashton Summers/Documents/Code/Unreal Engine/Projects/Stealth_Game/Saved/Collections/' took 0.01s
[2018.01.11-03.01.31:122][  0]LogFileCache: Scanning file cache for directory 'C:/Users/Ashton Summers/Documents/Code/Unreal Engine/Projects/Stealth_Game/Content/Developers/AshtonSummers/Collections/' took 0.01s
[2018.01.11-03.01.31:122][  0]LogFileCache: Scanning file cache for directory 'C:/Users/Ashton Summers/Documents/Code/Unreal Engine/Projects/Stealth_Game/Content/Collections/' took 0.01s
[2018.01.11-03.01.31:122][  0]LogCollectionManager: Rebuilt the GUID cache for 0 collections in 0.000001 seconds
[2018.01.11-03.01.31:131][  0]LogContentBrowser: Native class hierarchy populated in 0.0072 seconds. Added 2367 classes and 522 folders.
[2018.01.11-03.01.31:192][  0]LogContentBrowser: Native class hierarchy updated for 'WidgetCarousel' in 0.0005 seconds. Added 0 classes and 0 folders.
[2018.01.11-03.01.31:486][  0]LogContentBrowser: Native class hierarchy updated for 'AddContentDialog' in 0.0007 seconds. Added 0 classes and 0 folders.
[2018.01.11-03.01.31:532][  0]LogContentBrowser: Native class hierarchy updated for 'SceneOutliner' in 0.0005 seconds. Added 1 classes and 2 folders.
[2018.01.11-03.01.31:690][  0]LogSlate: Took 0.005199 seconds to synchronously load lazily loaded font '../../../Engine/Content/Slate/Fonts/Roboto-Regular.ttf' (155K)
[2018.01.11-03.01.31:695][  0]LogSlate: Took 0.004121 seconds to synchronously load lazily loaded font '../../../Engine/Content/Slate/Fonts/Roboto-Bold.ttf' (160K)
[2018.01.11-03.01.31:706][  0]LogSlate: Took 0.005289 seconds to synchronously load lazily loaded font '../../../Engine/Content/Editor/Slate/Fonts/FontAwesome.ttf' (139K)
[2018.01.11-03.01.31:820][  0]LogRenderer: Reallocating scene render targets to support 1216x628 Format 10 NumSamples 1 (Frame:1).
[2018.01.11-03.01.32:026][  0]LogContentBrowser: Native class hierarchy updated for 'HierarchicalLODOutliner' in 0.0005 seconds. Added 1 classes and 2 folders.
[2018.01.11-03.01.32:026][  0]LogLoad: (Engine Initialization) Total time: 22.10 seconds
[2018.01.11-03.01.32:026][  0]LogLoad: (Engine Initialization) Total Blueprint compile time: 0.00 seconds
[2018.01.11-03.01.32:026][  0]LogExternalProfiler: No external profilers were discovered.  External profiling features will not be available.
[2018.01.11-03.01.32:055][  0]LogAssetRegistry: Asset discovery search completed in 11.8824 seconds
[2018.01.11-03.01.32:059][  0]LogCollectionManager: Rebuilt the object cache for 0 collections in 0.000001 seconds (found 0 objects)
[2018.01.11-03.01.32:059][  0]LogCollectionManager: Fixed up redirectors for 0 collections in 0.000062 seconds (updated 0 objects)
[2018.01.11-03.01.32:062][  0]LogContentStreaming: Texture pool size now 1000 MB
[2018.01.11-03.01.34:206][242]LogTemp: Repeating last play command: Selected Viewport
[2018.01.11-03.01.34:232][242]LogBlueprintUserMessages: Early PlayInEditor Detection: Level '/Game/Maps/FirstPersonExampleMap.FirstPersonExampleMap:PersistentLevel' has LevelScriptBlueprint '/Game/Maps/FirstPersonExampleMap.FirstPersonExampleMap:PersistentLevel.FirstPersonExampleMap' with GeneratedClass '/Game/Maps/FirstPersonExampleMap.FirstPersonExampleMap_C' with ClassGeneratedBy '/Game/Maps/FirstPersonExampleMap.FirstPersonExampleMap:PersistentLevel.FirstPersonExampleMap'
[2018.01.11-03.01.34:233][242]LogPlayLevel: PlayLevel: No blueprints needed recompiling
[2018.01.11-03.01.34:238][242]PIE: New page: PIE session: FirstPersonExampleMap (Jan 10, 2018, 11:01:34 AM)
[2018.01.11-03.01.34:239][242]LogPlayLevel: Creating play world package: /Game/Maps/UEDPIE_0_FirstPersonExampleMap
[2018.01.11-03.01.34:264][242]LogPlayLevel: PIE: StaticDuplicateObject took: (0.025363s)
[2018.01.11-03.01.34:265][242]LogAIModule: Creating AISystem for world FirstPersonExampleMap
[2018.01.11-03.01.34:265][242]LogPlayLevel: PIE: World Init took: (0.000726s)
[2018.01.11-03.01.34:266][242]LogPlayLevel: PIE: Created PIE world by copying editor world from /Game/Maps/FirstPersonExampleMap.FirstPersonExampleMap to /Game/Maps/UEDPIE_0_FirstPersonExampleMap.FirstPersonExampleMap (0.026722s)
[2018.01.11-03.01.34:281][242]LogInit: XAudio2 using 'Headset Earphone (Astro MixAmp Pro Voice)' : 2 channels at 48 kHz using 16 bits per sample (channel mask 0x3)
[2018.01.11-03.01.34:286][242]LogInit: FAudioDevice initialized.
[2018.01.11-03.01.34:327][242]LogLoad: Game class is 'FPSGameMode'
[2018.01.11-03.01.34:333][242]LogWorld: Bringing World /Game/Maps/UEDPIE_0_FirstPersonExampleMap.FirstPersonExampleMap up for play (max tick rate 0) at 2018.01.10-19.01.34
[2018.01.11-03.01.34:335][242]LogWorld: Bringing up level for play took: 0.003229
[2018.01.11-03.01.34:373][242]LogContentBrowser: Native class hierarchy updated for 'MovieSceneCapture' in 0.0006 seconds. Added 11 classes and 0 folders.
[2018.01.11-03.01.34:375][242]PIE: Play in editor start time for /Game/Maps/UEDPIE_0_FirstPersonExampleMap 0.556
[2018.01.11-03.01.34:376][242]LogBlueprintUserMessages: Late PlayInEditor Detection: Level '/Game/Maps/FirstPersonExampleMap.FirstPersonExampleMap:PersistentLevel' has LevelScriptBlueprint '/Game/Maps/FirstPersonExampleMap.FirstPersonExampleMap:PersistentLevel.FirstPersonExampleMap' with GeneratedClass '/Game/Maps/FirstPersonExampleMap.FirstPersonExampleMap_C' with ClassGeneratedBy '/Game/Maps/FirstPersonExampleMap.FirstPersonExampleMap:PersistentLevel.FirstPersonExampleMap'
[2018.01.11-03.01.37:200][574]LogBlueprintUserMessages: Early EndPlayMap Detection: Level '/Game/Maps/FirstPersonExampleMap.FirstPersonExampleMap:PersistentLevel' has LevelScriptBlueprint '/Game/Maps/FirstPersonExampleMap.FirstPersonExampleMap:PersistentLevel.FirstPersonExampleMap' with GeneratedClass '/Game/Maps/FirstPersonExampleMap.FirstPersonExampleMap_C' with ClassGeneratedBy '/Game/Maps/FirstPersonExampleMap.FirstPersonExampleMap:PersistentLevel.FirstPersonExampleMap'
[2018.01.11-03.01.37:233][574]LogBlueprintUserMessages: Late EndPlayMap Detection: Level '/Game/Maps/FirstPersonExampleMap.FirstPersonExampleMap:PersistentLevel' has LevelScriptBlueprint '/Game/Maps/FirstPersonExampleMap.FirstPersonExampleMap:PersistentLevel.FirstPersonExampleMap' with GeneratedClass '/Game/Maps/FirstPersonExampleMap.FirstPersonExampleMap_C' with ClassGeneratedBy '/Game/Maps/FirstPersonExampleMap.FirstPersonExampleMap:PersistentLevel.FirstPersonExampleMap'
[2018.01.11-03.01.39:674][757]LogEditorViewport: Clicking Background
[2018.01.11-03.01.49:315][391]LogSlate: Took 0.003932 seconds to synchronously load lazily loaded font '../../../Engine/Content/Slate/Fonts/Roboto-Light.ttf' (159K)
[2018.01.11-03.01.49:326][391]Running C:/Program Files/Epic Games/UE_4.18/Engine/Binaries/DotNET/UnrealBuildTool.exe  -projectfiles -project="C:/Users/Ashton Summers/Documents/Code/Unreal Engine/Projects/Stealth_Game/FPSGame.uproject" -game -rocket -progress
[2018.01.11-03.01.49:528][391]Discovering modules, targets and source code for project...
[2018.01.11-03.01.51:836][391]LogSlate: Took 0.000109 seconds to synchronously load lazily loaded font '../../../Engine/Content/Slate/Fonts/Roboto-Regular.ttf' (155K)
[2018.01.11-03.03.30:978][775]LogSlate: Took 0.004809 seconds to synchronously load lazily loaded font '../../../Engine/Content/Editor/Slate/Fonts/Roboto-BoldCondensed.ttf' (158K)
[2018.01.11-03.03.56:715][226]Running C:/Program Files/Epic Games/UE_4.18/Engine/Binaries/DotNET/UnrealBuildTool.exe  -projectfiles -project="C:/Users/Ashton Summers/Documents/Code/Unreal Engine/Projects/Stealth_Game/FPSGame.uproject" -game -rocket -progress
[2018.01.11-03.03.57:017][226]Discovering modules, targets and source code for project...
[2018.01.11-03.04.00:148][226]LogVSAccessor: Warning: Couldn't access Visual Studio
[2018.01.11-03.04.00:155][226]Candidate modules for hot reload:
[2018.01.11-03.04.00:155][226]  FPSGame
[2018.01.11-03.04.00:155][226]Launching UnrealBuildTool... [C:/Program Files/Epic Games/UE_4.18/Engine/Binaries/DotNET/UnrealBuildTool.exe FPSGame -ModuleWithSuffix FPSGame 9001 Win64 Development -editorrecompile -canskiplink "C:/Users/Ashton Summers/Documents/Code/Unreal Engine/Projects/Stealth_Game/FPSGame.uproject" ]
[2018.01.11-03.04.59:137][226]CompilerResultsLog: New page: Compilation - Jan 10, 2018, 11:04:59 AM
[2018.01.11-03.04.59:137][226]CompilerResultsLog: Creating makefile for hot reloading FPSGame (no existing makefile)
[2018.01.11-03.04.59:137][226]CompilerResultsLog: Compiling game modules for hot reload
[2018.01.11-03.04.59:137][226]CompilerResultsLog: Performing full C++ include scan (no include cache file)
[2018.01.11-03.04.59:137][226]CompilerResultsLog: Parsing headers for FPSGameEditor
[2018.01.11-03.04.59:137][226]CompilerResultsLog:   Running UnrealHeaderTool "C:\Users\Ashton Summers\Documents\Code\Unreal Engine\Projects\Stealth_Game\FPSGame.uproject" "C:\Users\Ashton Summers\Documents\Code\Unreal Engine\Projects\Stealth_Game\Intermediate\Build\Win64\FPSGameEditor\Development\FPSGameEditor.uhtmanifest" -LogCmds="loginit warning, logexit warning, logdatabase error" -Unattended -WarningsAsErrors -installed
[2018.01.11-03.04.59:138][226]CompilerResultsLog: Reflection code generated for FPSGameEditor in 8.9447813 seconds
[2018.01.11-03.04.59:138][226]CompilerResultsLog: Performing 17 actions (4 in parallel)
[2018.01.11-03.04.59:138][226]CompilerResultsLog: [2/17] Resource PCLaunch.rc
[2018.01.11-03.04.59:138][226]CompilerResultsLog: [3/17] Resource ModuleVersionResource.rc.inl
[2018.01.11-03.04.59:138][226]CompilerResultsLog: SharedPCH.Engine.cpp
[2018.01.11-03.04.59:138][226]CompilerResultsLog: FPSCharacter.cpp
[2018.01.11-03.04.59:138][226]CompilerResultsLog: FPSCharacter.gen.cpp
[2018.01.11-03.04.59:138][226]CompilerResultsLog: FPSGame.cpp
[2018.01.11-03.04.59:138][226]CompilerResultsLog: FPSGameMode.cpp
[2018.01.11-03.04.59:138][226]CompilerResultsLog: FPSHUD.cpp
[2018.01.11-03.04.59:138][226]CompilerResultsLog: FPSObjectiveActor.cpp
[2018.01.11-03.04.59:138][226]CompilerResultsLog: FPSProjectile.cpp
[2018.01.11-03.04.59:138][226]CompilerResultsLog: FPSGameMode.gen.cpp
[2018.01.11-03.04.59:138][226]CompilerResultsLog: FPSGame.init.gen.cpp
[2018.01.11-03.04.59:138][226]CompilerResultsLog: FPSHUD.gen.cpp
[2018.01.11-03.04.59:138][226]CompilerResultsLog: FPSObjectiveActor.gen.cpp
[2018.01.11-03.04.59:138][226]CompilerResultsLog: FPSProjectile.gen.cpp
[2018.01.11-03.04.59:138][226]CompilerResultsLog: [16/17] Link UE4Editor-FPSGame-9001.dll
[2018.01.11-03.04.59:138][226]CompilerResultsLog: [17/17] Link UE4Editor-FPSGame-9001.lib
[2018.01.11-03.04.59:138][226]CompilerResultsLog:    Creating library C:\Users\Ashton Summers\Documents\Code\Unreal Engine\Projects\Stealth_Game\Intermediate\Build\Win64\UE4Editor\Development\UE4Editor-FPSGame-9001.lib and object C:\Users\Ashton Summers\Documents\Code\Unreal Engine\Projects\Stealth_Game\Intermediate\Build\Win64\UE4Editor\Development\UE4Editor-FPSGame-9001.exp
[2018.01.11-03.04.59:138][226]CompilerResultsLog:    Creating library C:\Users\Ashton Summers\Documents\Code\Unreal Engine\Projects\Stealth_Game\Intermediate\Build\Win64\UE4Editor\Development\UE4Editor-FPSGame-9001.suppressed.lib and object C:\Users\Ashton Summers\Documents\Code\Unreal Engine\Projects\Stealth_Game\Intermediate\Build\Win64\UE4Editor\Development\UE4Editor-FPSGame-9001.suppressed.exp
[2018.01.11-03.04.59:138][226]CompilerResultsLog: Total build time: 58.81 seconds (Local executor: 30.82 seconds)
[2018.01.11-03.04.59:139][226]LogMainFrame: MainFrame: Module compiling took 58.990 seconds
[2018.01.11-03.04.59:265][226]LogClass: Could not find existing class FPSObjectiveActor in package /Script/FPSGame for HotReload, assuming new class
[2018.01.11-03.04.59:271][226]LogContentBrowser: Native class hierarchy updated for 'FPSGame' in 0.0008 seconds. Added 5 classes and 3 folders.
[2018.01.11-03.04.59:273][226]Display: HotReload successful (1 functions remapped  0 scriptstructs remapped)
[2018.01.11-03.04.59:353][226]LogContentBrowser: Native class hierarchy populated in 0.0098 seconds. Added 2370 classes and 526 folders.
[2018.01.11-03.04.59:354][226]Display: HotReload took 59.2s.
[2018.01.11-03.04.59:355][226]Warning: HotReload operation took 59.2s.
[2018.01.11-03.04.59:442][226]LogHotReload: New module detected: UE4Editor-FPSGame-9001.dll
[2018.01.11-03.04.59:486][227]LogHotReload: Starting Hot-Reload from IDE
[2018.01.11-03.04.59:712][227]LogContentBrowser: Native class hierarchy updated for 'FPSGame' in 0.0006 seconds. Added 5 classes and 3 folders.
[2018.01.11-03.04.59:714][227]Display: HotReload successful (0 functions remapped  0 scriptstructs remapped)
[2018.01.11-03.04.59:736][227]LogContentBrowser: Native class hierarchy populated in 0.0102 seconds. Added 2370 classes and 526 folders.
[2018.01.11-03.04.59:740][227]Display: HotReload took  0.3s.
[2018.01.11-03.05.06:932][235]LogVSAccessor: Warning: Visual Studio is open but could not be queried - it may be blocked by a modal operation
[2018.01.11-03.05.07:255][236]LogVSAccessor: Warning: Visual Studio is open but could not be queried - it may be blocked by a modal operation
[2018.01.11-03.05.07:589][237]LogVSAccessor: Warning: Visual Studio is open but could not be queried - it may be blocked by a modal operation
[2018.01.11-03.05.07:923][238]LogVSAccessor: Warning: Visual Studio is open but could not be queried - it may be blocked by a modal operation
[2018.01.11-03.05.08:256][239]LogVSAccessor: Warning: Visual Studio is open but could not be queried - it may be blocked by a modal operation
[2018.01.11-03.05.08:589][240]LogVSAccessor: Warning: Visual Studio is open but could not be queried - it may be blocked by a modal operation
[2018.01.11-03.05.08:923][241]LogVSAccessor: Warning: Visual Studio is open but could not be queried - it may be blocked by a modal operation
[2018.01.11-03.05.09:255][242]LogVSAccessor: Warning: Visual Studio is open but could not be queried - it may be blocked by a modal operation
[2018.01.11-03.05.09:590][243]LogVSAccessor: Warning: Visual Studio is open but could not be queried - it may be blocked by a modal operation
[2018.01.11-03.05.09:923][244]LogVSAccessor: Warning: Visual Studio is open but could not be queried - it may be blocked by a modal operation
[2018.01.11-03.05.10:256][245]LogVSAccessor: Warning: Visual Studio is open but could not be queried - it may be blocked by a modal operation
[2018.01.11-03.05.10:589][246]LogVSAccessor: Warning: Visual Studio is open but could not be queried - it may be blocked by a modal operation
[2018.01.11-03.05.10:923][247]LogVSAccessor: Warning: Visual Studio is open but could not be queried - it may be blocked by a modal operation
[2018.01.11-03.05.11:256][248]LogVSAccessor: Warning: Visual Studio is open but could not be queried - it may be blocked by a modal operation
[2018.01.11-03.05.11:588][249]LogVSAccessor: Warning: Visual Studio is open but could not be queried - it may be blocked by a modal operation
[2018.01.11-03.05.26:692][253]LogVSAccessor: Warning: Visual Studio is open but could not be queried - it may be blocked by a modal operation
[2018.01.11-03.05.27:026][254]LogVSAccessor: Warning: Visual Studio is open but could not be queried - it may be blocked by a modal operation
[2018.01.11-03.05.27:360][255]LogVSAccessor: Warning: Visual Studio is open but could not be queried - it may be blocked by a modal operation
[2018.01.11-03.05.33:869][274]LogVSAccessor: Warning: Visual Studio is open but could not be queried - it may be blocked by a modal operation
[2018.01.11-03.05.34:520][299]LogWindowsTextInputMethodSystem: Display: IME system now deactivated.
[2018.01.11-03.05.34:721][300]Cmd: QUIT_EDITOR
[2018.01.11-03.05.34:875][300]LogExit: Preparing to exit.
[2018.01.11-03.05.35:992][300]LogDirectoryWatcher: A directory notification for 'C:/Users/Ashton Summers/Documents/Code/Unreal Engine/Projects/Stealth_Game/Content/' was aborted.
[2018.01.11-03.05.36:009][300]LogExit: Editor shut down
[2018.01.11-03.05.36:012][300]LogExit: Transaction tracking system shut down
[2018.01.11-03.05.36:164][300]LogDirectoryWatcher: A directory notification for '../../../Engine/Content/' was aborted.
[2018.01.11-03.05.36:164][300]LogDirectoryWatcher: A directory notification for '../../../../../../Users/Ashton Summers/Documents/Code/Unreal Engine/Projects/Stealth_Game/Content/' was aborted.
[2018.01.11-03.05.36:164][300]LogDirectoryWatcher: A directory notification for '../../../Engine/Plugins/2D/Paper2D/Content/' was aborted.
[2018.01.11-03.05.36:164][300]LogDirectoryWatcher: A directory notification for '../../../Engine/Plugins/Media/MediaCompositing/Content/' was aborted.
[2018.01.11-03.05.36:164][300]LogDirectoryWatcher: A directory notification for '../../../Engine/Plugins/Runtime/AppleARKit/Content/' was aborted.
[2018.01.11-03.05.36:164][300]LogDirectoryWatcher: A directory notification for '../../../Engine/Plugins/Runtime/Oculus/OculusVR/Content/' was aborted.
[2018.01.11-03.05.36:164][300]LogDirectoryWatcher: A directory notification for '../../../Engine/Plugins/Runtime/Steam/SteamVR/Content/' was aborted.
[2018.01.11-03.05.36:228][300]LogExit: Object subsystem successfully closed.
[2018.01.11-03.05.36:246][300]LogD3D11RHI: Shutdown
[2018.01.11-03.05.36:247][300]LogD3D11RHI: CleanupD3DDevice
[2018.01.11-03.05.36:249][300]LogD3D11RHI: ~FD3D11DynamicRHI
[2018.01.11-03.05.36:277][300]LogModuleManager: Shutting down and abandoning module FPSGame (554)
[2018.01.11-03.05.36:277][300]LogModuleManager: Shutting down and abandoning module MovieSceneCapture (552)
[2018.01.11-03.05.36:277][300]LogModuleManager: Shutting down and abandoning module HierarchicalLODOutliner (550)
[2018.01.11-03.05.36:277][300]LogModuleManager: Shutting down and abandoning module DesktopPlatform (548)
[2018.01.11-03.05.36:277][300]LogModuleManager: Shutting down and abandoning module SceneOutliner (546)
[2018.01.11-03.05.36:277][300]LogModuleManager: Shutting down and abandoning module AddContentDialog (544)
[2018.01.11-03.05.36:278][300]LogDirectoryWatcher: A directory notification for 'C:/Program Files/Epic Games/UE_4.18/FeaturePacks/' was aborted.
[2018.01.11-03.05.36:278][300]LogModuleManager: Shutting down and abandoning module WidgetCarousel (543)
[2018.01.11-03.05.36:278][300]LogModuleManager: Shutting down and abandoning module EditorWidgets (540)
[2018.01.11-03.05.36:278][300]LogModuleManager: Shutting down and abandoning module CollectionManager (538)
[2018.01.11-03.05.36:279][300]LogDirectoryWatcher: A directory notification for 'C:/Users/Ashton Summers/Documents/Code/Unreal Engine/Projects/Stealth_Game/Content/Collections/' was aborted.
[2018.01.11-03.05.36:279][300]LogDirectoryWatcher: A directory notification for 'C:/Users/Ashton Summers/Documents/Code/Unreal Engine/Projects/Stealth_Game/Content/Developers/AshtonSummers/Collections/' was aborted.
[2018.01.11-03.05.36:279][300]LogDirectoryWatcher: A directory notification for 'C:/Users/Ashton Summers/Documents/Code/Unreal Engine/Projects/Stealth_Game/Saved/Collections/' was aborted.
[2018.01.11-03.05.36:279][300]LogModuleManager: Shutting down and abandoning module StatsViewer (536)
[2018.01.11-03.05.36:279][300]LogModuleManager: Shutting down and abandoning module FoliageEdit (534)
[2018.01.11-03.05.36:280][300]LogModuleManager: Shutting down and abandoning module LandscapeEditor (532)
[2018.01.11-03.05.36:281][300]LogModuleManager: Shutting down and abandoning module MeshPaintMode (530)
[2018.01.11-03.05.36:281][300]LogModuleManager: Shutting down and abandoning module SceneDepthPickerMode (528)
[2018.01.11-03.05.36:281][300]LogModuleManager: Shutting down and abandoning module ActorPickerMode (526)
[2018.01.11-03.05.36:281][300]LogModuleManager: Shutting down and abandoning module GeometryMode (524)
[2018.01.11-03.05.36:281][300]LogModuleManager: Shutting down and abandoning module TextureAlignMode (522)
[2018.01.11-03.05.36:281][300]LogModuleManager: Shutting down and abandoning module BspMode (520)
[2018.01.11-03.05.36:281][300]LogModuleManager: Shutting down and abandoning module PIEPreviewDeviceProfileSelector (518)
[2018.01.11-03.05.36:281][300]LogModuleManager: Shutting down and abandoning module HardwareSurvey (516)
[2018.01.11-03.05.36:281][300]LogModuleManager: Shutting down and abandoning module SequenceRecorderSections (514)
[2018.01.11-03.05.36:281][300]LogModuleManager: Shutting down and abandoning module AutomationWorker (512)
[2018.01.11-03.05.36:281][300]LogModuleManager: Shutting down and abandoning module MatineeToLevelSequence (510)
[2018.01.11-03.05.36:282][300]LogModuleManager: Shutting down and abandoning module LevelSequenceEditor (508)
[2018.01.11-03.05.36:283][300]LogModuleManager: Shutting down and abandoning module PlacementMode (507)
[2018.01.11-03.05.36:283][300]LogModuleManager: Shutting down and abandoning module WmfMediaFactory (504)
[2018.01.11-03.05.36:283][300]LogModuleManager: Shutting down and abandoning module WmfMediaEditor (502)
[2018.01.11-03.05.36:283][300]LogModuleManager: Shutting down and abandoning module OpenExrWrapper (500)
[2018.01.11-03.05.36:283][300]LogModuleManager: Shutting down and abandoning module ImgMediaFactory (498)
[2018.01.11-03.05.36:283][300]LogModuleManager: Shutting down and abandoning module ImgMediaEditor (496)
[2018.01.11-03.05.36:283][300]LogModuleManager: Shutting down and abandoning module AvfMediaFactory (494)
[2018.01.11-03.05.36:283][300]LogModuleManager: Shutting down and abandoning module AvfMediaEditor (492)
[2018.01.11-03.05.36:283][300]LogModuleManager: Shutting down and abandoning module AndroidMediaFactory (490)
[2018.01.11-03.05.36:283][300]LogModuleManager: Shutting down and abandoning module AndroidMediaEditor (488)
[2018.01.11-03.05.36:283][300]LogModuleManager: Shutting down and abandoning module CharacterAI (486)
[2018.01.11-03.05.36:283][300]LogModuleManager: Shutting down and abandoning module AudioCapture (484)
[2018.01.11-03.05.36:284][300]LogModuleManager: Shutting down and abandoning module SequenceRecorder (483)
[2018.01.11-03.05.36:284][300]LogModuleManager: Shutting down and abandoning module SmartSnapping (480)
[2018.01.11-03.05.36:284][300]LogModuleManager: Shutting down and abandoning module SessionServices (478)
[2018.01.11-03.05.36:284][300]LogModuleManager: Shutting down and abandoning module ViewportSnapping (476)
[2018.01.11-03.05.36:284][300]LogModuleManager: Shutting down and abandoning module ViewportInteraction (474)
[2018.01.11-03.05.36:284][300]LogModuleManager: Shutting down and abandoning module ClothPainter (472)
[2018.01.11-03.05.36:284][300]LogModuleManager: Shutting down and abandoning module SkeletalMeshEditor (471)
[2018.01.11-03.05.36:285][300]LogModuleManager: Shutting down and abandoning module LogVisualizer (468)
[2018.01.11-03.05.36:286][300]LogModuleManager: Shutting down and abandoning module IntroTutorials (466)
[2018.01.11-03.05.36:287][300]LogModuleManager: Shutting down and abandoning module GameProjectGeneration (465)
[2018.01.11-03.05.36:287][300]LogModuleManager: Shutting down and abandoning module IOSPlatformEditor (462)
[2018.01.11-03.05.36:288][300]LogModuleManager: Shutting down and abandoning module HTML5PlatformEditor (460)
[2018.01.11-03.05.36:288][300]LogModuleManager: Shutting down and abandoning module AndroidPlatformEditor (458)
[2018.01.11-03.05.36:288][300]LogModuleManager: Shutting down and abandoning module AndroidDeviceDetection (457)
[2018.01.11-03.05.37:164][300]LogModuleManager: Shutting down and abandoning module WindowsPlatformEditor (454)
[2018.01.11-03.05.37:165][300]LogModuleManager: Shutting down and abandoning module IOSRuntimeSettings (452)
[2018.01.11-03.05.37:165][300]LogModuleManager: Shutting down and abandoning module AndroidRuntimeSettings (450)
[2018.01.11-03.05.37:165][300]LogModuleManager: Shutting down and abandoning module InputBindingEditor (448)
[2018.01.11-03.05.37:165][300]LogModuleManager: Shutting down and abandoning module MergeActors (446)
[2018.01.11-03.05.37:165][300]LogModuleManager: Shutting down and abandoning module SizeMap (444)
[2018.01.11-03.05.37:165][300]LogModuleManager: Shutting down and abandoning module TreeMap (442)
[2018.01.11-03.05.37:166][300]LogModuleManager: Shutting down and abandoning module ReferenceViewer (440)
[2018.01.11-03.05.37:166][300]LogModuleManager: Shutting down and abandoning module LocalizationDashboard (438)
[2018.01.11-03.05.37:166][300]LogModuleManager: Shutting down and abandoning module LocalizationService (437)
[2018.01.11-03.05.37:166][300]LogModuleManager: Shutting down and abandoning module HardwareTargeting (434)
[2018.01.11-03.05.37:166][300]LogModuleManager: Shutting down and abandoning module DeviceProfileEditor (432)
[2018.01.11-03.05.37:166][300]LogModuleManager: Shutting down and abandoning module UndoHistory (430)
[2018.01.11-03.05.37:166][300]LogModuleManager: Shutting down and abandoning module XmlParser (428)
[2018.01.11-03.05.37:167][300]LogModuleManager: Shutting down and abandoning module Blutility (426)
[2018.01.11-03.05.37:167][300]LogModuleManager: Shutting down and abandoning module ProjectSettingsViewer (424)
[2018.01.11-03.05.37:167][300]LogModuleManager: Shutting down and abandoning module ProjectTargetPlatformEditor (423)
[2018.01.11-03.05.37:167][300]LogModuleManager: Shutting down and abandoning module EditorSettingsViewer (420)
[2018.01.11-03.05.37:167][300]LogModuleManager: Shutting down and abandoning module SettingsEditor (418)
[2018.01.11-03.05.37:167][300]LogModuleManager: Shutting down and abandoning module ProjectLauncher (416)
[2018.01.11-03.05.37:167][300]LogModuleManager: Shutting down and abandoning module SessionFrontend (414)
[2018.01.11-03.05.37:168][300]LogModuleManager: Shutting down and abandoning module ProfilerClient (412)
[2018.01.11-03.05.37:168][300]LogModuleManager: Shutting down and abandoning module DeviceManager (410)
[2018.01.11-03.05.37:168][300]LogModuleManager: Shutting down and abandoning module TargetDeviceServices (409)
[2018.01.11-03.05.37:220][300]LogModuleManager: Shutting down and abandoning module AutomationController (406)
[2018.01.11-03.05.37:221][300]LogModuleManager: Shutting down and abandoning module AutomationWindow (404)
[2018.01.11-03.05.37:222][300]LogModuleManager: Shutting down and abandoning module Layers (402)
[2018.01.11-03.05.37:223][300]LogModuleManager: Shutting down and abandoning module ComponentVisualizers (400)
[2018.01.11-03.05.37:223][300]LogModuleManager: Shutting down and abandoning module DetailCustomizations (398)
[2018.01.11-03.05.37:223][300]LogModuleManager: Shutting down and abandoning module PackagesDialog (396)
[2018.01.11-03.05.37:223][300]LogModuleManager: Shutting down and abandoning module Persona (394)
[2018.01.11-03.05.37:224][300]LogModuleManager: Shutting down and abandoning module AdvancedPreviewScene (393)
[2018.01.11-03.05.37:224][300]LogModuleManager: Shutting down and abandoning module AnimGraph (391)
[2018.01.11-03.05.37:224][300]LogModuleManager: Shutting down and abandoning module Kismet (388)
[2018.01.11-03.05.37:226][300]LogModuleManager: Shutting down and abandoning module ClassViewer (386)
[2018.01.11-03.05.37:226][300]LogModuleManager: Shutting down and abandoning module Toolbox (384)
[2018.01.11-03.05.37:226][300]LogModuleManager: Shutting down and abandoning module ModuleUI (382)
[2018.01.11-03.05.37:227][300]LogModuleManager: Shutting down and abandoning module MovieSceneTools (380)
[2018.01.11-03.05.37:227][300]LogModuleManager: Shutting down and abandoning module OutputLog (378)
[2018.01.11-03.05.37:227][300]LogModuleManager: Shutting down and abandoning module GammaUI (376)
[2018.01.11-03.05.37:227][300]LogModuleManager: Shutting down and abandoning module Documentation (374)
[2018.01.11-03.05.37:228][300]LogModuleManager: Shutting down and abandoning module MovieSceneTracks (372)
[2018.01.11-03.05.37:228][300]LogModuleManager: Shutting down and abandoning module MovieScene (370)
[2018.01.11-03.05.37:228][300]LogModuleManager: Shutting down and abandoning module StreamingPauseRendering (368)
[2018.01.11-03.05.37:228][300]LogModuleManager: Shutting down and abandoning module LauncherPlatform (366)
[2018.01.11-03.05.37:228][300]LogModuleManager: Shutting down and abandoning module AnalyticsET (364)
[2018.01.11-03.05.37:228][300]LogModuleManager: Shutting down and abandoning module PortalServices (362)
[2018.01.11-03.05.37:228][300]LogModuleManager: Shutting down and abandoning module PortalRpc (360)
[2018.01.11-03.05.37:228][300]LogModuleManager: Shutting down and abandoning module MessagingRpc (358)
[2018.01.11-03.05.37:228][300]LogModuleManager: Shutting down and abandoning module AIModule (356)
[2018.01.11-03.05.37:228][300]LogModuleManager: Shutting down and abandoning module GameplayDebugger (355)
[2018.01.11-03.05.37:228][300]LogModuleManager: Shutting down and abandoning module AITestSuite (353)
[2018.01.11-03.05.37:228][300]LogModuleManager: Shutting down and abandoning module ProfilerService (350)
[2018.01.11-03.05.37:443][300]LogModuleManager: Shutting down and abandoning module TaskGraph (348)
[2018.01.11-03.05.37:444][300]LogModuleManager: Shutting down and abandoning module SteamVRController (346)
[2018.01.11-03.05.37:444][300]LogModuleManager: Shutting down and abandoning module ProceduralMeshComponentEditor (344)
[2018.01.11-03.05.37:444][300]LogModuleManager: Shutting down and abandoning module ProceduralMeshComponent (342)
[2018.01.11-03.05.37:444][300]LogModuleManager: Shutting down and abandoning module OculusInput (340)
[2018.01.11-03.05.37:444][300]LogModuleManager: Shutting down and abandoning module MobilePatchingUtils (338)
[2018.01.11-03.05.37:444][300]LogModuleManager: Shutting down and abandoning module CustomMeshComponent (336)
[2018.01.11-03.05.37:444][300]LogModuleManager: Shutting down and abandoning module CableComponent (334)
[2018.01.11-03.05.37:444][300]LogModuleManager: Shutting down and abandoning module ArchVisCharacter (332)
[2018.01.11-03.05.37:444][300]LogModuleManager: Shutting down and abandoning module AndroidPermission (330)
[2018.01.11-03.05.37:444][300]LogModuleManager: Shutting down and abandoning module ActorSequence (326)
[2018.01.11-03.05.37:444][300]LogModuleManager: Shutting down and abandoning module MediaPlayerEditor (324)
[2018.01.11-03.05.37:446][300]LogModuleManager: Shutting down and abandoning module MediaCompositingEditor (322)
[2018.01.11-03.05.37:446][300]LogModuleManager: Shutting down and abandoning module MediaCompositing (320)
[2018.01.11-03.05.37:446][300]LogModuleManager: Shutting down and abandoning module HTML5Networking (318)
[2018.01.11-03.05.37:446][300]LogModuleManager: Shutting down and abandoning module AlembicImporter (316)
[2018.01.11-03.05.37:447][300]LogModuleManager: Shutting down and abandoning module AlembicLibrary (315)
[2018.01.11-03.05.37:447][300]LogModuleManager: Shutting down and abandoning module GeometryCache (314)
[2018.01.11-03.05.37:447][300]LogModuleManager: Shutting down and abandoning module GeometryCacheEd (313)
[2018.01.11-03.05.37:447][300]LogModuleManager: Shutting down and abandoning module SpeedTreeImporter (308)
[2018.01.11-03.05.37:447][300]LogModuleManager: Shutting down and abandoning module PluginBrowser (306)
[2018.01.11-03.05.37:448][300]LogModuleManager: Shutting down and abandoning module MobileLauncherProfileWizard (304)
[2018.01.11-03.05.37:449][300]LogModuleManager: Shutting down and abandoning module VisualStudioSourceCodeAccess (302)
[2018.01.11-03.05.37:449][300]LogModuleManager: Shutting down and abandoning module VisualStudioCodeSourceCodeAccess (300)
[2018.01.11-03.05.37:449][300]LogModuleManager: Shutting down and abandoning module UObjectPlugin (298)
[2018.01.11-03.05.37:449][300]LogModuleManager: Shutting down and abandoning module SubversionSourceControl (296)
[2018.01.11-03.05.37:449][300]LogModuleManager: Shutting down and abandoning module PerforceSourceControl (294)
[2018.01.11-03.05.37:450][300]LogModuleManager: Shutting down and abandoning module GitSourceControl (292)
[2018.01.11-03.05.37:451][300]LogModuleManager: Shutting down and abandoning module SourceControl (291)
[2018.01.11-03.05.37:451][300]LogModuleManager: Shutting down and abandoning module LightPropagationVolumeEditor (288)
[2018.01.11-03.05.37:451][300]LogModuleManager: Shutting down and abandoning module PaperTiledImporter (286)
[2018.01.11-03.05.37:451][300]LogModuleManager: Shutting down and abandoning module PaperSpriteSheetImporter (284)
[2018.01.11-03.05.37:451][300]LogModuleManager: Shutting down and abandoning module Paper2DEditor (282)
[2018.01.11-03.05.37:452][300]LogModuleManager: Shutting down and abandoning module MeshPaint (281)
[2018.01.11-03.05.37:452][300]LogModuleManager: Shutting down and abandoning module LevelEditor (279)
[2018.01.11-03.05.37:453][300]LogModuleManager: Shutting down and abandoning module PixelInspectorModule (278)
[2018.01.11-03.05.37:453][300]LogModuleManager: Shutting down and abandoning module MainFrame (276)
[2018.01.11-03.05.37:454][300]LogModuleManager: Shutting down and abandoning module HotReload (275)
[2018.01.11-03.05.37:454][300]LogDirectoryWatcher: A directory notification for 'C:/Users/Ashton Summers/Documents/Code/Unreal Engine/Projects/Stealth_Game/Binaries/Win64' was aborted.
[2018.01.11-03.05.37:454][300]LogModuleManager: Shutting down and abandoning module RuntimePhysXCooking (268)
[2018.01.11-03.05.37:454][300]LogModuleManager: Shutting down and abandoning module PhysXVehiclesEditor (266)
[2018.01.11-03.05.37:454][300]LogModuleManager: Shutting down and abandoning module PhysXVehicles (264)
[2018.01.11-03.05.37:454][300]LogModuleManager: Shutting down and abandoning module OculusEditor (262)
[2018.01.11-03.05.37:454][300]LogModuleManager: Shutting down and abandoning module LocationServicesBPLibrary (260)
[2018.01.11-03.05.37:454][300]LogModuleManager: Shutting down and abandoning module ImmediatePhysicsEditor (258)
[2018.01.11-03.05.37:454][300]LogModuleManager: Shutting down and abandoning module ImmediatePhysics (256)
[2018.01.11-03.05.37:455][300]LogModuleManager: Shutting down and abandoning module UdpMessaging (254)
[2018.01.11-03.05.37:555][300]LogModuleManager: Shutting down and abandoning module TcpMessaging (252)
[2018.01.11-03.05.37:656][300]LogModuleManager: Shutting down and abandoning module GameplayTagsEditor (250)
[2018.01.11-03.05.37:656][300]LogModuleManager: Shutting down and abandoning module FacialAnimationEditor (248)
[2018.01.11-03.05.37:656][300]LogModuleManager: Shutting down and abandoning module FacialAnimation (246)
[2018.01.11-03.05.37:656][300]LogModuleManager: Shutting down and abandoning module AssetManagerEditor (244)
[2018.01.11-03.05.37:657][300]LogModuleManager: Shutting down and abandoning module GraphEditor (243)
[2018.01.11-03.05.37:658][300]LogModuleManager: Shutting down and abandoning module ContentBrowser (241)
[2018.01.11-03.05.37:659][300]LogModuleManager: Shutting down and abandoning module LightPropagationVolumeRuntime (238)
[2018.01.11-03.05.37:659][300]LogModuleManager: Shutting down and abandoning module Paper2D (236)
[2018.01.11-03.05.37:659][300]LogModuleManager: Shutting down and abandoning module WindowsMoviePlayer (234)
[2018.01.11-03.05.37:659][300]LogModuleManager: Shutting down and abandoning module WmfMedia (232)
[2018.01.11-03.05.37:661][300]LogModuleManager: Shutting down and abandoning module ImgMedia (230)
[2018.01.11-03.05.37:661][300]LogModuleManager: Shutting down and abandoning module PacketHandler (228)
[2018.01.11-03.05.37:661][300]LogModuleManager: Shutting down and abandoning module ClothingSystemEditor (226)
[2018.01.11-03.05.37:661][300]LogModuleManager: Shutting down and abandoning module ClothingSystemRuntime (224)
[2018.01.11-03.05.37:661][300]LogModuleManager: Shutting down and abandoning module MediaAssets (222)
[2018.01.11-03.05.37:661][300]LogModuleManager: Shutting down and abandoning module Media (221)
[2018.01.11-03.05.37:667][300]LogModuleManager: Shutting down and abandoning module Overlay (218)
[2018.01.11-03.05.37:667][300]LogModuleManager: Shutting down and abandoning module OverlayEditor (217)
[2018.01.11-03.05.37:667][300]LogModuleManager: Shutting down and abandoning module VREditor (214)
[2018.01.11-03.05.37:668][300]LogModuleManager: Shutting down and abandoning module StringTableEditor (212)
[2018.01.11-03.05.37:668][300]LogModuleManager: Shutting down and abandoning module GameplayTasksEditor (210)
[2018.01.11-03.05.37:668][300]LogModuleManager: Shutting down and abandoning module BehaviorTreeEditor (208)
[2018.01.11-03.05.37:670][300]LogModuleManager: Shutting down and abandoning module FunctionalTesting (206)
[2018.01.11-03.05.37:670][300]LogModuleManager: Shutting down and abandoning module CollisionAnalyzer (204)
[2018.01.11-03.05.37:671][300]LogModuleManager: Shutting down and abandoning module WorkspaceMenuStructure (203)
[2018.01.11-03.05.37:671][300]LogModuleManager: Shutting down and abandoning module UMG (200)
[2018.01.11-03.05.37:671][300]LogModuleManager: Shutting down and abandoning module UMGEditor (199)
[2018.01.11-03.05.37:672][300]LogModuleManager: Shutting down and abandoning module Sequencer (198)
[2018.01.11-03.05.37:673][300]LogModuleManager: Shutting down and abandoning module MessageLog (195)
[2018.01.11-03.05.37:673][300]LogModuleManager: Shutting down and abandoning module SlateReflector (190)
[2018.01.11-03.05.37:674][300]LogModuleManager: Shutting down and abandoning module Slate (188)
[2018.01.11-03.05.37:674][300]LogModuleManager: Shutting down and abandoning module EditorStyle (186)
[2018.01.11-03.05.37:676][300]LogModuleManager: Shutting down and abandoning module MRMesh (184)
[2018.01.11-03.05.37:676][300]LogModuleManager: Shutting down and abandoning module SourceCodeAccess (182)
[2018.01.11-03.05.37:676][300]LogModuleManager: Shutting down and abandoning module HeadMountedDisplay (180)
[2018.01.11-03.05.37:676][300]LogModuleManager: Shutting down and abandoning module XAudio2 (178)
[2018.01.11-03.05.37:676][300]LogModuleManager: Shutting down and abandoning module Networking (176)
[2018.01.11-03.05.37:676][300]LogModuleManager: Shutting down and abandoning module Core (172)
[2018.01.11-03.05.37:676][300]LogModuleManager: Shutting down and abandoning module LevelSequence (168)
[2018.01.11-03.05.37:677][300]LogModuleManager: Shutting down and abandoning module DirectoryWatcher (166)
[2018.01.11-03.05.37:677][300]LogModuleManager: Shutting down and abandoning module KismetCompiler (164)
[2018.01.11-03.05.37:677][300]LogModuleManager: Shutting down and abandoning module MeshUtilities (162)
[2018.01.11-03.05.37:678][300]LogModuleManager: Shutting down and abandoning module MeshMergeUtilities (161)
[2018.01.11-03.05.37:678][300]LogModuleManager: Shutting down and abandoning module MeshReductionInterface (160)
[2018.01.11-03.05.37:678][300]LogModuleManager: Shutting down and abandoning module SimplygonSwarm (159)
[2018.01.11-03.05.37:679][300]LogModuleManager: Shutting down and abandoning module SimplygonMeshReduction (157)
[2018.01.11-03.05.37:679][300]LogModuleManager: Shutting down and abandoning module QuadricMeshReduction (155)
[2018.01.11-03.05.37:679][300]LogModuleManager: Shutting down and abandoning module MaterialBaking (151)
[2018.01.11-03.05.37:679][300]LogModuleManager: Shutting down and abandoning module DerivedDataCache (148)
[2018.01.11-03.05.37:775][300]LogDerivedDataCache: Shutdown
[2018.01.11-03.05.37:775][300]LogModuleManager: Shutting down and abandoning module TargetPlatform (146)
[2018.01.11-03.05.37:775][300]LogModuleManager: Shutting down and abandoning module VulkanShaderFormat (145)
[2018.01.11-03.05.37:776][300]LogModuleManager: Shutting down and abandoning module ShaderFormatVectorVM (143)
[2018.01.11-03.05.37:776][300]LogModuleManager: Shutting down and abandoning module ShaderFormatOpenGL (141)
[2018.01.11-03.05.37:776][300]LogModuleManager: Shutting down and abandoning module ShaderFormatD3D (139)
[2018.01.11-03.05.37:776][300]LogModuleManager: Shutting down and abandoning module MetalShaderFormat (137)
[2018.01.11-03.05.37:777][300]LogModuleManager: Shutting down and abandoning module TextureFormatUncompressed (135)
[2018.01.11-03.05.37:777][300]LogModuleManager: Shutting down and abandoning module TextureFormatPVR (133)
[2018.01.11-03.05.37:777][300]LogModuleManager: Shutting down and abandoning module TextureFormatDXT (131)
[2018.01.11-03.05.37:777][300]LogModuleManager: Shutting down and abandoning module TextureFormatIntelISPCTexComp (129)
[2018.01.11-03.05.37:777][300]LogModuleManager: Shutting down and abandoning module TextureFormatASTC (127)
[2018.01.11-03.05.37:777][300]LogModuleManager: Shutting down and abandoning module ImageWrapper (126)
[2018.01.11-03.05.37:777][300]LogModuleManager: Shutting down and abandoning module TextureFormatAndroid (123)
[2018.01.11-03.05.37:777][300]LogModuleManager: Shutting down and abandoning module AudioFormatOpus (121)
[2018.01.11-03.05.37:777][300]LogModuleManager: Shutting down and abandoning module AudioFormatOgg (119)
[2018.01.11-03.05.37:778][300]LogModuleManager: Shutting down and abandoning module AudioFormatADPCM (117)
[2018.01.11-03.05.37:778][300]LogModuleManager: Shutting down and abandoning module LinuxTargetPlatform (115)
[2018.01.11-03.05.37:778][300]LogModuleManager: Shutting down and abandoning module LinuxServerTargetPlatform (113)
[2018.01.11-03.05.37:778][300]LogModuleManager: Shutting down and abandoning module LinuxNoEditorTargetPlatform (111)
[2018.01.11-03.05.37:778][300]LogModuleManager: Shutting down and abandoning module LinuxClientTargetPlatform (109)
[2018.01.11-03.05.37:778][300]LogModuleManager: Shutting down and abandoning module TVOSTargetPlatform (107)
[2018.01.11-03.05.37:778][300]LogModuleManager: Shutting down and abandoning module Messaging (105)
[2018.01.11-03.05.37:778][300]LogModuleManager: Shutting down and abandoning module IOSTargetPlatform (103)
[2018.01.11-03.05.37:778][300]LogModuleManager: Shutting down and abandoning module HTML5TargetPlatform (101)
[2018.01.11-03.05.37:778][300]LogModuleManager: Shutting down and abandoning module AndroidTargetPlatform (99)
[2018.01.11-03.05.37:778][300]LogModuleManager: Shutting down and abandoning module Android_PVRTCTargetPlatform (97)
[2018.01.11-03.05.37:778][300]LogModuleManager: Shutting down and abandoning module Android_MultiTargetPlatform (95)
[2018.01.11-03.05.37:778][300]LogModuleManager: Shutting down and abandoning module Android_ETC2TargetPlatform (93)
[2018.01.11-03.05.37:778][300]LogModuleManager: Shutting down and abandoning module Android_ETC1TargetPlatform (91)
[2018.01.11-03.05.37:778][300]LogModuleManager: Shutting down and abandoning module Android_DXTTargetPlatform (89)
[2018.01.11-03.05.37:778][300]LogModuleManager: Shutting down and abandoning module Android_ATCTargetPlatform (87)
[2018.01.11-03.05.37:778][300]LogModuleManager: Shutting down and abandoning module Android_ASTCTargetPlatform (85)
[2018.01.11-03.05.37:778][300]LogModuleManager: Shutting down and abandoning module WindowsTargetPlatform (83)
[2018.01.11-03.05.37:778][300]LogModuleManager: Shutting down and abandoning module WindowsServerTargetPlatform (81)
[2018.01.11-03.05.37:778][300]LogModuleManager: Shutting down and abandoning module WindowsNoEditorTargetPlatform (79)
[2018.01.11-03.05.37:778][300]LogModuleManager: Shutting down and abandoning module WindowsClientTargetPlatform (77)
[2018.01.11-03.05.37:778][300]LogModuleManager: Shutting down and abandoning module MacTargetPlatform (75)
[2018.01.11-03.05.37:778][300]LogModuleManager: Shutting down and abandoning module MacServerTargetPlatform (73)
[2018.01.11-03.05.37:778][300]LogModuleManager: Shutting down and abandoning module MacNoEditorTargetPlatform (71)
[2018.01.11-03.05.37:778][300]LogModuleManager: Shutting down and abandoning module MacClientTargetPlatform (69)
[2018.01.11-03.05.37:778][300]LogModuleManager: Shutting down and abandoning module AllDesktopTargetPlatform (67)
[2018.01.11-03.05.37:778][300]LogModuleManager: Shutting down and abandoning module InputCore (64)
[2018.01.11-03.05.37:778][300]LogModuleManager: Shutting down and abandoning module Settings (62)
[2018.01.11-03.05.37:778][300]LogModuleManager: Shutting down and abandoning module PhysXCooking (60)
[2018.01.11-03.05.37:778][300]LogModuleManager: Shutting down and abandoning module SteamVR (58)
[2018.01.11-03.05.37:778][300]LogModuleManager: Shutting down and abandoning module OculusHMD (56)
[2018.01.11-03.05.37:778][300]LogModuleManager: Shutting down and abandoning module ExampleDeviceProfileSelector (54)
[2018.01.11-03.05.37:778][300]LogModuleManager: Shutting down and abandoning module AppleARKit (52)
[2018.01.11-03.05.37:778][300]LogModuleManager: Shutting down and abandoning module AugmentedReality (51)
[2018.01.11-03.05.37:778][300]LogModuleManager: Shutting down and abandoning module OnlineBlueprintSupport (48)
[2018.01.11-03.05.37:778][300]LogModuleManager: Shutting down and abandoning module OnlineSubsystem (44)
[2018.01.11-03.05.37:779][300]LogModuleManager: Shutting down and abandoning module XMPP (43)
[2018.01.11-03.05.37:779][300]LogModuleManager: Shutting down and abandoning module HTTP (41)
[2018.01.11-03.05.37:780][300]LogHttp: Display: Http module shutting down, but needs to wait on 1 outstanding Http requests:
[2018.01.11-03.05.37:780][300]LogHttp: Display: 	verb=[POST] url=[https://datarouter.ol.epicgames.com/datarouter/api/v1/public/data?SessionID=%7B76EB8CDF-4119-38CB-2587-E0AF70A81DD2%7D&AppID=UEEditor.Rocket.Release&AppVersion=4.18.1-3754814%2B%2B%2BUE4%2BRelease-4.18&UserID=b5847b2143287ba02716ba976a0729cf%7C75dd16f66ca74172968163ba8c58908e%7Cf8db8cf7-c6c5-41f4-a973-53ba9d64edb3&AppEnvironment=datacollector-binary&UploadType=eteventstream] status=Processing
[2018.01.11-03.05.37:781][300]LogModuleManager: Shutting down and abandoning module SSL (40)
[2018.01.11-03.05.37:782][300]LogModuleManager: Shutting down and abandoning module AnimationModifiers (36)
[2018.01.11-03.05.37:782][300]LogModuleManager: Shutting down and abandoning module PropertyEditor (35)
[2018.01.11-03.05.37:782][300]LogModuleManager: Shutting down and abandoning module AudioEditor (32)
[2018.01.11-03.05.37:783][300]LogModuleManager: Shutting down and abandoning module TextureCompressor (30)
[2018.01.11-03.05.37:784][300]LogModuleManager: Shutting down and abandoning module ShaderCore (28)
[2018.01.11-03.05.37:784][300]LogModuleManager: Shutting down and abandoning module Landscape (26)
[2018.01.11-03.05.37:784][300]LogModuleManager: Shutting down and abandoning module SlateRHIRenderer (24)
[2018.01.11-03.05.37:785][300]LogModuleManager: Shutting down and abandoning module OpenGLDrv (22)
[2018.01.11-03.05.37:785][300]LogModuleManager: Shutting down and abandoning module D3D11RHI (20)
[2018.01.11-03.05.37:785][300]LogModuleManager: Shutting down and abandoning module AnimGraphRuntime (18)
[2018.01.11-03.05.37:785][300]LogModuleManager: Shutting down and abandoning module Renderer (16)
[2018.01.11-03.05.37:785][300]LogModuleManager: Shutting down and abandoning module Engine (14)
[2018.01.11-03.05.37:786][300]LogModuleManager: Shutting down and abandoning module CoreUObject (12)
[2018.01.11-03.05.37:786][300]LogModuleManager: Shutting down and abandoning module NetworkFile (10)
[2018.01.11-03.05.37:786][300]LogModuleManager: Shutting down and abandoning module CookedIterativeFile (8)
[2018.01.11-03.05.37:786][300]LogModuleManager: Shutting down and abandoning module StreamingFile (6)
[2018.01.11-03.05.37:786][300]LogModuleManager: Shutting down and abandoning module SandboxFile (4)
[2018.01.11-03.05.37:786][300]LogModuleManager: Shutting down and abandoning module PakFile (2)
[2018.01.11-03.05.37:789][300]LogExit: Exiting.
[2018.01.11-03.05.37:798][300]Log file closed, 01/10/18 19:05:37
